[2024-04-04T22:39:47.627+0000] {processor.py:161} INFO - Started process (PID=36) to work on /opt/airflow/dags/ingest_csv_to_iceberg2.py
[2024-04-04T22:39:47.628+0000] {processor.py:830} INFO - Processing file /opt/airflow/dags/ingest_csv_to_iceberg2.py for tasks to queue
[2024-04-04T22:39:47.630+0000] {logging_mixin.py:188} INFO - [2024-04-04T22:39:47.630+0000] {dagbag.py:538} INFO - Filling up the DagBag from /opt/airflow/dags/ingest_csv_to_iceberg2.py
[2024-04-04T22:39:48.583+0000] {logging_mixin.py:188} INFO - [2024-04-04T22:39:48.583+0000] {ingest_csv_to_iceberg2.py:237} INFO - DAG parsing...
[2024-04-04T22:39:48.590+0000] {logging_mixin.py:188} INFO - [2024-04-04T22:39:48.584+0000] {dagbag.py:348} ERROR - Failed to import: /opt/airflow/dags/ingest_csv_to_iceberg2.py
Traceback (most recent call last):
  File "/home/airflow/.local/lib/python3.10/site-packages/airflow/models/dagbag.py", line 344, in parse
    loader.exec_module(new_module)
  File "<frozen importlib._bootstrap_external>", line 883, in exec_module
  File "<frozen importlib._bootstrap>", line 241, in _call_with_frames_removed
  File "/opt/airflow/dags/ingest_csv_to_iceberg2.py", line 254, in <module>
    consume_events = RabbitMQPythonOperator(
NameError: name 'RabbitMQPythonOperator' is not defined
[2024-04-04T22:39:48.592+0000] {processor.py:842} WARNING - No viable dags retrieved from /opt/airflow/dags/ingest_csv_to_iceberg2.py
[2024-04-04T22:39:48.629+0000] {processor.py:183} INFO - Processing /opt/airflow/dags/ingest_csv_to_iceberg2.py took 1.006 seconds
[2024-04-04T22:40:19.225+0000] {processor.py:161} INFO - Started process (PID=62) to work on /opt/airflow/dags/ingest_csv_to_iceberg2.py
[2024-04-04T22:40:19.227+0000] {processor.py:830} INFO - Processing file /opt/airflow/dags/ingest_csv_to_iceberg2.py for tasks to queue
[2024-04-04T22:40:19.229+0000] {logging_mixin.py:188} INFO - [2024-04-04T22:40:19.229+0000] {dagbag.py:538} INFO - Filling up the DagBag from /opt/airflow/dags/ingest_csv_to_iceberg2.py
[2024-04-04T22:40:19.527+0000] {logging_mixin.py:188} INFO - [2024-04-04T22:40:19.527+0000] {ingest_csv_to_iceberg2.py:237} INFO - DAG parsing...
[2024-04-04T22:40:19.532+0000] {logging_mixin.py:188} INFO - [2024-04-04T22:40:19.528+0000] {dagbag.py:348} ERROR - Failed to import: /opt/airflow/dags/ingest_csv_to_iceberg2.py
Traceback (most recent call last):
  File "/home/airflow/.local/lib/python3.10/site-packages/airflow/models/dagbag.py", line 344, in parse
    loader.exec_module(new_module)
  File "<frozen importlib._bootstrap_external>", line 883, in exec_module
  File "<frozen importlib._bootstrap>", line 241, in _call_with_frames_removed
  File "/opt/airflow/dags/ingest_csv_to_iceberg2.py", line 254, in <module>
    consume_events = RabbitMQPythonOperator(
NameError: name 'RabbitMQPythonOperator' is not defined
[2024-04-04T22:40:19.534+0000] {processor.py:842} WARNING - No viable dags retrieved from /opt/airflow/dags/ingest_csv_to_iceberg2.py
[2024-04-04T22:40:19.554+0000] {processor.py:183} INFO - Processing /opt/airflow/dags/ingest_csv_to_iceberg2.py took 0.331 seconds
[2024-04-04T22:40:49.956+0000] {processor.py:161} INFO - Started process (PID=88) to work on /opt/airflow/dags/ingest_csv_to_iceberg2.py
[2024-04-04T22:40:49.965+0000] {processor.py:830} INFO - Processing file /opt/airflow/dags/ingest_csv_to_iceberg2.py for tasks to queue
[2024-04-04T22:40:49.971+0000] {logging_mixin.py:188} INFO - [2024-04-04T22:40:49.970+0000] {dagbag.py:538} INFO - Filling up the DagBag from /opt/airflow/dags/ingest_csv_to_iceberg2.py
[2024-04-04T22:40:50.444+0000] {logging_mixin.py:188} INFO - [2024-04-04T22:40:50.444+0000] {ingest_csv_to_iceberg2.py:237} INFO - DAG parsing...
[2024-04-04T22:40:50.449+0000] {logging_mixin.py:188} INFO - [2024-04-04T22:40:50.445+0000] {dagbag.py:348} ERROR - Failed to import: /opt/airflow/dags/ingest_csv_to_iceberg2.py
Traceback (most recent call last):
  File "/home/airflow/.local/lib/python3.10/site-packages/airflow/models/dagbag.py", line 344, in parse
    loader.exec_module(new_module)
  File "<frozen importlib._bootstrap_external>", line 883, in exec_module
  File "<frozen importlib._bootstrap>", line 241, in _call_with_frames_removed
  File "/opt/airflow/dags/ingest_csv_to_iceberg2.py", line 254, in <module>
    consume_events = RabbitMQPythonOperator(
NameError: name 'RabbitMQPythonOperator' is not defined
[2024-04-04T22:40:50.452+0000] {processor.py:842} WARNING - No viable dags retrieved from /opt/airflow/dags/ingest_csv_to_iceberg2.py
[2024-04-04T22:40:50.483+0000] {processor.py:183} INFO - Processing /opt/airflow/dags/ingest_csv_to_iceberg2.py took 0.536 seconds
[2024-04-04T22:41:21.204+0000] {processor.py:161} INFO - Started process (PID=114) to work on /opt/airflow/dags/ingest_csv_to_iceberg2.py
[2024-04-04T22:41:21.211+0000] {processor.py:830} INFO - Processing file /opt/airflow/dags/ingest_csv_to_iceberg2.py for tasks to queue
[2024-04-04T22:41:21.216+0000] {logging_mixin.py:188} INFO - [2024-04-04T22:41:21.215+0000] {dagbag.py:538} INFO - Filling up the DagBag from /opt/airflow/dags/ingest_csv_to_iceberg2.py
[2024-04-04T22:41:21.566+0000] {logging_mixin.py:188} INFO - [2024-04-04T22:41:21.566+0000] {ingest_csv_to_iceberg2.py:237} INFO - DAG parsing...
[2024-04-04T22:41:21.574+0000] {logging_mixin.py:188} INFO - [2024-04-04T22:41:21.567+0000] {dagbag.py:348} ERROR - Failed to import: /opt/airflow/dags/ingest_csv_to_iceberg2.py
Traceback (most recent call last):
  File "/home/airflow/.local/lib/python3.10/site-packages/airflow/models/dagbag.py", line 344, in parse
    loader.exec_module(new_module)
  File "<frozen importlib._bootstrap_external>", line 883, in exec_module
  File "<frozen importlib._bootstrap>", line 241, in _call_with_frames_removed
  File "/opt/airflow/dags/ingest_csv_to_iceberg2.py", line 254, in <module>
    consume_events = RabbitMQPythonOperator(
NameError: name 'RabbitMQPythonOperator' is not defined
[2024-04-04T22:41:21.577+0000] {processor.py:842} WARNING - No viable dags retrieved from /opt/airflow/dags/ingest_csv_to_iceberg2.py
[2024-04-04T22:41:21.604+0000] {processor.py:183} INFO - Processing /opt/airflow/dags/ingest_csv_to_iceberg2.py took 0.405 seconds
[2024-04-04T22:41:32.427+0000] {processor.py:161} INFO - Started process (PID=140) to work on /opt/airflow/dags/ingest_csv_to_iceberg2.py
[2024-04-04T22:41:32.428+0000] {processor.py:830} INFO - Processing file /opt/airflow/dags/ingest_csv_to_iceberg2.py for tasks to queue
[2024-04-04T22:41:32.430+0000] {logging_mixin.py:188} INFO - [2024-04-04T22:41:32.430+0000] {dagbag.py:538} INFO - Filling up the DagBag from /opt/airflow/dags/ingest_csv_to_iceberg2.py
[2024-04-04T22:41:32.799+0000] {logging_mixin.py:188} INFO - [2024-04-04T22:41:32.799+0000] {ingest_csv_to_iceberg2.py:238} INFO - DAG parsing...
[2024-04-04T22:41:32.803+0000] {processor.py:840} INFO - DAG(s) 'ingest_csv_to_iceberg2' retrieved from /opt/airflow/dags/ingest_csv_to_iceberg2.py
[2024-04-04T22:41:32.908+0000] {logging_mixin.py:188} INFO - [2024-04-04T22:41:32.908+0000] {override.py:1769} INFO - Created Permission View: can read on DAG:ingest_csv_to_iceberg2
[2024-04-04T22:41:32.918+0000] {logging_mixin.py:188} INFO - [2024-04-04T22:41:32.917+0000] {override.py:1769} INFO - Created Permission View: can edit on DAG:ingest_csv_to_iceberg2
[2024-04-04T22:41:32.925+0000] {logging_mixin.py:188} INFO - [2024-04-04T22:41:32.925+0000] {override.py:1769} INFO - Created Permission View: can delete on DAG:ingest_csv_to_iceberg2
[2024-04-04T22:41:32.926+0000] {logging_mixin.py:188} INFO - [2024-04-04T22:41:32.926+0000] {dag.py:3036} INFO - Sync 1 DAGs
[2024-04-04T22:41:32.935+0000] {logging_mixin.py:188} INFO - [2024-04-04T22:41:32.935+0000] {dag.py:3058} INFO - Creating ORM DAG for ingest_csv_to_iceberg2
[2024-04-04T22:41:32.936+0000] {logging_mixin.py:188} INFO - [2024-04-04T22:41:32.936+0000] {dag.py:3823} INFO - Setting next_dagrun for ingest_csv_to_iceberg2 to None, run_after=None
[2024-04-04T22:41:33.121+0000] {processor.py:183} INFO - Processing /opt/airflow/dags/ingest_csv_to_iceberg2.py took 0.697 seconds
[2024-04-04T22:42:03.683+0000] {processor.py:161} INFO - Started process (PID=166) to work on /opt/airflow/dags/ingest_csv_to_iceberg2.py
[2024-04-04T22:42:03.684+0000] {processor.py:830} INFO - Processing file /opt/airflow/dags/ingest_csv_to_iceberg2.py for tasks to queue
[2024-04-04T22:42:03.686+0000] {logging_mixin.py:188} INFO - [2024-04-04T22:42:03.686+0000] {dagbag.py:538} INFO - Filling up the DagBag from /opt/airflow/dags/ingest_csv_to_iceberg2.py
[2024-04-04T22:42:04.018+0000] {logging_mixin.py:188} INFO - [2024-04-04T22:42:04.018+0000] {ingest_csv_to_iceberg2.py:238} INFO - DAG parsing...
[2024-04-04T22:42:04.022+0000] {processor.py:840} INFO - DAG(s) 'ingest_csv_to_iceberg2' retrieved from /opt/airflow/dags/ingest_csv_to_iceberg2.py
[2024-04-04T22:42:04.037+0000] {logging_mixin.py:188} INFO - [2024-04-04T22:42:04.037+0000] {dag.py:3036} INFO - Sync 1 DAGs
[2024-04-04T22:42:04.052+0000] {logging_mixin.py:188} INFO - [2024-04-04T22:42:04.051+0000] {dag.py:3823} INFO - Setting next_dagrun for ingest_csv_to_iceberg2 to None, run_after=None
[2024-04-04T22:42:04.072+0000] {processor.py:183} INFO - Processing /opt/airflow/dags/ingest_csv_to_iceberg2.py took 0.391 seconds
[2024-04-04T22:42:34.481+0000] {processor.py:161} INFO - Started process (PID=192) to work on /opt/airflow/dags/ingest_csv_to_iceberg2.py
[2024-04-04T22:42:34.482+0000] {processor.py:830} INFO - Processing file /opt/airflow/dags/ingest_csv_to_iceberg2.py for tasks to queue
[2024-04-04T22:42:34.485+0000] {logging_mixin.py:188} INFO - [2024-04-04T22:42:34.484+0000] {dagbag.py:538} INFO - Filling up the DagBag from /opt/airflow/dags/ingest_csv_to_iceberg2.py
[2024-04-04T22:42:34.836+0000] {logging_mixin.py:188} INFO - [2024-04-04T22:42:34.836+0000] {ingest_csv_to_iceberg2.py:238} INFO - DAG parsing...
[2024-04-04T22:42:34.841+0000] {processor.py:840} INFO - DAG(s) 'ingest_csv_to_iceberg2' retrieved from /opt/airflow/dags/ingest_csv_to_iceberg2.py
[2024-04-04T22:42:34.859+0000] {logging_mixin.py:188} INFO - [2024-04-04T22:42:34.859+0000] {dag.py:3036} INFO - Sync 1 DAGs
[2024-04-04T22:42:34.871+0000] {logging_mixin.py:188} INFO - [2024-04-04T22:42:34.871+0000] {dag.py:3823} INFO - Setting next_dagrun for ingest_csv_to_iceberg2 to None, run_after=None
[2024-04-04T22:42:34.903+0000] {processor.py:183} INFO - Processing /opt/airflow/dags/ingest_csv_to_iceberg2.py took 0.425 seconds
[2024-04-04T22:43:05.552+0000] {processor.py:161} INFO - Started process (PID=218) to work on /opt/airflow/dags/ingest_csv_to_iceberg2.py
[2024-04-04T22:43:05.554+0000] {processor.py:830} INFO - Processing file /opt/airflow/dags/ingest_csv_to_iceberg2.py for tasks to queue
[2024-04-04T22:43:05.557+0000] {logging_mixin.py:188} INFO - [2024-04-04T22:43:05.556+0000] {dagbag.py:538} INFO - Filling up the DagBag from /opt/airflow/dags/ingest_csv_to_iceberg2.py
[2024-04-04T22:43:06.194+0000] {logging_mixin.py:188} INFO - [2024-04-04T22:43:06.193+0000] {ingest_csv_to_iceberg2.py:238} INFO - DAG parsing...
[2024-04-04T22:43:06.204+0000] {processor.py:840} INFO - DAG(s) 'ingest_csv_to_iceberg2' retrieved from /opt/airflow/dags/ingest_csv_to_iceberg2.py
[2024-04-04T22:43:06.245+0000] {logging_mixin.py:188} INFO - [2024-04-04T22:43:06.244+0000] {dag.py:3036} INFO - Sync 1 DAGs
[2024-04-04T22:43:06.267+0000] {logging_mixin.py:188} INFO - [2024-04-04T22:43:06.267+0000] {dag.py:3823} INFO - Setting next_dagrun for ingest_csv_to_iceberg2 to None, run_after=None
[2024-04-04T22:43:06.307+0000] {processor.py:183} INFO - Processing /opt/airflow/dags/ingest_csv_to_iceberg2.py took 0.759 seconds
[2024-04-04T22:43:37.275+0000] {processor.py:161} INFO - Started process (PID=244) to work on /opt/airflow/dags/ingest_csv_to_iceberg2.py
[2024-04-04T22:43:37.278+0000] {processor.py:830} INFO - Processing file /opt/airflow/dags/ingest_csv_to_iceberg2.py for tasks to queue
[2024-04-04T22:43:37.281+0000] {logging_mixin.py:188} INFO - [2024-04-04T22:43:37.280+0000] {dagbag.py:538} INFO - Filling up the DagBag from /opt/airflow/dags/ingest_csv_to_iceberg2.py
[2024-04-04T22:43:38.071+0000] {logging_mixin.py:188} INFO - [2024-04-04T22:43:38.071+0000] {ingest_csv_to_iceberg2.py:238} INFO - DAG parsing...
[2024-04-04T22:43:38.076+0000] {processor.py:840} INFO - DAG(s) 'ingest_csv_to_iceberg2' retrieved from /opt/airflow/dags/ingest_csv_to_iceberg2.py
[2024-04-04T22:43:38.089+0000] {logging_mixin.py:188} INFO - [2024-04-04T22:43:38.088+0000] {dag.py:3036} INFO - Sync 1 DAGs
[2024-04-04T22:43:38.101+0000] {logging_mixin.py:188} INFO - [2024-04-04T22:43:38.100+0000] {dag.py:3823} INFO - Setting next_dagrun for ingest_csv_to_iceberg2 to None, run_after=None
[2024-04-04T22:43:38.122+0000] {processor.py:183} INFO - Processing /opt/airflow/dags/ingest_csv_to_iceberg2.py took 0.851 seconds
[2024-04-04T22:44:08.476+0000] {processor.py:161} INFO - Started process (PID=270) to work on /opt/airflow/dags/ingest_csv_to_iceberg2.py
[2024-04-04T22:44:08.478+0000] {processor.py:830} INFO - Processing file /opt/airflow/dags/ingest_csv_to_iceberg2.py for tasks to queue
[2024-04-04T22:44:08.483+0000] {logging_mixin.py:188} INFO - [2024-04-04T22:44:08.482+0000] {dagbag.py:538} INFO - Filling up the DagBag from /opt/airflow/dags/ingest_csv_to_iceberg2.py
[2024-04-04T22:44:09.055+0000] {logging_mixin.py:188} INFO - [2024-04-04T22:44:09.055+0000] {ingest_csv_to_iceberg2.py:238} INFO - DAG parsing...
[2024-04-04T22:44:09.062+0000] {processor.py:840} INFO - DAG(s) 'ingest_csv_to_iceberg2' retrieved from /opt/airflow/dags/ingest_csv_to_iceberg2.py
[2024-04-04T22:44:09.174+0000] {logging_mixin.py:188} INFO - [2024-04-04T22:44:09.173+0000] {dag.py:3036} INFO - Sync 1 DAGs
[2024-04-04T22:44:09.188+0000] {logging_mixin.py:188} INFO - [2024-04-04T22:44:09.188+0000] {dag.py:3823} INFO - Setting next_dagrun for ingest_csv_to_iceberg2 to None, run_after=None
[2024-04-04T22:44:09.221+0000] {processor.py:183} INFO - Processing /opt/airflow/dags/ingest_csv_to_iceberg2.py took 0.749 seconds
[2024-04-04T22:44:39.450+0000] {processor.py:161} INFO - Started process (PID=296) to work on /opt/airflow/dags/ingest_csv_to_iceberg2.py
[2024-04-04T22:44:39.452+0000] {processor.py:830} INFO - Processing file /opt/airflow/dags/ingest_csv_to_iceberg2.py for tasks to queue
[2024-04-04T22:44:39.455+0000] {logging_mixin.py:188} INFO - [2024-04-04T22:44:39.455+0000] {dagbag.py:538} INFO - Filling up the DagBag from /opt/airflow/dags/ingest_csv_to_iceberg2.py
[2024-04-04T22:44:39.845+0000] {logging_mixin.py:188} INFO - [2024-04-04T22:44:39.845+0000] {ingest_csv_to_iceberg2.py:238} INFO - DAG parsing...
[2024-04-04T22:44:39.850+0000] {processor.py:840} INFO - DAG(s) 'ingest_csv_to_iceberg2' retrieved from /opt/airflow/dags/ingest_csv_to_iceberg2.py
[2024-04-04T22:44:39.878+0000] {logging_mixin.py:188} INFO - [2024-04-04T22:44:39.878+0000] {dag.py:3036} INFO - Sync 1 DAGs
[2024-04-04T22:44:39.895+0000] {logging_mixin.py:188} INFO - [2024-04-04T22:44:39.894+0000] {dag.py:3823} INFO - Setting next_dagrun for ingest_csv_to_iceberg2 to None, run_after=None
[2024-04-04T22:44:39.926+0000] {processor.py:183} INFO - Processing /opt/airflow/dags/ingest_csv_to_iceberg2.py took 0.480 seconds
[2024-04-04T22:45:10.158+0000] {processor.py:161} INFO - Started process (PID=322) to work on /opt/airflow/dags/ingest_csv_to_iceberg2.py
[2024-04-04T22:45:10.159+0000] {processor.py:830} INFO - Processing file /opt/airflow/dags/ingest_csv_to_iceberg2.py for tasks to queue
[2024-04-04T22:45:10.162+0000] {logging_mixin.py:188} INFO - [2024-04-04T22:45:10.161+0000] {dagbag.py:538} INFO - Filling up the DagBag from /opt/airflow/dags/ingest_csv_to_iceberg2.py
[2024-04-04T22:45:10.544+0000] {logging_mixin.py:188} INFO - [2024-04-04T22:45:10.543+0000] {ingest_csv_to_iceberg2.py:238} INFO - DAG parsing...
[2024-04-04T22:45:10.550+0000] {processor.py:840} INFO - DAG(s) 'ingest_csv_to_iceberg2' retrieved from /opt/airflow/dags/ingest_csv_to_iceberg2.py
[2024-04-04T22:45:10.572+0000] {logging_mixin.py:188} INFO - [2024-04-04T22:45:10.572+0000] {dag.py:3036} INFO - Sync 1 DAGs
[2024-04-04T22:45:10.586+0000] {logging_mixin.py:188} INFO - [2024-04-04T22:45:10.586+0000] {dag.py:3823} INFO - Setting next_dagrun for ingest_csv_to_iceberg2 to None, run_after=None
[2024-04-04T22:45:10.618+0000] {processor.py:183} INFO - Processing /opt/airflow/dags/ingest_csv_to_iceberg2.py took 0.463 seconds
[2024-04-04T22:45:41.229+0000] {processor.py:161} INFO - Started process (PID=348) to work on /opt/airflow/dags/ingest_csv_to_iceberg2.py
[2024-04-04T22:45:41.231+0000] {processor.py:830} INFO - Processing file /opt/airflow/dags/ingest_csv_to_iceberg2.py for tasks to queue
[2024-04-04T22:45:41.234+0000] {logging_mixin.py:188} INFO - [2024-04-04T22:45:41.234+0000] {dagbag.py:538} INFO - Filling up the DagBag from /opt/airflow/dags/ingest_csv_to_iceberg2.py
[2024-04-04T22:45:42.016+0000] {logging_mixin.py:188} INFO - [2024-04-04T22:45:42.016+0000] {ingest_csv_to_iceberg2.py:238} INFO - DAG parsing...
[2024-04-04T22:45:42.021+0000] {processor.py:840} INFO - DAG(s) 'ingest_csv_to_iceberg2' retrieved from /opt/airflow/dags/ingest_csv_to_iceberg2.py
[2024-04-04T22:45:42.054+0000] {logging_mixin.py:188} INFO - [2024-04-04T22:45:42.053+0000] {dag.py:3036} INFO - Sync 1 DAGs
[2024-04-04T22:45:42.078+0000] {logging_mixin.py:188} INFO - [2024-04-04T22:45:42.078+0000] {dag.py:3823} INFO - Setting next_dagrun for ingest_csv_to_iceberg2 to None, run_after=None
[2024-04-04T22:45:42.148+0000] {processor.py:183} INFO - Processing /opt/airflow/dags/ingest_csv_to_iceberg2.py took 0.924 seconds
[2024-04-04T22:46:12.371+0000] {processor.py:161} INFO - Started process (PID=374) to work on /opt/airflow/dags/ingest_csv_to_iceberg2.py
[2024-04-04T22:46:12.373+0000] {processor.py:830} INFO - Processing file /opt/airflow/dags/ingest_csv_to_iceberg2.py for tasks to queue
[2024-04-04T22:46:12.375+0000] {logging_mixin.py:188} INFO - [2024-04-04T22:46:12.375+0000] {dagbag.py:538} INFO - Filling up the DagBag from /opt/airflow/dags/ingest_csv_to_iceberg2.py
[2024-04-04T22:46:12.756+0000] {logging_mixin.py:188} INFO - [2024-04-04T22:46:12.756+0000] {ingest_csv_to_iceberg2.py:238} INFO - DAG parsing...
[2024-04-04T22:46:12.768+0000] {processor.py:840} INFO - DAG(s) 'ingest_csv_to_iceberg2' retrieved from /opt/airflow/dags/ingest_csv_to_iceberg2.py
[2024-04-04T22:46:12.802+0000] {logging_mixin.py:188} INFO - [2024-04-04T22:46:12.802+0000] {dag.py:3036} INFO - Sync 1 DAGs
[2024-04-04T22:46:12.824+0000] {logging_mixin.py:188} INFO - [2024-04-04T22:46:12.824+0000] {dag.py:3823} INFO - Setting next_dagrun for ingest_csv_to_iceberg2 to None, run_after=None
[2024-04-04T22:46:12.864+0000] {processor.py:183} INFO - Processing /opt/airflow/dags/ingest_csv_to_iceberg2.py took 0.497 seconds
[2024-04-04T22:46:43.287+0000] {processor.py:161} INFO - Started process (PID=400) to work on /opt/airflow/dags/ingest_csv_to_iceberg2.py
[2024-04-04T22:46:43.288+0000] {processor.py:830} INFO - Processing file /opt/airflow/dags/ingest_csv_to_iceberg2.py for tasks to queue
[2024-04-04T22:46:43.291+0000] {logging_mixin.py:188} INFO - [2024-04-04T22:46:43.290+0000] {dagbag.py:538} INFO - Filling up the DagBag from /opt/airflow/dags/ingest_csv_to_iceberg2.py
[2024-04-04T22:46:43.699+0000] {logging_mixin.py:188} INFO - [2024-04-04T22:46:43.698+0000] {ingest_csv_to_iceberg2.py:238} INFO - DAG parsing...
[2024-04-04T22:46:43.705+0000] {processor.py:840} INFO - DAG(s) 'ingest_csv_to_iceberg2' retrieved from /opt/airflow/dags/ingest_csv_to_iceberg2.py
[2024-04-04T22:46:43.735+0000] {logging_mixin.py:188} INFO - [2024-04-04T22:46:43.734+0000] {dag.py:3036} INFO - Sync 1 DAGs
[2024-04-04T22:46:43.753+0000] {logging_mixin.py:188} INFO - [2024-04-04T22:46:43.753+0000] {dag.py:3823} INFO - Setting next_dagrun for ingest_csv_to_iceberg2 to None, run_after=None
[2024-04-04T22:46:43.790+0000] {processor.py:183} INFO - Processing /opt/airflow/dags/ingest_csv_to_iceberg2.py took 0.507 seconds
[2024-04-04T22:47:14.043+0000] {processor.py:161} INFO - Started process (PID=426) to work on /opt/airflow/dags/ingest_csv_to_iceberg2.py
[2024-04-04T22:47:14.045+0000] {processor.py:830} INFO - Processing file /opt/airflow/dags/ingest_csv_to_iceberg2.py for tasks to queue
[2024-04-04T22:47:14.049+0000] {logging_mixin.py:188} INFO - [2024-04-04T22:47:14.048+0000] {dagbag.py:538} INFO - Filling up the DagBag from /opt/airflow/dags/ingest_csv_to_iceberg2.py
[2024-04-04T22:47:14.514+0000] {logging_mixin.py:188} INFO - [2024-04-04T22:47:14.514+0000] {ingest_csv_to_iceberg2.py:238} INFO - DAG parsing...
[2024-04-04T22:47:14.519+0000] {processor.py:840} INFO - DAG(s) 'ingest_csv_to_iceberg2' retrieved from /opt/airflow/dags/ingest_csv_to_iceberg2.py
[2024-04-04T22:47:14.540+0000] {logging_mixin.py:188} INFO - [2024-04-04T22:47:14.540+0000] {dag.py:3036} INFO - Sync 1 DAGs
[2024-04-04T22:47:14.558+0000] {logging_mixin.py:188} INFO - [2024-04-04T22:47:14.557+0000] {dag.py:3823} INFO - Setting next_dagrun for ingest_csv_to_iceberg2 to None, run_after=None
[2024-04-04T22:47:14.590+0000] {processor.py:183} INFO - Processing /opt/airflow/dags/ingest_csv_to_iceberg2.py took 0.552 seconds
[2024-04-04T22:47:44.802+0000] {processor.py:161} INFO - Started process (PID=452) to work on /opt/airflow/dags/ingest_csv_to_iceberg2.py
[2024-04-04T22:47:44.807+0000] {processor.py:830} INFO - Processing file /opt/airflow/dags/ingest_csv_to_iceberg2.py for tasks to queue
[2024-04-04T22:47:44.812+0000] {logging_mixin.py:188} INFO - [2024-04-04T22:47:44.811+0000] {dagbag.py:538} INFO - Filling up the DagBag from /opt/airflow/dags/ingest_csv_to_iceberg2.py
[2024-04-04T22:47:45.570+0000] {logging_mixin.py:188} INFO - [2024-04-04T22:47:45.570+0000] {ingest_csv_to_iceberg2.py:238} INFO - DAG parsing...
[2024-04-04T22:47:45.575+0000] {processor.py:840} INFO - DAG(s) 'ingest_csv_to_iceberg2' retrieved from /opt/airflow/dags/ingest_csv_to_iceberg2.py
[2024-04-04T22:47:45.603+0000] {logging_mixin.py:188} INFO - [2024-04-04T22:47:45.602+0000] {dag.py:3036} INFO - Sync 1 DAGs
[2024-04-04T22:47:45.614+0000] {logging_mixin.py:188} INFO - [2024-04-04T22:47:45.613+0000] {dag.py:3823} INFO - Setting next_dagrun for ingest_csv_to_iceberg2 to None, run_after=None
[2024-04-04T22:47:45.640+0000] {processor.py:183} INFO - Processing /opt/airflow/dags/ingest_csv_to_iceberg2.py took 0.844 seconds
[2024-04-04T22:48:15.974+0000] {processor.py:161} INFO - Started process (PID=478) to work on /opt/airflow/dags/ingest_csv_to_iceberg2.py
[2024-04-04T22:48:15.975+0000] {processor.py:830} INFO - Processing file /opt/airflow/dags/ingest_csv_to_iceberg2.py for tasks to queue
[2024-04-04T22:48:15.978+0000] {logging_mixin.py:188} INFO - [2024-04-04T22:48:15.978+0000] {dagbag.py:538} INFO - Filling up the DagBag from /opt/airflow/dags/ingest_csv_to_iceberg2.py
[2024-04-04T22:48:16.382+0000] {logging_mixin.py:188} INFO - [2024-04-04T22:48:16.381+0000] {ingest_csv_to_iceberg2.py:238} INFO - DAG parsing...
[2024-04-04T22:48:16.387+0000] {processor.py:840} INFO - DAG(s) 'ingest_csv_to_iceberg2' retrieved from /opt/airflow/dags/ingest_csv_to_iceberg2.py
[2024-04-04T22:48:16.410+0000] {logging_mixin.py:188} INFO - [2024-04-04T22:48:16.410+0000] {dag.py:3036} INFO - Sync 1 DAGs
[2024-04-04T22:48:16.424+0000] {logging_mixin.py:188} INFO - [2024-04-04T22:48:16.424+0000] {dag.py:3823} INFO - Setting next_dagrun for ingest_csv_to_iceberg2 to None, run_after=None
[2024-04-04T22:48:16.447+0000] {processor.py:183} INFO - Processing /opt/airflow/dags/ingest_csv_to_iceberg2.py took 0.478 seconds
[2024-04-04T22:48:46.861+0000] {processor.py:161} INFO - Started process (PID=504) to work on /opt/airflow/dags/ingest_csv_to_iceberg2.py
[2024-04-04T22:48:46.862+0000] {processor.py:830} INFO - Processing file /opt/airflow/dags/ingest_csv_to_iceberg2.py for tasks to queue
[2024-04-04T22:48:46.865+0000] {logging_mixin.py:188} INFO - [2024-04-04T22:48:46.864+0000] {dagbag.py:538} INFO - Filling up the DagBag from /opt/airflow/dags/ingest_csv_to_iceberg2.py
[2024-04-04T22:48:47.276+0000] {logging_mixin.py:188} INFO - [2024-04-04T22:48:47.276+0000] {ingest_csv_to_iceberg2.py:238} INFO - DAG parsing...
[2024-04-04T22:48:47.282+0000] {processor.py:840} INFO - DAG(s) 'ingest_csv_to_iceberg2' retrieved from /opt/airflow/dags/ingest_csv_to_iceberg2.py
[2024-04-04T22:48:47.322+0000] {logging_mixin.py:188} INFO - [2024-04-04T22:48:47.321+0000] {dag.py:3036} INFO - Sync 1 DAGs
[2024-04-04T22:48:47.380+0000] {logging_mixin.py:188} INFO - [2024-04-04T22:48:47.380+0000] {dag.py:3823} INFO - Setting next_dagrun for ingest_csv_to_iceberg2 to None, run_after=None
[2024-04-04T22:48:47.409+0000] {processor.py:183} INFO - Processing /opt/airflow/dags/ingest_csv_to_iceberg2.py took 0.552 seconds
[2024-04-04T22:49:17.542+0000] {processor.py:161} INFO - Started process (PID=530) to work on /opt/airflow/dags/ingest_csv_to_iceberg2.py
[2024-04-04T22:49:17.543+0000] {processor.py:830} INFO - Processing file /opt/airflow/dags/ingest_csv_to_iceberg2.py for tasks to queue
[2024-04-04T22:49:17.550+0000] {logging_mixin.py:188} INFO - [2024-04-04T22:49:17.549+0000] {dagbag.py:538} INFO - Filling up the DagBag from /opt/airflow/dags/ingest_csv_to_iceberg2.py
[2024-04-04T22:49:18.005+0000] {logging_mixin.py:188} INFO - [2024-04-04T22:49:18.005+0000] {ingest_csv_to_iceberg2.py:238} INFO - DAG parsing...
[2024-04-04T22:49:18.009+0000] {processor.py:840} INFO - DAG(s) 'ingest_csv_to_iceberg2' retrieved from /opt/airflow/dags/ingest_csv_to_iceberg2.py
[2024-04-04T22:49:18.026+0000] {logging_mixin.py:188} INFO - [2024-04-04T22:49:18.026+0000] {dag.py:3036} INFO - Sync 1 DAGs
[2024-04-04T22:49:18.037+0000] {logging_mixin.py:188} INFO - [2024-04-04T22:49:18.037+0000] {dag.py:3823} INFO - Setting next_dagrun for ingest_csv_to_iceberg2 to None, run_after=None
[2024-04-04T22:49:18.057+0000] {processor.py:183} INFO - Processing /opt/airflow/dags/ingest_csv_to_iceberg2.py took 0.519 seconds
[2024-04-04T22:49:48.968+0000] {processor.py:161} INFO - Started process (PID=556) to work on /opt/airflow/dags/ingest_csv_to_iceberg2.py
[2024-04-04T22:49:48.970+0000] {processor.py:830} INFO - Processing file /opt/airflow/dags/ingest_csv_to_iceberg2.py for tasks to queue
[2024-04-04T22:49:48.972+0000] {logging_mixin.py:188} INFO - [2024-04-04T22:49:48.972+0000] {dagbag.py:538} INFO - Filling up the DagBag from /opt/airflow/dags/ingest_csv_to_iceberg2.py
[2024-04-04T22:49:49.594+0000] {logging_mixin.py:188} INFO - [2024-04-04T22:49:49.594+0000] {ingest_csv_to_iceberg2.py:238} INFO - DAG parsing...
[2024-04-04T22:49:49.600+0000] {processor.py:840} INFO - DAG(s) 'ingest_csv_to_iceberg2' retrieved from /opt/airflow/dags/ingest_csv_to_iceberg2.py
[2024-04-04T22:49:49.627+0000] {logging_mixin.py:188} INFO - [2024-04-04T22:49:49.626+0000] {dag.py:3036} INFO - Sync 1 DAGs
[2024-04-04T22:49:49.649+0000] {logging_mixin.py:188} INFO - [2024-04-04T22:49:49.648+0000] {dag.py:3823} INFO - Setting next_dagrun for ingest_csv_to_iceberg2 to None, run_after=None
[2024-04-04T22:49:49.684+0000] {processor.py:183} INFO - Processing /opt/airflow/dags/ingest_csv_to_iceberg2.py took 0.719 seconds
[2024-04-04T22:50:20.179+0000] {processor.py:161} INFO - Started process (PID=582) to work on /opt/airflow/dags/ingest_csv_to_iceberg2.py
[2024-04-04T22:50:20.181+0000] {processor.py:830} INFO - Processing file /opt/airflow/dags/ingest_csv_to_iceberg2.py for tasks to queue
[2024-04-04T22:50:20.184+0000] {logging_mixin.py:188} INFO - [2024-04-04T22:50:20.184+0000] {dagbag.py:538} INFO - Filling up the DagBag from /opt/airflow/dags/ingest_csv_to_iceberg2.py
[2024-04-04T22:50:20.519+0000] {logging_mixin.py:188} INFO - [2024-04-04T22:50:20.519+0000] {ingest_csv_to_iceberg2.py:238} INFO - DAG parsing...
[2024-04-04T22:50:20.524+0000] {processor.py:840} INFO - DAG(s) 'ingest_csv_to_iceberg2' retrieved from /opt/airflow/dags/ingest_csv_to_iceberg2.py
[2024-04-04T22:50:20.547+0000] {logging_mixin.py:188} INFO - [2024-04-04T22:50:20.547+0000] {dag.py:3036} INFO - Sync 1 DAGs
[2024-04-04T22:50:20.560+0000] {logging_mixin.py:188} INFO - [2024-04-04T22:50:20.560+0000] {dag.py:3823} INFO - Setting next_dagrun for ingest_csv_to_iceberg2 to None, run_after=None
[2024-04-04T22:50:20.579+0000] {processor.py:183} INFO - Processing /opt/airflow/dags/ingest_csv_to_iceberg2.py took 0.405 seconds
[2024-04-04T22:50:51.038+0000] {processor.py:161} INFO - Started process (PID=608) to work on /opt/airflow/dags/ingest_csv_to_iceberg2.py
[2024-04-04T22:50:51.039+0000] {processor.py:830} INFO - Processing file /opt/airflow/dags/ingest_csv_to_iceberg2.py for tasks to queue
[2024-04-04T22:50:51.041+0000] {logging_mixin.py:188} INFO - [2024-04-04T22:50:51.041+0000] {dagbag.py:538} INFO - Filling up the DagBag from /opt/airflow/dags/ingest_csv_to_iceberg2.py
[2024-04-04T22:50:51.454+0000] {logging_mixin.py:188} INFO - [2024-04-04T22:50:51.454+0000] {ingest_csv_to_iceberg2.py:238} INFO - DAG parsing...
[2024-04-04T22:50:51.459+0000] {processor.py:840} INFO - DAG(s) 'ingest_csv_to_iceberg2' retrieved from /opt/airflow/dags/ingest_csv_to_iceberg2.py
[2024-04-04T22:50:51.481+0000] {logging_mixin.py:188} INFO - [2024-04-04T22:50:51.481+0000] {dag.py:3036} INFO - Sync 1 DAGs
[2024-04-04T22:50:51.496+0000] {logging_mixin.py:188} INFO - [2024-04-04T22:50:51.495+0000] {dag.py:3823} INFO - Setting next_dagrun for ingest_csv_to_iceberg2 to None, run_after=None
[2024-04-04T22:50:51.519+0000] {processor.py:183} INFO - Processing /opt/airflow/dags/ingest_csv_to_iceberg2.py took 0.484 seconds
[2024-04-04T22:51:21.940+0000] {processor.py:161} INFO - Started process (PID=634) to work on /opt/airflow/dags/ingest_csv_to_iceberg2.py
[2024-04-04T22:51:21.941+0000] {processor.py:830} INFO - Processing file /opt/airflow/dags/ingest_csv_to_iceberg2.py for tasks to queue
[2024-04-04T22:51:21.943+0000] {logging_mixin.py:188} INFO - [2024-04-04T22:51:21.943+0000] {dagbag.py:538} INFO - Filling up the DagBag from /opt/airflow/dags/ingest_csv_to_iceberg2.py
[2024-04-04T22:51:22.494+0000] {logging_mixin.py:188} INFO - [2024-04-04T22:51:22.493+0000] {ingest_csv_to_iceberg2.py:238} INFO - DAG parsing...
[2024-04-04T22:51:22.504+0000] {processor.py:840} INFO - DAG(s) 'ingest_csv_to_iceberg2' retrieved from /opt/airflow/dags/ingest_csv_to_iceberg2.py
[2024-04-04T22:51:22.538+0000] {logging_mixin.py:188} INFO - [2024-04-04T22:51:22.538+0000] {dag.py:3036} INFO - Sync 1 DAGs
[2024-04-04T22:51:22.560+0000] {logging_mixin.py:188} INFO - [2024-04-04T22:51:22.560+0000] {dag.py:3823} INFO - Setting next_dagrun for ingest_csv_to_iceberg2 to None, run_after=None
[2024-04-04T22:51:22.841+0000] {processor.py:183} INFO - Processing /opt/airflow/dags/ingest_csv_to_iceberg2.py took 0.906 seconds
[2024-04-04T22:51:53.096+0000] {processor.py:161} INFO - Started process (PID=660) to work on /opt/airflow/dags/ingest_csv_to_iceberg2.py
[2024-04-04T22:51:53.098+0000] {processor.py:830} INFO - Processing file /opt/airflow/dags/ingest_csv_to_iceberg2.py for tasks to queue
[2024-04-04T22:51:53.100+0000] {logging_mixin.py:188} INFO - [2024-04-04T22:51:53.100+0000] {dagbag.py:538} INFO - Filling up the DagBag from /opt/airflow/dags/ingest_csv_to_iceberg2.py
[2024-04-04T22:51:53.657+0000] {logging_mixin.py:188} INFO - [2024-04-04T22:51:53.657+0000] {ingest_csv_to_iceberg2.py:238} INFO - DAG parsing...
[2024-04-04T22:51:53.663+0000] {processor.py:840} INFO - DAG(s) 'ingest_csv_to_iceberg2' retrieved from /opt/airflow/dags/ingest_csv_to_iceberg2.py
[2024-04-04T22:51:53.688+0000] {logging_mixin.py:188} INFO - [2024-04-04T22:51:53.687+0000] {dag.py:3036} INFO - Sync 1 DAGs
[2024-04-04T22:51:53.701+0000] {logging_mixin.py:188} INFO - [2024-04-04T22:51:53.700+0000] {dag.py:3823} INFO - Setting next_dagrun for ingest_csv_to_iceberg2 to None, run_after=None
[2024-04-04T22:51:53.727+0000] {processor.py:183} INFO - Processing /opt/airflow/dags/ingest_csv_to_iceberg2.py took 0.635 seconds
[2024-04-04T22:52:24.160+0000] {processor.py:161} INFO - Started process (PID=686) to work on /opt/airflow/dags/ingest_csv_to_iceberg2.py
[2024-04-04T22:52:24.162+0000] {processor.py:830} INFO - Processing file /opt/airflow/dags/ingest_csv_to_iceberg2.py for tasks to queue
[2024-04-04T22:52:24.164+0000] {logging_mixin.py:188} INFO - [2024-04-04T22:52:24.164+0000] {dagbag.py:538} INFO - Filling up the DagBag from /opt/airflow/dags/ingest_csv_to_iceberg2.py
[2024-04-04T22:52:24.679+0000] {logging_mixin.py:188} INFO - [2024-04-04T22:52:24.679+0000] {ingest_csv_to_iceberg2.py:238} INFO - DAG parsing...
[2024-04-04T22:52:24.686+0000] {processor.py:840} INFO - DAG(s) 'ingest_csv_to_iceberg2' retrieved from /opt/airflow/dags/ingest_csv_to_iceberg2.py
[2024-04-04T22:52:24.720+0000] {logging_mixin.py:188} INFO - [2024-04-04T22:52:24.720+0000] {dag.py:3036} INFO - Sync 1 DAGs
[2024-04-04T22:52:24.741+0000] {logging_mixin.py:188} INFO - [2024-04-04T22:52:24.741+0000] {dag.py:3823} INFO - Setting next_dagrun for ingest_csv_to_iceberg2 to None, run_after=None
[2024-04-04T22:52:25.022+0000] {processor.py:183} INFO - Processing /opt/airflow/dags/ingest_csv_to_iceberg2.py took 0.867 seconds
[2024-04-04T22:52:55.265+0000] {processor.py:161} INFO - Started process (PID=712) to work on /opt/airflow/dags/ingest_csv_to_iceberg2.py
[2024-04-04T22:52:55.268+0000] {processor.py:830} INFO - Processing file /opt/airflow/dags/ingest_csv_to_iceberg2.py for tasks to queue
[2024-04-04T22:52:55.270+0000] {logging_mixin.py:188} INFO - [2024-04-04T22:52:55.270+0000] {dagbag.py:538} INFO - Filling up the DagBag from /opt/airflow/dags/ingest_csv_to_iceberg2.py
[2024-04-04T22:52:55.943+0000] {logging_mixin.py:188} INFO - [2024-04-04T22:52:55.943+0000] {ingest_csv_to_iceberg2.py:238} INFO - DAG parsing...
[2024-04-04T22:52:55.947+0000] {processor.py:840} INFO - DAG(s) 'ingest_csv_to_iceberg2' retrieved from /opt/airflow/dags/ingest_csv_to_iceberg2.py
[2024-04-04T22:52:55.963+0000] {logging_mixin.py:188} INFO - [2024-04-04T22:52:55.963+0000] {dag.py:3036} INFO - Sync 1 DAGs
[2024-04-04T22:52:55.972+0000] {logging_mixin.py:188} INFO - [2024-04-04T22:52:55.972+0000] {dag.py:3823} INFO - Setting next_dagrun for ingest_csv_to_iceberg2 to None, run_after=None
[2024-04-04T22:52:55.992+0000] {processor.py:183} INFO - Processing /opt/airflow/dags/ingest_csv_to_iceberg2.py took 0.733 seconds
[2024-04-04T22:53:26.133+0000] {processor.py:161} INFO - Started process (PID=738) to work on /opt/airflow/dags/ingest_csv_to_iceberg2.py
[2024-04-04T22:53:26.134+0000] {processor.py:830} INFO - Processing file /opt/airflow/dags/ingest_csv_to_iceberg2.py for tasks to queue
[2024-04-04T22:53:26.136+0000] {logging_mixin.py:188} INFO - [2024-04-04T22:53:26.136+0000] {dagbag.py:538} INFO - Filling up the DagBag from /opt/airflow/dags/ingest_csv_to_iceberg2.py
[2024-04-04T22:53:26.516+0000] {logging_mixin.py:188} INFO - [2024-04-04T22:53:26.516+0000] {ingest_csv_to_iceberg2.py:238} INFO - DAG parsing...
[2024-04-04T22:53:26.521+0000] {processor.py:840} INFO - DAG(s) 'ingest_csv_to_iceberg2' retrieved from /opt/airflow/dags/ingest_csv_to_iceberg2.py
[2024-04-04T22:53:26.544+0000] {logging_mixin.py:188} INFO - [2024-04-04T22:53:26.544+0000] {dag.py:3036} INFO - Sync 1 DAGs
[2024-04-04T22:53:26.559+0000] {logging_mixin.py:188} INFO - [2024-04-04T22:53:26.559+0000] {dag.py:3823} INFO - Setting next_dagrun for ingest_csv_to_iceberg2 to None, run_after=None
[2024-04-04T22:53:26.804+0000] {processor.py:183} INFO - Processing /opt/airflow/dags/ingest_csv_to_iceberg2.py took 0.673 seconds
[2024-04-04T22:53:56.985+0000] {processor.py:161} INFO - Started process (PID=764) to work on /opt/airflow/dags/ingest_csv_to_iceberg2.py
[2024-04-04T22:53:56.987+0000] {processor.py:830} INFO - Processing file /opt/airflow/dags/ingest_csv_to_iceberg2.py for tasks to queue
[2024-04-04T22:53:56.990+0000] {logging_mixin.py:188} INFO - [2024-04-04T22:53:56.989+0000] {dagbag.py:538} INFO - Filling up the DagBag from /opt/airflow/dags/ingest_csv_to_iceberg2.py
[2024-04-04T22:53:57.448+0000] {logging_mixin.py:188} INFO - [2024-04-04T22:53:57.447+0000] {ingest_csv_to_iceberg2.py:238} INFO - DAG parsing...
[2024-04-04T22:53:57.454+0000] {processor.py:840} INFO - DAG(s) 'ingest_csv_to_iceberg2' retrieved from /opt/airflow/dags/ingest_csv_to_iceberg2.py
[2024-04-04T22:53:57.483+0000] {logging_mixin.py:188} INFO - [2024-04-04T22:53:57.482+0000] {dag.py:3036} INFO - Sync 1 DAGs
[2024-04-04T22:53:57.502+0000] {logging_mixin.py:188} INFO - [2024-04-04T22:53:57.501+0000] {dag.py:3823} INFO - Setting next_dagrun for ingest_csv_to_iceberg2 to None, run_after=None
[2024-04-04T22:53:57.540+0000] {processor.py:183} INFO - Processing /opt/airflow/dags/ingest_csv_to_iceberg2.py took 0.559 seconds
[2024-04-04T22:54:27.665+0000] {processor.py:161} INFO - Started process (PID=790) to work on /opt/airflow/dags/ingest_csv_to_iceberg2.py
[2024-04-04T22:54:27.666+0000] {processor.py:830} INFO - Processing file /opt/airflow/dags/ingest_csv_to_iceberg2.py for tasks to queue
[2024-04-04T22:54:27.668+0000] {logging_mixin.py:188} INFO - [2024-04-04T22:54:27.668+0000] {dagbag.py:538} INFO - Filling up the DagBag from /opt/airflow/dags/ingest_csv_to_iceberg2.py
[2024-04-04T22:54:28.128+0000] {logging_mixin.py:188} INFO - [2024-04-04T22:54:28.128+0000] {ingest_csv_to_iceberg2.py:238} INFO - DAG parsing...
[2024-04-04T22:54:28.132+0000] {processor.py:840} INFO - DAG(s) 'ingest_csv_to_iceberg2' retrieved from /opt/airflow/dags/ingest_csv_to_iceberg2.py
[2024-04-04T22:54:28.153+0000] {logging_mixin.py:188} INFO - [2024-04-04T22:54:28.153+0000] {dag.py:3036} INFO - Sync 1 DAGs
[2024-04-04T22:54:28.165+0000] {logging_mixin.py:188} INFO - [2024-04-04T22:54:28.165+0000] {dag.py:3823} INFO - Setting next_dagrun for ingest_csv_to_iceberg2 to None, run_after=None
[2024-04-04T22:54:28.347+0000] {processor.py:183} INFO - Processing /opt/airflow/dags/ingest_csv_to_iceberg2.py took 0.685 seconds
[2024-04-04T22:54:58.988+0000] {processor.py:161} INFO - Started process (PID=816) to work on /opt/airflow/dags/ingest_csv_to_iceberg2.py
[2024-04-04T22:54:58.990+0000] {processor.py:830} INFO - Processing file /opt/airflow/dags/ingest_csv_to_iceberg2.py for tasks to queue
[2024-04-04T22:54:58.993+0000] {logging_mixin.py:188} INFO - [2024-04-04T22:54:58.992+0000] {dagbag.py:538} INFO - Filling up the DagBag from /opt/airflow/dags/ingest_csv_to_iceberg2.py
[2024-04-04T22:54:59.547+0000] {logging_mixin.py:188} INFO - [2024-04-04T22:54:59.547+0000] {ingest_csv_to_iceberg2.py:238} INFO - DAG parsing...
[2024-04-04T22:54:59.553+0000] {processor.py:840} INFO - DAG(s) 'ingest_csv_to_iceberg2' retrieved from /opt/airflow/dags/ingest_csv_to_iceberg2.py
[2024-04-04T22:54:59.580+0000] {logging_mixin.py:188} INFO - [2024-04-04T22:54:59.579+0000] {dag.py:3036} INFO - Sync 1 DAGs
[2024-04-04T22:54:59.596+0000] {logging_mixin.py:188} INFO - [2024-04-04T22:54:59.595+0000] {dag.py:3823} INFO - Setting next_dagrun for ingest_csv_to_iceberg2 to None, run_after=None
[2024-04-04T22:54:59.632+0000] {processor.py:183} INFO - Processing /opt/airflow/dags/ingest_csv_to_iceberg2.py took 0.647 seconds
[2024-04-04T22:55:30.523+0000] {processor.py:161} INFO - Started process (PID=842) to work on /opt/airflow/dags/ingest_csv_to_iceberg2.py
[2024-04-04T22:55:30.525+0000] {processor.py:830} INFO - Processing file /opt/airflow/dags/ingest_csv_to_iceberg2.py for tasks to queue
[2024-04-04T22:55:30.527+0000] {logging_mixin.py:188} INFO - [2024-04-04T22:55:30.527+0000] {dagbag.py:538} INFO - Filling up the DagBag from /opt/airflow/dags/ingest_csv_to_iceberg2.py
[2024-04-04T22:55:30.958+0000] {logging_mixin.py:188} INFO - [2024-04-04T22:55:30.957+0000] {ingest_csv_to_iceberg2.py:238} INFO - DAG parsing...
[2024-04-04T22:55:30.963+0000] {processor.py:840} INFO - DAG(s) 'ingest_csv_to_iceberg2' retrieved from /opt/airflow/dags/ingest_csv_to_iceberg2.py
[2024-04-04T22:55:30.991+0000] {logging_mixin.py:188} INFO - [2024-04-04T22:55:30.990+0000] {dag.py:3036} INFO - Sync 1 DAGs
[2024-04-04T22:55:31.009+0000] {logging_mixin.py:188} INFO - [2024-04-04T22:55:31.008+0000] {dag.py:3823} INFO - Setting next_dagrun for ingest_csv_to_iceberg2 to None, run_after=None
[2024-04-04T22:55:31.275+0000] {processor.py:183} INFO - Processing /opt/airflow/dags/ingest_csv_to_iceberg2.py took 0.755 seconds
[2024-04-04T22:56:01.799+0000] {processor.py:161} INFO - Started process (PID=868) to work on /opt/airflow/dags/ingest_csv_to_iceberg2.py
[2024-04-04T22:56:01.801+0000] {processor.py:830} INFO - Processing file /opt/airflow/dags/ingest_csv_to_iceberg2.py for tasks to queue
[2024-04-04T22:56:01.804+0000] {logging_mixin.py:188} INFO - [2024-04-04T22:56:01.804+0000] {dagbag.py:538} INFO - Filling up the DagBag from /opt/airflow/dags/ingest_csv_to_iceberg2.py
[2024-04-04T22:56:02.402+0000] {logging_mixin.py:188} INFO - [2024-04-04T22:56:02.402+0000] {ingest_csv_to_iceberg2.py:238} INFO - DAG parsing...
[2024-04-04T22:56:02.405+0000] {processor.py:840} INFO - DAG(s) 'ingest_csv_to_iceberg2' retrieved from /opt/airflow/dags/ingest_csv_to_iceberg2.py
[2024-04-04T22:56:02.421+0000] {logging_mixin.py:188} INFO - [2024-04-04T22:56:02.420+0000] {dag.py:3036} INFO - Sync 1 DAGs
[2024-04-04T22:56:02.431+0000] {logging_mixin.py:188} INFO - [2024-04-04T22:56:02.431+0000] {dag.py:3823} INFO - Setting next_dagrun for ingest_csv_to_iceberg2 to None, run_after=None
[2024-04-04T22:56:02.450+0000] {processor.py:183} INFO - Processing /opt/airflow/dags/ingest_csv_to_iceberg2.py took 0.655 seconds
[2024-04-04T22:56:33.067+0000] {processor.py:161} INFO - Started process (PID=894) to work on /opt/airflow/dags/ingest_csv_to_iceberg2.py
[2024-04-04T22:56:33.068+0000] {processor.py:830} INFO - Processing file /opt/airflow/dags/ingest_csv_to_iceberg2.py for tasks to queue
[2024-04-04T22:56:33.070+0000] {logging_mixin.py:188} INFO - [2024-04-04T22:56:33.070+0000] {dagbag.py:538} INFO - Filling up the DagBag from /opt/airflow/dags/ingest_csv_to_iceberg2.py
[2024-04-04T22:56:33.438+0000] {logging_mixin.py:188} INFO - [2024-04-04T22:56:33.438+0000] {ingest_csv_to_iceberg2.py:238} INFO - DAG parsing...
[2024-04-04T22:56:33.442+0000] {processor.py:840} INFO - DAG(s) 'ingest_csv_to_iceberg2' retrieved from /opt/airflow/dags/ingest_csv_to_iceberg2.py
[2024-04-04T22:56:33.459+0000] {logging_mixin.py:188} INFO - [2024-04-04T22:56:33.458+0000] {dag.py:3036} INFO - Sync 1 DAGs
[2024-04-04T22:56:33.470+0000] {logging_mixin.py:188} INFO - [2024-04-04T22:56:33.470+0000] {dag.py:3823} INFO - Setting next_dagrun for ingest_csv_to_iceberg2 to None, run_after=None
[2024-04-04T22:56:33.598+0000] {processor.py:183} INFO - Processing /opt/airflow/dags/ingest_csv_to_iceberg2.py took 0.533 seconds
[2024-04-04T22:57:03.826+0000] {processor.py:161} INFO - Started process (PID=920) to work on /opt/airflow/dags/ingest_csv_to_iceberg2.py
[2024-04-04T22:57:03.827+0000] {processor.py:830} INFO - Processing file /opt/airflow/dags/ingest_csv_to_iceberg2.py for tasks to queue
[2024-04-04T22:57:03.830+0000] {logging_mixin.py:188} INFO - [2024-04-04T22:57:03.829+0000] {dagbag.py:538} INFO - Filling up the DagBag from /opt/airflow/dags/ingest_csv_to_iceberg2.py
[2024-04-04T22:57:04.417+0000] {logging_mixin.py:188} INFO - [2024-04-04T22:57:04.416+0000] {ingest_csv_to_iceberg2.py:238} INFO - DAG parsing...
[2024-04-04T22:57:04.685+0000] {processor.py:840} INFO - DAG(s) 'ingest_csv_to_iceberg2' retrieved from /opt/airflow/dags/ingest_csv_to_iceberg2.py
[2024-04-04T22:57:04.714+0000] {logging_mixin.py:188} INFO - [2024-04-04T22:57:04.714+0000] {dag.py:3036} INFO - Sync 1 DAGs
[2024-04-04T22:57:04.728+0000] {logging_mixin.py:188} INFO - [2024-04-04T22:57:04.728+0000] {dag.py:3823} INFO - Setting next_dagrun for ingest_csv_to_iceberg2 to None, run_after=None
[2024-04-04T22:57:04.761+0000] {processor.py:183} INFO - Processing /opt/airflow/dags/ingest_csv_to_iceberg2.py took 0.939 seconds
[2024-04-04T22:57:35.310+0000] {processor.py:161} INFO - Started process (PID=946) to work on /opt/airflow/dags/ingest_csv_to_iceberg2.py
[2024-04-04T22:57:35.312+0000] {processor.py:830} INFO - Processing file /opt/airflow/dags/ingest_csv_to_iceberg2.py for tasks to queue
[2024-04-04T22:57:35.314+0000] {logging_mixin.py:188} INFO - [2024-04-04T22:57:35.313+0000] {dagbag.py:538} INFO - Filling up the DagBag from /opt/airflow/dags/ingest_csv_to_iceberg2.py
[2024-04-04T22:57:35.874+0000] {logging_mixin.py:188} INFO - [2024-04-04T22:57:35.874+0000] {ingest_csv_to_iceberg2.py:238} INFO - DAG parsing...
[2024-04-04T22:57:35.880+0000] {processor.py:840} INFO - DAG(s) 'ingest_csv_to_iceberg2' retrieved from /opt/airflow/dags/ingest_csv_to_iceberg2.py
[2024-04-04T22:57:35.909+0000] {logging_mixin.py:188} INFO - [2024-04-04T22:57:35.908+0000] {dag.py:3036} INFO - Sync 1 DAGs
[2024-04-04T22:57:35.928+0000] {logging_mixin.py:188} INFO - [2024-04-04T22:57:35.927+0000] {dag.py:3823} INFO - Setting next_dagrun for ingest_csv_to_iceberg2 to None, run_after=None
[2024-04-04T22:57:36.169+0000] {processor.py:183} INFO - Processing /opt/airflow/dags/ingest_csv_to_iceberg2.py took 0.863 seconds
[2024-04-04T22:58:06.770+0000] {processor.py:161} INFO - Started process (PID=972) to work on /opt/airflow/dags/ingest_csv_to_iceberg2.py
[2024-04-04T22:58:06.772+0000] {processor.py:830} INFO - Processing file /opt/airflow/dags/ingest_csv_to_iceberg2.py for tasks to queue
[2024-04-04T22:58:06.775+0000] {logging_mixin.py:188} INFO - [2024-04-04T22:58:06.774+0000] {dagbag.py:538} INFO - Filling up the DagBag from /opt/airflow/dags/ingest_csv_to_iceberg2.py
[2024-04-04T22:58:07.193+0000] {logging_mixin.py:188} INFO - [2024-04-04T22:58:07.193+0000] {ingest_csv_to_iceberg2.py:238} INFO - DAG parsing...
[2024-04-04T22:58:07.372+0000] {processor.py:840} INFO - DAG(s) 'ingest_csv_to_iceberg2' retrieved from /opt/airflow/dags/ingest_csv_to_iceberg2.py
[2024-04-04T22:58:07.406+0000] {logging_mixin.py:188} INFO - [2024-04-04T22:58:07.405+0000] {dag.py:3036} INFO - Sync 1 DAGs
[2024-04-04T22:58:07.425+0000] {logging_mixin.py:188} INFO - [2024-04-04T22:58:07.425+0000] {dag.py:3823} INFO - Setting next_dagrun for ingest_csv_to_iceberg2 to None, run_after=None
[2024-04-04T22:58:07.457+0000] {processor.py:183} INFO - Processing /opt/airflow/dags/ingest_csv_to_iceberg2.py took 0.692 seconds
[2024-04-04T22:58:37.772+0000] {processor.py:161} INFO - Started process (PID=998) to work on /opt/airflow/dags/ingest_csv_to_iceberg2.py
[2024-04-04T22:58:37.774+0000] {processor.py:830} INFO - Processing file /opt/airflow/dags/ingest_csv_to_iceberg2.py for tasks to queue
[2024-04-04T22:58:37.776+0000] {logging_mixin.py:188} INFO - [2024-04-04T22:58:37.776+0000] {dagbag.py:538} INFO - Filling up the DagBag from /opt/airflow/dags/ingest_csv_to_iceberg2.py
[2024-04-04T22:58:38.198+0000] {logging_mixin.py:188} INFO - [2024-04-04T22:58:38.198+0000] {ingest_csv_to_iceberg2.py:238} INFO - DAG parsing...
[2024-04-04T22:58:38.205+0000] {processor.py:840} INFO - DAG(s) 'ingest_csv_to_iceberg2' retrieved from /opt/airflow/dags/ingest_csv_to_iceberg2.py
[2024-04-04T22:58:38.231+0000] {logging_mixin.py:188} INFO - [2024-04-04T22:58:38.231+0000] {dag.py:3036} INFO - Sync 1 DAGs
[2024-04-04T22:58:38.260+0000] {logging_mixin.py:188} INFO - [2024-04-04T22:58:38.259+0000] {dag.py:3823} INFO - Setting next_dagrun for ingest_csv_to_iceberg2 to None, run_after=None
[2024-04-04T22:58:38.520+0000] {processor.py:183} INFO - Processing /opt/airflow/dags/ingest_csv_to_iceberg2.py took 0.752 seconds
[2024-04-04T22:59:09.202+0000] {processor.py:161} INFO - Started process (PID=1024) to work on /opt/airflow/dags/ingest_csv_to_iceberg2.py
[2024-04-04T22:59:09.204+0000] {processor.py:830} INFO - Processing file /opt/airflow/dags/ingest_csv_to_iceberg2.py for tasks to queue
[2024-04-04T22:59:09.207+0000] {logging_mixin.py:188} INFO - [2024-04-04T22:59:09.206+0000] {dagbag.py:538} INFO - Filling up the DagBag from /opt/airflow/dags/ingest_csv_to_iceberg2.py
[2024-04-04T22:59:09.785+0000] {logging_mixin.py:188} INFO - [2024-04-04T22:59:09.785+0000] {ingest_csv_to_iceberg2.py:238} INFO - DAG parsing...
[2024-04-04T22:59:10.012+0000] {processor.py:840} INFO - DAG(s) 'ingest_csv_to_iceberg2' retrieved from /opt/airflow/dags/ingest_csv_to_iceberg2.py
[2024-04-04T22:59:10.051+0000] {logging_mixin.py:188} INFO - [2024-04-04T22:59:10.050+0000] {dag.py:3036} INFO - Sync 1 DAGs
[2024-04-04T22:59:10.075+0000] {logging_mixin.py:188} INFO - [2024-04-04T22:59:10.075+0000] {dag.py:3823} INFO - Setting next_dagrun for ingest_csv_to_iceberg2 to None, run_after=None
[2024-04-04T22:59:10.110+0000] {processor.py:183} INFO - Processing /opt/airflow/dags/ingest_csv_to_iceberg2.py took 0.913 seconds
[2024-04-04T22:59:40.457+0000] {processor.py:161} INFO - Started process (PID=1050) to work on /opt/airflow/dags/ingest_csv_to_iceberg2.py
[2024-04-04T22:59:40.459+0000] {processor.py:830} INFO - Processing file /opt/airflow/dags/ingest_csv_to_iceberg2.py for tasks to queue
[2024-04-04T22:59:40.468+0000] {logging_mixin.py:188} INFO - [2024-04-04T22:59:40.467+0000] {dagbag.py:538} INFO - Filling up the DagBag from /opt/airflow/dags/ingest_csv_to_iceberg2.py
[2024-04-04T22:59:41.037+0000] {logging_mixin.py:188} INFO - [2024-04-04T22:59:41.037+0000] {ingest_csv_to_iceberg2.py:238} INFO - DAG parsing...
[2024-04-04T22:59:41.043+0000] {processor.py:840} INFO - DAG(s) 'ingest_csv_to_iceberg2' retrieved from /opt/airflow/dags/ingest_csv_to_iceberg2.py
[2024-04-04T22:59:41.072+0000] {logging_mixin.py:188} INFO - [2024-04-04T22:59:41.071+0000] {dag.py:3036} INFO - Sync 1 DAGs
[2024-04-04T22:59:41.309+0000] {logging_mixin.py:188} INFO - [2024-04-04T22:59:41.308+0000] {dag.py:3823} INFO - Setting next_dagrun for ingest_csv_to_iceberg2 to None, run_after=None
[2024-04-04T22:59:41.359+0000] {processor.py:183} INFO - Processing /opt/airflow/dags/ingest_csv_to_iceberg2.py took 0.905 seconds
[2024-04-04T23:00:11.554+0000] {processor.py:161} INFO - Started process (PID=1076) to work on /opt/airflow/dags/ingest_csv_to_iceberg2.py
[2024-04-04T23:00:11.570+0000] {processor.py:830} INFO - Processing file /opt/airflow/dags/ingest_csv_to_iceberg2.py for tasks to queue
[2024-04-04T23:00:11.578+0000] {logging_mixin.py:188} INFO - [2024-04-04T23:00:11.578+0000] {dagbag.py:538} INFO - Filling up the DagBag from /opt/airflow/dags/ingest_csv_to_iceberg2.py
[2024-04-04T23:00:12.294+0000] {logging_mixin.py:188} INFO - [2024-04-04T23:00:12.294+0000] {ingest_csv_to_iceberg2.py:238} INFO - DAG parsing...
[2024-04-04T23:00:12.297+0000] {processor.py:840} INFO - DAG(s) 'ingest_csv_to_iceberg2' retrieved from /opt/airflow/dags/ingest_csv_to_iceberg2.py
[2024-04-04T23:00:12.317+0000] {logging_mixin.py:188} INFO - [2024-04-04T23:00:12.316+0000] {dag.py:3036} INFO - Sync 1 DAGs
[2024-04-04T23:00:12.331+0000] {logging_mixin.py:188} INFO - [2024-04-04T23:00:12.331+0000] {dag.py:3823} INFO - Setting next_dagrun for ingest_csv_to_iceberg2 to None, run_after=None
[2024-04-04T23:00:12.366+0000] {processor.py:183} INFO - Processing /opt/airflow/dags/ingest_csv_to_iceberg2.py took 0.816 seconds
[2024-04-04T23:00:43.250+0000] {processor.py:161} INFO - Started process (PID=1102) to work on /opt/airflow/dags/ingest_csv_to_iceberg2.py
[2024-04-04T23:00:43.252+0000] {processor.py:830} INFO - Processing file /opt/airflow/dags/ingest_csv_to_iceberg2.py for tasks to queue
[2024-04-04T23:00:43.255+0000] {logging_mixin.py:188} INFO - [2024-04-04T23:00:43.255+0000] {dagbag.py:538} INFO - Filling up the DagBag from /opt/airflow/dags/ingest_csv_to_iceberg2.py
[2024-04-04T23:00:43.808+0000] {logging_mixin.py:188} INFO - [2024-04-04T23:00:43.808+0000] {ingest_csv_to_iceberg2.py:238} INFO - DAG parsing...
[2024-04-04T23:00:43.814+0000] {processor.py:840} INFO - DAG(s) 'ingest_csv_to_iceberg2' retrieved from /opt/airflow/dags/ingest_csv_to_iceberg2.py
[2024-04-04T23:00:43.854+0000] {logging_mixin.py:188} INFO - [2024-04-04T23:00:43.853+0000] {dag.py:3036} INFO - Sync 1 DAGs
[2024-04-04T23:00:44.090+0000] {logging_mixin.py:188} INFO - [2024-04-04T23:00:44.090+0000] {dag.py:3823} INFO - Setting next_dagrun for ingest_csv_to_iceberg2 to None, run_after=None
[2024-04-04T23:00:44.122+0000] {processor.py:183} INFO - Processing /opt/airflow/dags/ingest_csv_to_iceberg2.py took 0.876 seconds
[2024-04-04T23:01:14.399+0000] {processor.py:161} INFO - Started process (PID=1128) to work on /opt/airflow/dags/ingest_csv_to_iceberg2.py
[2024-04-04T23:01:14.400+0000] {processor.py:830} INFO - Processing file /opt/airflow/dags/ingest_csv_to_iceberg2.py for tasks to queue
[2024-04-04T23:01:14.403+0000] {logging_mixin.py:188} INFO - [2024-04-04T23:01:14.402+0000] {dagbag.py:538} INFO - Filling up the DagBag from /opt/airflow/dags/ingest_csv_to_iceberg2.py
[2024-04-04T23:01:15.009+0000] {logging_mixin.py:188} INFO - [2024-04-04T23:01:15.009+0000] {ingest_csv_to_iceberg2.py:238} INFO - DAG parsing...
[2024-04-04T23:01:15.013+0000] {processor.py:840} INFO - DAG(s) 'ingest_csv_to_iceberg2' retrieved from /opt/airflow/dags/ingest_csv_to_iceberg2.py
[2024-04-04T23:01:15.042+0000] {logging_mixin.py:188} INFO - [2024-04-04T23:01:15.042+0000] {dag.py:3036} INFO - Sync 1 DAGs
[2024-04-04T23:01:15.055+0000] {logging_mixin.py:188} INFO - [2024-04-04T23:01:15.054+0000] {dag.py:3823} INFO - Setting next_dagrun for ingest_csv_to_iceberg2 to None, run_after=None
[2024-04-04T23:01:15.082+0000] {processor.py:183} INFO - Processing /opt/airflow/dags/ingest_csv_to_iceberg2.py took 0.687 seconds
[2024-04-04T23:01:45.161+0000] {processor.py:161} INFO - Started process (PID=1154) to work on /opt/airflow/dags/ingest_csv_to_iceberg2.py
[2024-04-04T23:01:45.167+0000] {processor.py:830} INFO - Processing file /opt/airflow/dags/ingest_csv_to_iceberg2.py for tasks to queue
[2024-04-04T23:01:45.170+0000] {logging_mixin.py:188} INFO - [2024-04-04T23:01:45.169+0000] {dagbag.py:538} INFO - Filling up the DagBag from /opt/airflow/dags/ingest_csv_to_iceberg2.py
[2024-04-04T23:01:45.607+0000] {logging_mixin.py:188} INFO - [2024-04-04T23:01:45.606+0000] {ingest_csv_to_iceberg2.py:238} INFO - DAG parsing...
[2024-04-04T23:01:45.614+0000] {processor.py:840} INFO - DAG(s) 'ingest_csv_to_iceberg2' retrieved from /opt/airflow/dags/ingest_csv_to_iceberg2.py
[2024-04-04T23:01:45.652+0000] {logging_mixin.py:188} INFO - [2024-04-04T23:01:45.652+0000] {dag.py:3036} INFO - Sync 1 DAGs
[2024-04-04T23:01:45.888+0000] {logging_mixin.py:188} INFO - [2024-04-04T23:01:45.888+0000] {dag.py:3823} INFO - Setting next_dagrun for ingest_csv_to_iceberg2 to None, run_after=None
[2024-04-04T23:01:45.923+0000] {processor.py:183} INFO - Processing /opt/airflow/dags/ingest_csv_to_iceberg2.py took 0.766 seconds
[2024-04-04T23:02:16.140+0000] {processor.py:161} INFO - Started process (PID=1180) to work on /opt/airflow/dags/ingest_csv_to_iceberg2.py
[2024-04-04T23:02:16.142+0000] {processor.py:830} INFO - Processing file /opt/airflow/dags/ingest_csv_to_iceberg2.py for tasks to queue
[2024-04-04T23:02:16.144+0000] {logging_mixin.py:188} INFO - [2024-04-04T23:02:16.143+0000] {dagbag.py:538} INFO - Filling up the DagBag from /opt/airflow/dags/ingest_csv_to_iceberg2.py
[2024-04-04T23:02:16.763+0000] {logging_mixin.py:188} INFO - [2024-04-04T23:02:16.763+0000] {ingest_csv_to_iceberg2.py:238} INFO - DAG parsing...
[2024-04-04T23:02:16.768+0000] {processor.py:840} INFO - DAG(s) 'ingest_csv_to_iceberg2' retrieved from /opt/airflow/dags/ingest_csv_to_iceberg2.py
[2024-04-04T23:02:16.790+0000] {logging_mixin.py:188} INFO - [2024-04-04T23:02:16.790+0000] {dag.py:3036} INFO - Sync 1 DAGs
[2024-04-04T23:02:16.803+0000] {logging_mixin.py:188} INFO - [2024-04-04T23:02:16.803+0000] {dag.py:3823} INFO - Setting next_dagrun for ingest_csv_to_iceberg2 to None, run_after=None
[2024-04-04T23:02:16.836+0000] {processor.py:183} INFO - Processing /opt/airflow/dags/ingest_csv_to_iceberg2.py took 0.699 seconds
[2024-04-04T23:02:47.019+0000] {processor.py:161} INFO - Started process (PID=1206) to work on /opt/airflow/dags/ingest_csv_to_iceberg2.py
[2024-04-04T23:02:47.020+0000] {processor.py:830} INFO - Processing file /opt/airflow/dags/ingest_csv_to_iceberg2.py for tasks to queue
[2024-04-04T23:02:47.022+0000] {logging_mixin.py:188} INFO - [2024-04-04T23:02:47.021+0000] {dagbag.py:538} INFO - Filling up the DagBag from /opt/airflow/dags/ingest_csv_to_iceberg2.py
[2024-04-04T23:02:47.595+0000] {logging_mixin.py:188} INFO - [2024-04-04T23:02:47.595+0000] {ingest_csv_to_iceberg2.py:238} INFO - DAG parsing...
[2024-04-04T23:02:47.599+0000] {processor.py:840} INFO - DAG(s) 'ingest_csv_to_iceberg2' retrieved from /opt/airflow/dags/ingest_csv_to_iceberg2.py
[2024-04-04T23:02:47.616+0000] {logging_mixin.py:188} INFO - [2024-04-04T23:02:47.616+0000] {dag.py:3036} INFO - Sync 1 DAGs
[2024-04-04T23:02:47.627+0000] {logging_mixin.py:188} INFO - [2024-04-04T23:02:47.627+0000] {dag.py:3823} INFO - Setting next_dagrun for ingest_csv_to_iceberg2 to None, run_after=None
[2024-04-04T23:02:47.647+0000] {processor.py:183} INFO - Processing /opt/airflow/dags/ingest_csv_to_iceberg2.py took 0.631 seconds
[2024-04-04T23:03:17.839+0000] {processor.py:161} INFO - Started process (PID=1232) to work on /opt/airflow/dags/ingest_csv_to_iceberg2.py
[2024-04-04T23:03:17.840+0000] {processor.py:830} INFO - Processing file /opt/airflow/dags/ingest_csv_to_iceberg2.py for tasks to queue
[2024-04-04T23:03:17.843+0000] {logging_mixin.py:188} INFO - [2024-04-04T23:03:17.843+0000] {dagbag.py:538} INFO - Filling up the DagBag from /opt/airflow/dags/ingest_csv_to_iceberg2.py
[2024-04-04T23:03:18.499+0000] {logging_mixin.py:188} INFO - [2024-04-04T23:03:18.499+0000] {ingest_csv_to_iceberg2.py:238} INFO - DAG parsing...
[2024-04-04T23:03:18.502+0000] {processor.py:840} INFO - DAG(s) 'ingest_csv_to_iceberg2' retrieved from /opt/airflow/dags/ingest_csv_to_iceberg2.py
[2024-04-04T23:03:18.522+0000] {logging_mixin.py:188} INFO - [2024-04-04T23:03:18.522+0000] {dag.py:3036} INFO - Sync 1 DAGs
[2024-04-04T23:03:18.531+0000] {logging_mixin.py:188} INFO - [2024-04-04T23:03:18.530+0000] {dag.py:3823} INFO - Setting next_dagrun for ingest_csv_to_iceberg2 to None, run_after=None
[2024-04-04T23:03:18.557+0000] {processor.py:183} INFO - Processing /opt/airflow/dags/ingest_csv_to_iceberg2.py took 0.720 seconds
[2024-04-04T23:03:48.648+0000] {processor.py:161} INFO - Started process (PID=1258) to work on /opt/airflow/dags/ingest_csv_to_iceberg2.py
[2024-04-04T23:03:48.649+0000] {processor.py:830} INFO - Processing file /opt/airflow/dags/ingest_csv_to_iceberg2.py for tasks to queue
[2024-04-04T23:03:48.652+0000] {logging_mixin.py:188} INFO - [2024-04-04T23:03:48.651+0000] {dagbag.py:538} INFO - Filling up the DagBag from /opt/airflow/dags/ingest_csv_to_iceberg2.py
[2024-04-04T23:03:49.206+0000] {logging_mixin.py:188} INFO - [2024-04-04T23:03:49.206+0000] {ingest_csv_to_iceberg2.py:238} INFO - DAG parsing...
[2024-04-04T23:03:49.210+0000] {processor.py:840} INFO - DAG(s) 'ingest_csv_to_iceberg2' retrieved from /opt/airflow/dags/ingest_csv_to_iceberg2.py
[2024-04-04T23:03:49.229+0000] {logging_mixin.py:188} INFO - [2024-04-04T23:03:49.229+0000] {dag.py:3036} INFO - Sync 1 DAGs
[2024-04-04T23:03:49.240+0000] {logging_mixin.py:188} INFO - [2024-04-04T23:03:49.240+0000] {dag.py:3823} INFO - Setting next_dagrun for ingest_csv_to_iceberg2 to None, run_after=None
[2024-04-04T23:03:49.267+0000] {processor.py:183} INFO - Processing /opt/airflow/dags/ingest_csv_to_iceberg2.py took 0.621 seconds
[2024-04-04T23:04:19.909+0000] {processor.py:161} INFO - Started process (PID=1284) to work on /opt/airflow/dags/ingest_csv_to_iceberg2.py
[2024-04-04T23:04:19.910+0000] {processor.py:830} INFO - Processing file /opt/airflow/dags/ingest_csv_to_iceberg2.py for tasks to queue
[2024-04-04T23:04:19.912+0000] {logging_mixin.py:188} INFO - [2024-04-04T23:04:19.912+0000] {dagbag.py:538} INFO - Filling up the DagBag from /opt/airflow/dags/ingest_csv_to_iceberg2.py
[2024-04-04T23:04:20.342+0000] {logging_mixin.py:188} INFO - [2024-04-04T23:04:20.341+0000] {ingest_csv_to_iceberg2.py:238} INFO - DAG parsing...
[2024-04-04T23:04:20.344+0000] {processor.py:840} INFO - DAG(s) 'ingest_csv_to_iceberg2' retrieved from /opt/airflow/dags/ingest_csv_to_iceberg2.py
[2024-04-04T23:04:20.358+0000] {logging_mixin.py:188} INFO - [2024-04-04T23:04:20.358+0000] {dag.py:3036} INFO - Sync 1 DAGs
[2024-04-04T23:04:20.367+0000] {logging_mixin.py:188} INFO - [2024-04-04T23:04:20.367+0000] {dag.py:3823} INFO - Setting next_dagrun for ingest_csv_to_iceberg2 to None, run_after=None
[2024-04-04T23:04:20.390+0000] {processor.py:183} INFO - Processing /opt/airflow/dags/ingest_csv_to_iceberg2.py took 0.484 seconds
[2024-04-04T23:04:51.161+0000] {processor.py:161} INFO - Started process (PID=1310) to work on /opt/airflow/dags/ingest_csv_to_iceberg2.py
[2024-04-04T23:04:51.163+0000] {processor.py:830} INFO - Processing file /opt/airflow/dags/ingest_csv_to_iceberg2.py for tasks to queue
[2024-04-04T23:04:51.165+0000] {logging_mixin.py:188} INFO - [2024-04-04T23:04:51.165+0000] {dagbag.py:538} INFO - Filling up the DagBag from /opt/airflow/dags/ingest_csv_to_iceberg2.py
[2024-04-04T23:04:51.864+0000] {logging_mixin.py:188} INFO - [2024-04-04T23:04:51.863+0000] {ingest_csv_to_iceberg2.py:238} INFO - DAG parsing...
[2024-04-04T23:04:51.869+0000] {processor.py:840} INFO - DAG(s) 'ingest_csv_to_iceberg2' retrieved from /opt/airflow/dags/ingest_csv_to_iceberg2.py
[2024-04-04T23:04:51.894+0000] {logging_mixin.py:188} INFO - [2024-04-04T23:04:51.893+0000] {dag.py:3036} INFO - Sync 1 DAGs
[2024-04-04T23:04:51.908+0000] {logging_mixin.py:188} INFO - [2024-04-04T23:04:51.908+0000] {dag.py:3823} INFO - Setting next_dagrun for ingest_csv_to_iceberg2 to None, run_after=None
[2024-04-04T23:04:51.942+0000] {processor.py:183} INFO - Processing /opt/airflow/dags/ingest_csv_to_iceberg2.py took 0.784 seconds
[2024-04-04T23:05:22.602+0000] {processor.py:161} INFO - Started process (PID=1336) to work on /opt/airflow/dags/ingest_csv_to_iceberg2.py
[2024-04-04T23:05:22.603+0000] {processor.py:830} INFO - Processing file /opt/airflow/dags/ingest_csv_to_iceberg2.py for tasks to queue
[2024-04-04T23:05:22.606+0000] {logging_mixin.py:188} INFO - [2024-04-04T23:05:22.605+0000] {dagbag.py:538} INFO - Filling up the DagBag from /opt/airflow/dags/ingest_csv_to_iceberg2.py
[2024-04-04T23:05:23.060+0000] {logging_mixin.py:188} INFO - [2024-04-04T23:05:23.060+0000] {ingest_csv_to_iceberg2.py:238} INFO - DAG parsing...
[2024-04-04T23:05:23.064+0000] {processor.py:840} INFO - DAG(s) 'ingest_csv_to_iceberg2' retrieved from /opt/airflow/dags/ingest_csv_to_iceberg2.py
[2024-04-04T23:05:23.081+0000] {logging_mixin.py:188} INFO - [2024-04-04T23:05:23.081+0000] {dag.py:3036} INFO - Sync 1 DAGs
[2024-04-04T23:05:23.092+0000] {logging_mixin.py:188} INFO - [2024-04-04T23:05:23.091+0000] {dag.py:3823} INFO - Setting next_dagrun for ingest_csv_to_iceberg2 to None, run_after=None
[2024-04-04T23:05:23.111+0000] {processor.py:183} INFO - Processing /opt/airflow/dags/ingest_csv_to_iceberg2.py took 0.512 seconds
[2024-04-04T23:05:53.547+0000] {processor.py:161} INFO - Started process (PID=1362) to work on /opt/airflow/dags/ingest_csv_to_iceberg2.py
[2024-04-04T23:05:53.548+0000] {processor.py:830} INFO - Processing file /opt/airflow/dags/ingest_csv_to_iceberg2.py for tasks to queue
[2024-04-04T23:05:53.550+0000] {logging_mixin.py:188} INFO - [2024-04-04T23:05:53.550+0000] {dagbag.py:538} INFO - Filling up the DagBag from /opt/airflow/dags/ingest_csv_to_iceberg2.py
[2024-04-04T23:05:53.990+0000] {logging_mixin.py:188} INFO - [2024-04-04T23:05:53.990+0000] {ingest_csv_to_iceberg2.py:238} INFO - DAG parsing...
[2024-04-04T23:05:53.994+0000] {processor.py:840} INFO - DAG(s) 'ingest_csv_to_iceberg2' retrieved from /opt/airflow/dags/ingest_csv_to_iceberg2.py
[2024-04-04T23:05:54.017+0000] {logging_mixin.py:188} INFO - [2024-04-04T23:05:54.017+0000] {dag.py:3036} INFO - Sync 1 DAGs
[2024-04-04T23:05:54.036+0000] {logging_mixin.py:188} INFO - [2024-04-04T23:05:54.035+0000] {dag.py:3823} INFO - Setting next_dagrun for ingest_csv_to_iceberg2 to None, run_after=None
[2024-04-04T23:05:54.075+0000] {processor.py:183} INFO - Processing /opt/airflow/dags/ingest_csv_to_iceberg2.py took 0.530 seconds
