[2024-04-04T20:48:01.081+0000] {processor.py:161} INFO - Started process (PID=37) to work on /opt/airflow/dags/ingest_csv_to_parquet.py
[2024-04-04T20:48:01.090+0000] {processor.py:830} INFO - Processing file /opt/airflow/dags/ingest_csv_to_parquet.py for tasks to queue
[2024-04-04T20:48:01.098+0000] {logging_mixin.py:188} INFO - [2024-04-04T20:48:01.097+0000] {dagbag.py:538} INFO - Filling up the DagBag from /opt/airflow/dags/ingest_csv_to_parquet.py
[2024-04-04T20:48:04.901+0000] {logging_mixin.py:188} INFO - [2024-04-04T20:48:04.899+0000] {ingest_csv_to_parquet.py:79} INFO - DAG parsing...
[2024-04-04T20:48:04.912+0000] {processor.py:840} INFO - DAG(s) 'ingest_csv_to_parquet' retrieved from /opt/airflow/dags/ingest_csv_to_parquet.py
[2024-04-04T20:48:05.340+0000] {logging_mixin.py:188} INFO - [2024-04-04T20:48:05.339+0000] {override.py:1769} INFO - Created Permission View: can delete on DAG:ingest_csv_to_parquet
[2024-04-04T20:48:05.389+0000] {logging_mixin.py:188} INFO - [2024-04-04T20:48:05.388+0000] {override.py:1769} INFO - Created Permission View: can read on DAG:ingest_csv_to_parquet
[2024-04-04T20:48:05.425+0000] {logging_mixin.py:188} INFO - [2024-04-04T20:48:05.424+0000] {override.py:1769} INFO - Created Permission View: can edit on DAG:ingest_csv_to_parquet
[2024-04-04T20:48:05.427+0000] {logging_mixin.py:188} INFO - [2024-04-04T20:48:05.426+0000] {dag.py:3036} INFO - Sync 1 DAGs
[2024-04-04T20:48:05.460+0000] {logging_mixin.py:188} INFO - [2024-04-04T20:48:05.459+0000] {dag.py:3058} INFO - Creating ORM DAG for ingest_csv_to_parquet
[2024-04-04T20:48:05.465+0000] {logging_mixin.py:188} INFO - [2024-04-04T20:48:05.464+0000] {dag.py:3823} INFO - Setting next_dagrun for ingest_csv_to_parquet to None, run_after=None
[2024-04-04T20:48:05.550+0000] {processor.py:183} INFO - Processing /opt/airflow/dags/ingest_csv_to_parquet.py took 4.477 seconds
[2024-04-04T20:48:35.952+0000] {processor.py:161} INFO - Started process (PID=62) to work on /opt/airflow/dags/ingest_csv_to_parquet.py
[2024-04-04T20:48:35.953+0000] {processor.py:830} INFO - Processing file /opt/airflow/dags/ingest_csv_to_parquet.py for tasks to queue
[2024-04-04T20:48:35.955+0000] {logging_mixin.py:188} INFO - [2024-04-04T20:48:35.955+0000] {dagbag.py:538} INFO - Filling up the DagBag from /opt/airflow/dags/ingest_csv_to_parquet.py
[2024-04-04T20:48:36.597+0000] {logging_mixin.py:188} INFO - [2024-04-04T20:48:36.597+0000] {ingest_csv_to_parquet.py:79} INFO - DAG parsing...
[2024-04-04T20:48:36.604+0000] {processor.py:840} INFO - DAG(s) 'ingest_csv_to_parquet' retrieved from /opt/airflow/dags/ingest_csv_to_parquet.py
[2024-04-04T20:48:36.645+0000] {logging_mixin.py:188} INFO - [2024-04-04T20:48:36.644+0000] {dag.py:3036} INFO - Sync 1 DAGs
[2024-04-04T20:48:36.662+0000] {logging_mixin.py:188} INFO - [2024-04-04T20:48:36.662+0000] {dag.py:3823} INFO - Setting next_dagrun for ingest_csv_to_parquet to None, run_after=None
[2024-04-04T20:48:36.704+0000] {processor.py:183} INFO - Processing /opt/airflow/dags/ingest_csv_to_parquet.py took 0.758 seconds
[2024-04-04T20:49:07.660+0000] {processor.py:161} INFO - Started process (PID=76) to work on /opt/airflow/dags/ingest_csv_to_parquet.py
[2024-04-04T20:49:07.663+0000] {processor.py:830} INFO - Processing file /opt/airflow/dags/ingest_csv_to_parquet.py for tasks to queue
[2024-04-04T20:49:07.667+0000] {logging_mixin.py:188} INFO - [2024-04-04T20:49:07.667+0000] {dagbag.py:538} INFO - Filling up the DagBag from /opt/airflow/dags/ingest_csv_to_parquet.py
[2024-04-04T20:49:08.431+0000] {logging_mixin.py:188} INFO - [2024-04-04T20:49:08.431+0000] {ingest_csv_to_parquet.py:79} INFO - DAG parsing...
[2024-04-04T20:49:08.442+0000] {processor.py:840} INFO - DAG(s) 'ingest_csv_to_parquet' retrieved from /opt/airflow/dags/ingest_csv_to_parquet.py
[2024-04-04T20:49:08.504+0000] {logging_mixin.py:188} INFO - [2024-04-04T20:49:08.502+0000] {dag.py:3036} INFO - Sync 1 DAGs
[2024-04-04T20:49:08.538+0000] {logging_mixin.py:188} INFO - [2024-04-04T20:49:08.538+0000] {dag.py:3823} INFO - Setting next_dagrun for ingest_csv_to_parquet to None, run_after=None
[2024-04-04T20:49:08.610+0000] {processor.py:183} INFO - Processing /opt/airflow/dags/ingest_csv_to_parquet.py took 0.956 seconds
[2024-04-04T20:49:38.986+0000] {processor.py:161} INFO - Started process (PID=90) to work on /opt/airflow/dags/ingest_csv_to_parquet.py
[2024-04-04T20:49:38.989+0000] {processor.py:830} INFO - Processing file /opt/airflow/dags/ingest_csv_to_parquet.py for tasks to queue
[2024-04-04T20:49:39.002+0000] {logging_mixin.py:188} INFO - [2024-04-04T20:49:39.000+0000] {dagbag.py:538} INFO - Filling up the DagBag from /opt/airflow/dags/ingest_csv_to_parquet.py
[2024-04-04T20:49:40.276+0000] {logging_mixin.py:188} INFO - [2024-04-04T20:49:40.276+0000] {ingest_csv_to_parquet.py:79} INFO - DAG parsing...
[2024-04-04T20:49:40.298+0000] {processor.py:840} INFO - DAG(s) 'ingest_csv_to_parquet' retrieved from /opt/airflow/dags/ingest_csv_to_parquet.py
[2024-04-04T20:49:40.365+0000] {logging_mixin.py:188} INFO - [2024-04-04T20:49:40.363+0000] {dag.py:3036} INFO - Sync 1 DAGs
[2024-04-04T20:49:40.416+0000] {logging_mixin.py:188} INFO - [2024-04-04T20:49:40.414+0000] {dag.py:3823} INFO - Setting next_dagrun for ingest_csv_to_parquet to None, run_after=None
[2024-04-04T20:49:40.520+0000] {processor.py:183} INFO - Processing /opt/airflow/dags/ingest_csv_to_parquet.py took 1.539 seconds
[2024-04-04T20:50:10.960+0000] {processor.py:161} INFO - Started process (PID=104) to work on /opt/airflow/dags/ingest_csv_to_parquet.py
[2024-04-04T20:50:10.962+0000] {processor.py:830} INFO - Processing file /opt/airflow/dags/ingest_csv_to_parquet.py for tasks to queue
[2024-04-04T20:50:10.966+0000] {logging_mixin.py:188} INFO - [2024-04-04T20:50:10.965+0000] {dagbag.py:538} INFO - Filling up the DagBag from /opt/airflow/dags/ingest_csv_to_parquet.py
[2024-04-04T20:50:11.689+0000] {logging_mixin.py:188} INFO - [2024-04-04T20:50:11.689+0000] {ingest_csv_to_parquet.py:79} INFO - DAG parsing...
[2024-04-04T20:50:11.700+0000] {processor.py:840} INFO - DAG(s) 'ingest_csv_to_parquet' retrieved from /opt/airflow/dags/ingest_csv_to_parquet.py
[2024-04-04T20:50:11.753+0000] {logging_mixin.py:188} INFO - [2024-04-04T20:50:11.751+0000] {dag.py:3036} INFO - Sync 1 DAGs
[2024-04-04T20:50:11.784+0000] {logging_mixin.py:188} INFO - [2024-04-04T20:50:11.783+0000] {dag.py:3823} INFO - Setting next_dagrun for ingest_csv_to_parquet to None, run_after=None
[2024-04-04T20:50:11.833+0000] {processor.py:183} INFO - Processing /opt/airflow/dags/ingest_csv_to_parquet.py took 0.880 seconds
[2024-04-04T20:50:42.743+0000] {processor.py:161} INFO - Started process (PID=118) to work on /opt/airflow/dags/ingest_csv_to_parquet.py
[2024-04-04T20:50:42.744+0000] {processor.py:830} INFO - Processing file /opt/airflow/dags/ingest_csv_to_parquet.py for tasks to queue
[2024-04-04T20:50:42.745+0000] {logging_mixin.py:188} INFO - [2024-04-04T20:50:42.745+0000] {dagbag.py:538} INFO - Filling up the DagBag from /opt/airflow/dags/ingest_csv_to_parquet.py
[2024-04-04T20:50:43.228+0000] {logging_mixin.py:188} INFO - [2024-04-04T20:50:43.228+0000] {ingest_csv_to_parquet.py:79} INFO - DAG parsing...
[2024-04-04T20:50:43.237+0000] {processor.py:840} INFO - DAG(s) 'ingest_csv_to_parquet' retrieved from /opt/airflow/dags/ingest_csv_to_parquet.py
[2024-04-04T20:50:43.297+0000] {logging_mixin.py:188} INFO - [2024-04-04T20:50:43.291+0000] {dag.py:3036} INFO - Sync 1 DAGs
[2024-04-04T20:50:43.343+0000] {logging_mixin.py:188} INFO - [2024-04-04T20:50:43.342+0000] {dag.py:3823} INFO - Setting next_dagrun for ingest_csv_to_parquet to None, run_after=None
[2024-04-04T20:50:43.391+0000] {processor.py:183} INFO - Processing /opt/airflow/dags/ingest_csv_to_parquet.py took 0.652 seconds
