[2024-04-04T20:48:00.959+0000] {processor.py:161} INFO - Started process (PID=36) to work on /opt/airflow/dags/ingest_csv_to_iceberg.py
[2024-04-04T20:48:00.963+0000] {processor.py:830} INFO - Processing file /opt/airflow/dags/ingest_csv_to_iceberg.py for tasks to queue
[2024-04-04T20:48:00.970+0000] {logging_mixin.py:188} INFO - [2024-04-04T20:48:00.969+0000] {dagbag.py:538} INFO - Filling up the DagBag from /opt/airflow/dags/ingest_csv_to_iceberg.py
[2024-04-04T20:48:03.342+0000] {logging_mixin.py:188} INFO - [2024-04-04T20:48:03.340+0000] {ingest_csv_to_iceberg.py:34} INFO - DAG parsing...
[2024-04-04T20:48:03.433+0000] {logging_mixin.py:188} WARNING - /home/airflow/.local/lib/python3.10/site-packages/airflow/models/dagbag.py:344 RemovedInAirflow3Warning: airflow.operators.python.task is deprecated. Please use the following instead

        from airflow.decorators import task
        @task
        def my_task()
[2024-04-04T20:48:03.456+0000] {processor.py:840} INFO - DAG(s) 'ingest_csv_to_iceberg' retrieved from /opt/airflow/dags/ingest_csv_to_iceberg.py
[2024-04-04T20:48:04.270+0000] {logging_mixin.py:188} INFO - [2024-04-04T20:48:04.267+0000] {override.py:1769} INFO - Created Permission View: can delete on DAG:ingest_csv_to_iceberg
[2024-04-04T20:48:04.326+0000] {logging_mixin.py:188} INFO - [2024-04-04T20:48:04.325+0000] {override.py:1769} INFO - Created Permission View: can read on DAG:ingest_csv_to_iceberg
[2024-04-04T20:48:04.360+0000] {logging_mixin.py:188} INFO - [2024-04-04T20:48:04.358+0000] {override.py:1769} INFO - Created Permission View: can edit on DAG:ingest_csv_to_iceberg
[2024-04-04T20:48:04.362+0000] {logging_mixin.py:188} INFO - [2024-04-04T20:48:04.362+0000] {dag.py:3036} INFO - Sync 1 DAGs
[2024-04-04T20:48:04.407+0000] {logging_mixin.py:188} INFO - [2024-04-04T20:48:04.406+0000] {dag.py:3058} INFO - Creating ORM DAG for ingest_csv_to_iceberg
[2024-04-04T20:48:04.412+0000] {logging_mixin.py:188} INFO - [2024-04-04T20:48:04.412+0000] {dag.py:3823} INFO - Setting next_dagrun for ingest_csv_to_iceberg to None, run_after=None
[2024-04-04T20:48:04.555+0000] {processor.py:183} INFO - Processing /opt/airflow/dags/ingest_csv_to_iceberg.py took 3.613 seconds
[2024-04-04T20:48:34.689+0000] {processor.py:161} INFO - Started process (PID=50) to work on /opt/airflow/dags/ingest_csv_to_iceberg.py
[2024-04-04T20:48:34.691+0000] {processor.py:830} INFO - Processing file /opt/airflow/dags/ingest_csv_to_iceberg.py for tasks to queue
[2024-04-04T20:48:34.695+0000] {logging_mixin.py:188} INFO - [2024-04-04T20:48:34.694+0000] {dagbag.py:538} INFO - Filling up the DagBag from /opt/airflow/dags/ingest_csv_to_iceberg.py
[2024-04-04T20:48:35.117+0000] {logging_mixin.py:188} INFO - [2024-04-04T20:48:35.117+0000] {ingest_csv_to_iceberg.py:34} INFO - DAG parsing...
[2024-04-04T20:48:35.139+0000] {logging_mixin.py:188} WARNING - /home/airflow/.local/lib/python3.10/site-packages/airflow/models/dagbag.py:344 RemovedInAirflow3Warning: airflow.operators.python.task is deprecated. Please use the following instead

        from airflow.decorators import task
        @task
        def my_task()
[2024-04-04T20:48:35.144+0000] {processor.py:840} INFO - DAG(s) 'ingest_csv_to_iceberg' retrieved from /opt/airflow/dags/ingest_csv_to_iceberg.py
[2024-04-04T20:48:35.180+0000] {logging_mixin.py:188} INFO - [2024-04-04T20:48:35.179+0000] {dag.py:3036} INFO - Sync 1 DAGs
[2024-04-04T20:48:35.201+0000] {logging_mixin.py:188} INFO - [2024-04-04T20:48:35.201+0000] {dag.py:3823} INFO - Setting next_dagrun for ingest_csv_to_iceberg to None, run_after=None
[2024-04-04T20:48:35.249+0000] {processor.py:183} INFO - Processing /opt/airflow/dags/ingest_csv_to_iceberg.py took 0.563 seconds
[2024-04-04T20:49:05.607+0000] {processor.py:161} INFO - Started process (PID=64) to work on /opt/airflow/dags/ingest_csv_to_iceberg.py
[2024-04-04T20:49:05.611+0000] {processor.py:830} INFO - Processing file /opt/airflow/dags/ingest_csv_to_iceberg.py for tasks to queue
[2024-04-04T20:49:05.616+0000] {logging_mixin.py:188} INFO - [2024-04-04T20:49:05.615+0000] {dagbag.py:538} INFO - Filling up the DagBag from /opt/airflow/dags/ingest_csv_to_iceberg.py
[2024-04-04T20:49:06.314+0000] {logging_mixin.py:188} INFO - [2024-04-04T20:49:06.310+0000] {ingest_csv_to_iceberg.py:34} INFO - DAG parsing...
[2024-04-04T20:49:06.371+0000] {logging_mixin.py:188} WARNING - /home/airflow/.local/lib/python3.10/site-packages/airflow/models/dagbag.py:344 RemovedInAirflow3Warning: airflow.operators.python.task is deprecated. Please use the following instead

        from airflow.decorators import task
        @task
        def my_task()
[2024-04-04T20:49:06.380+0000] {processor.py:840} INFO - DAG(s) 'ingest_csv_to_iceberg' retrieved from /opt/airflow/dags/ingest_csv_to_iceberg.py
[2024-04-04T20:49:06.440+0000] {logging_mixin.py:188} INFO - [2024-04-04T20:49:06.440+0000] {dag.py:3036} INFO - Sync 1 DAGs
[2024-04-04T20:49:06.489+0000] {logging_mixin.py:188} INFO - [2024-04-04T20:49:06.488+0000] {dag.py:3823} INFO - Setting next_dagrun for ingest_csv_to_iceberg to None, run_after=None
[2024-04-04T20:49:06.582+0000] {processor.py:183} INFO - Processing /opt/airflow/dags/ingest_csv_to_iceberg.py took 0.984 seconds
[2024-04-04T20:49:37.010+0000] {processor.py:161} INFO - Started process (PID=78) to work on /opt/airflow/dags/ingest_csv_to_iceberg.py
[2024-04-04T20:49:37.017+0000] {processor.py:830} INFO - Processing file /opt/airflow/dags/ingest_csv_to_iceberg.py for tasks to queue
[2024-04-04T20:49:37.021+0000] {logging_mixin.py:188} INFO - [2024-04-04T20:49:37.021+0000] {dagbag.py:538} INFO - Filling up the DagBag from /opt/airflow/dags/ingest_csv_to_iceberg.py
[2024-04-04T20:49:37.735+0000] {logging_mixin.py:188} INFO - [2024-04-04T20:49:37.735+0000] {ingest_csv_to_iceberg.py:34} INFO - DAG parsing...
[2024-04-04T20:49:37.759+0000] {logging_mixin.py:188} WARNING - /home/airflow/.local/lib/python3.10/site-packages/airflow/models/dagbag.py:344 RemovedInAirflow3Warning: airflow.operators.python.task is deprecated. Please use the following instead

        from airflow.decorators import task
        @task
        def my_task()
[2024-04-04T20:49:37.764+0000] {processor.py:840} INFO - DAG(s) 'ingest_csv_to_iceberg' retrieved from /opt/airflow/dags/ingest_csv_to_iceberg.py
[2024-04-04T20:49:37.798+0000] {logging_mixin.py:188} INFO - [2024-04-04T20:49:37.797+0000] {dag.py:3036} INFO - Sync 1 DAGs
[2024-04-04T20:49:37.817+0000] {logging_mixin.py:188} INFO - [2024-04-04T20:49:37.817+0000] {dag.py:3823} INFO - Setting next_dagrun for ingest_csv_to_iceberg to None, run_after=None
[2024-04-04T20:49:37.871+0000] {processor.py:183} INFO - Processing /opt/airflow/dags/ingest_csv_to_iceberg.py took 0.870 seconds
[2024-04-04T20:50:08.396+0000] {processor.py:161} INFO - Started process (PID=92) to work on /opt/airflow/dags/ingest_csv_to_iceberg.py
[2024-04-04T20:50:08.397+0000] {processor.py:830} INFO - Processing file /opt/airflow/dags/ingest_csv_to_iceberg.py for tasks to queue
[2024-04-04T20:50:08.399+0000] {logging_mixin.py:188} INFO - [2024-04-04T20:50:08.399+0000] {dagbag.py:538} INFO - Filling up the DagBag from /opt/airflow/dags/ingest_csv_to_iceberg.py
[2024-04-04T20:50:08.770+0000] {logging_mixin.py:188} INFO - [2024-04-04T20:50:08.770+0000] {ingest_csv_to_iceberg.py:34} INFO - DAG parsing...
[2024-04-04T20:50:08.786+0000] {logging_mixin.py:188} WARNING - /home/airflow/.local/lib/python3.10/site-packages/airflow/models/dagbag.py:344 RemovedInAirflow3Warning: airflow.operators.python.task is deprecated. Please use the following instead

        from airflow.decorators import task
        @task
        def my_task()
[2024-04-04T20:50:08.790+0000] {processor.py:840} INFO - DAG(s) 'ingest_csv_to_iceberg' retrieved from /opt/airflow/dags/ingest_csv_to_iceberg.py
[2024-04-04T20:50:08.818+0000] {logging_mixin.py:188} INFO - [2024-04-04T20:50:08.817+0000] {dag.py:3036} INFO - Sync 1 DAGs
[2024-04-04T20:50:08.835+0000] {logging_mixin.py:188} INFO - [2024-04-04T20:50:08.835+0000] {dag.py:3823} INFO - Setting next_dagrun for ingest_csv_to_iceberg to None, run_after=None
[2024-04-04T20:50:08.869+0000] {processor.py:183} INFO - Processing /opt/airflow/dags/ingest_csv_to_iceberg.py took 0.476 seconds
[2024-04-04T20:50:39.152+0000] {processor.py:161} INFO - Started process (PID=106) to work on /opt/airflow/dags/ingest_csv_to_iceberg.py
[2024-04-04T20:50:39.155+0000] {processor.py:830} INFO - Processing file /opt/airflow/dags/ingest_csv_to_iceberg.py for tasks to queue
[2024-04-04T20:50:39.159+0000] {logging_mixin.py:188} INFO - [2024-04-04T20:50:39.158+0000] {dagbag.py:538} INFO - Filling up the DagBag from /opt/airflow/dags/ingest_csv_to_iceberg.py
[2024-04-04T20:50:39.645+0000] {logging_mixin.py:188} INFO - [2024-04-04T20:50:39.645+0000] {ingest_csv_to_iceberg.py:34} INFO - DAG parsing...
[2024-04-04T20:50:39.667+0000] {logging_mixin.py:188} WARNING - /home/airflow/.local/lib/python3.10/site-packages/airflow/models/dagbag.py:344 RemovedInAirflow3Warning: airflow.operators.python.task is deprecated. Please use the following instead

        from airflow.decorators import task
        @task
        def my_task()
[2024-04-04T20:50:39.671+0000] {processor.py:840} INFO - DAG(s) 'ingest_csv_to_iceberg' retrieved from /opt/airflow/dags/ingest_csv_to_iceberg.py
[2024-04-04T20:50:39.707+0000] {logging_mixin.py:188} INFO - [2024-04-04T20:50:39.707+0000] {dag.py:3036} INFO - Sync 1 DAGs
[2024-04-04T20:50:39.729+0000] {logging_mixin.py:188} INFO - [2024-04-04T20:50:39.728+0000] {dag.py:3823} INFO - Setting next_dagrun for ingest_csv_to_iceberg to None, run_after=None
[2024-04-04T20:50:39.774+0000] {processor.py:183} INFO - Processing /opt/airflow/dags/ingest_csv_to_iceberg.py took 0.627 seconds
[2024-04-04T22:39:47.634+0000] {processor.py:161} INFO - Started process (PID=37) to work on /opt/airflow/dags/ingest_csv_to_iceberg.py
[2024-04-04T22:39:47.635+0000] {processor.py:830} INFO - Processing file /opt/airflow/dags/ingest_csv_to_iceberg.py for tasks to queue
[2024-04-04T22:39:47.637+0000] {logging_mixin.py:188} INFO - [2024-04-04T22:39:47.637+0000] {dagbag.py:538} INFO - Filling up the DagBag from /opt/airflow/dags/ingest_csv_to_iceberg.py
[2024-04-04T22:39:48.583+0000] {logging_mixin.py:188} INFO - [2024-04-04T22:39:48.583+0000] {ingest_csv_to_iceberg.py:34} INFO - DAG parsing...
[2024-04-04T22:39:48.647+0000] {logging_mixin.py:188} WARNING - /home/airflow/.local/lib/python3.10/site-packages/airflow/models/dagbag.py:344 RemovedInAirflow3Warning: airflow.operators.python.task is deprecated. Please use the following instead

        from airflow.decorators import task
        @task
        def my_task()
[2024-04-04T22:39:48.668+0000] {processor.py:840} INFO - DAG(s) 'ingest_csv_to_iceberg' retrieved from /opt/airflow/dags/ingest_csv_to_iceberg.py
[2024-04-04T22:39:48.735+0000] {logging_mixin.py:188} INFO - [2024-04-04T22:39:48.734+0000] {dag.py:3036} INFO - Sync 1 DAGs
[2024-04-04T22:39:48.758+0000] {logging_mixin.py:188} INFO - [2024-04-04T22:39:48.758+0000] {dag.py:3823} INFO - Setting next_dagrun for ingest_csv_to_iceberg to None, run_after=None
[2024-04-04T22:39:48.828+0000] {processor.py:183} INFO - Processing /opt/airflow/dags/ingest_csv_to_iceberg.py took 1.198 seconds
[2024-04-04T22:40:19.234+0000] {processor.py:161} INFO - Started process (PID=63) to work on /opt/airflow/dags/ingest_csv_to_iceberg.py
[2024-04-04T22:40:19.235+0000] {processor.py:830} INFO - Processing file /opt/airflow/dags/ingest_csv_to_iceberg.py for tasks to queue
[2024-04-04T22:40:19.237+0000] {logging_mixin.py:188} INFO - [2024-04-04T22:40:19.237+0000] {dagbag.py:538} INFO - Filling up the DagBag from /opt/airflow/dags/ingest_csv_to_iceberg.py
[2024-04-04T22:40:19.510+0000] {logging_mixin.py:188} INFO - [2024-04-04T22:40:19.509+0000] {ingest_csv_to_iceberg.py:34} INFO - DAG parsing...
[2024-04-04T22:40:19.524+0000] {logging_mixin.py:188} WARNING - /home/airflow/.local/lib/python3.10/site-packages/airflow/models/dagbag.py:344 RemovedInAirflow3Warning: airflow.operators.python.task is deprecated. Please use the following instead

        from airflow.decorators import task
        @task
        def my_task()
[2024-04-04T22:40:19.527+0000] {processor.py:840} INFO - DAG(s) 'ingest_csv_to_iceberg' retrieved from /opt/airflow/dags/ingest_csv_to_iceberg.py
[2024-04-04T22:40:19.537+0000] {logging_mixin.py:188} INFO - [2024-04-04T22:40:19.537+0000] {dag.py:3036} INFO - Sync 1 DAGs
[2024-04-04T22:40:19.550+0000] {logging_mixin.py:188} INFO - [2024-04-04T22:40:19.550+0000] {dag.py:3823} INFO - Setting next_dagrun for ingest_csv_to_iceberg to None, run_after=None
[2024-04-04T22:40:19.573+0000] {processor.py:183} INFO - Processing /opt/airflow/dags/ingest_csv_to_iceberg.py took 0.341 seconds
[2024-04-04T22:40:49.987+0000] {processor.py:161} INFO - Started process (PID=89) to work on /opt/airflow/dags/ingest_csv_to_iceberg.py
[2024-04-04T22:40:49.990+0000] {processor.py:830} INFO - Processing file /opt/airflow/dags/ingest_csv_to_iceberg.py for tasks to queue
[2024-04-04T22:40:49.999+0000] {logging_mixin.py:188} INFO - [2024-04-04T22:40:49.997+0000] {dagbag.py:538} INFO - Filling up the DagBag from /opt/airflow/dags/ingest_csv_to_iceberg.py
[2024-04-04T22:40:50.443+0000] {logging_mixin.py:188} INFO - [2024-04-04T22:40:50.443+0000] {ingest_csv_to_iceberg.py:34} INFO - DAG parsing...
[2024-04-04T22:40:50.460+0000] {logging_mixin.py:188} WARNING - /home/airflow/.local/lib/python3.10/site-packages/airflow/models/dagbag.py:344 RemovedInAirflow3Warning: airflow.operators.python.task is deprecated. Please use the following instead

        from airflow.decorators import task
        @task
        def my_task()
[2024-04-04T22:40:50.464+0000] {processor.py:840} INFO - DAG(s) 'ingest_csv_to_iceberg' retrieved from /opt/airflow/dags/ingest_csv_to_iceberg.py
[2024-04-04T22:40:50.695+0000] {logging_mixin.py:188} INFO - [2024-04-04T22:40:50.695+0000] {dag.py:3036} INFO - Sync 1 DAGs
[2024-04-04T22:40:50.720+0000] {logging_mixin.py:188} INFO - [2024-04-04T22:40:50.719+0000] {dag.py:3823} INFO - Setting next_dagrun for ingest_csv_to_iceberg to None, run_after=None
[2024-04-04T22:40:50.757+0000] {processor.py:183} INFO - Processing /opt/airflow/dags/ingest_csv_to_iceberg.py took 0.786 seconds
[2024-04-04T22:41:21.227+0000] {processor.py:161} INFO - Started process (PID=115) to work on /opt/airflow/dags/ingest_csv_to_iceberg.py
[2024-04-04T22:41:21.228+0000] {processor.py:830} INFO - Processing file /opt/airflow/dags/ingest_csv_to_iceberg.py for tasks to queue
[2024-04-04T22:41:21.233+0000] {logging_mixin.py:188} INFO - [2024-04-04T22:41:21.232+0000] {dagbag.py:538} INFO - Filling up the DagBag from /opt/airflow/dags/ingest_csv_to_iceberg.py
[2024-04-04T22:41:21.566+0000] {logging_mixin.py:188} INFO - [2024-04-04T22:41:21.566+0000] {ingest_csv_to_iceberg.py:34} INFO - DAG parsing...
[2024-04-04T22:41:21.581+0000] {logging_mixin.py:188} WARNING - /home/airflow/.local/lib/python3.10/site-packages/airflow/models/dagbag.py:344 RemovedInAirflow3Warning: airflow.operators.python.task is deprecated. Please use the following instead

        from airflow.decorators import task
        @task
        def my_task()
[2024-04-04T22:41:21.584+0000] {processor.py:840} INFO - DAG(s) 'ingest_csv_to_iceberg' retrieved from /opt/airflow/dags/ingest_csv_to_iceberg.py
[2024-04-04T22:41:21.616+0000] {logging_mixin.py:188} INFO - [2024-04-04T22:41:21.615+0000] {dag.py:3036} INFO - Sync 1 DAGs
[2024-04-04T22:41:21.635+0000] {logging_mixin.py:188} INFO - [2024-04-04T22:41:21.634+0000] {dag.py:3823} INFO - Setting next_dagrun for ingest_csv_to_iceberg to None, run_after=None
[2024-04-04T22:41:21.669+0000] {processor.py:183} INFO - Processing /opt/airflow/dags/ingest_csv_to_iceberg.py took 0.449 seconds
[2024-04-04T22:41:52.079+0000] {processor.py:161} INFO - Started process (PID=152) to work on /opt/airflow/dags/ingest_csv_to_iceberg.py
[2024-04-04T22:41:52.081+0000] {processor.py:830} INFO - Processing file /opt/airflow/dags/ingest_csv_to_iceberg.py for tasks to queue
[2024-04-04T22:41:52.084+0000] {logging_mixin.py:188} INFO - [2024-04-04T22:41:52.083+0000] {dagbag.py:538} INFO - Filling up the DagBag from /opt/airflow/dags/ingest_csv_to_iceberg.py
[2024-04-04T22:41:52.368+0000] {logging_mixin.py:188} INFO - [2024-04-04T22:41:52.367+0000] {ingest_csv_to_iceberg.py:34} INFO - DAG parsing...
[2024-04-04T22:41:52.382+0000] {logging_mixin.py:188} WARNING - /home/airflow/.local/lib/python3.10/site-packages/airflow/models/dagbag.py:344 RemovedInAirflow3Warning: airflow.operators.python.task is deprecated. Please use the following instead

        from airflow.decorators import task
        @task
        def my_task()
[2024-04-04T22:41:52.386+0000] {processor.py:840} INFO - DAG(s) 'ingest_csv_to_iceberg' retrieved from /opt/airflow/dags/ingest_csv_to_iceberg.py
[2024-04-04T22:41:52.511+0000] {logging_mixin.py:188} INFO - [2024-04-04T22:41:52.510+0000] {dag.py:3036} INFO - Sync 1 DAGs
[2024-04-04T22:41:52.519+0000] {logging_mixin.py:188} INFO - [2024-04-04T22:41:52.519+0000] {dag.py:3058} INFO - Creating ORM DAG for ingest_csv_to_iceberg
[2024-04-04T22:41:52.521+0000] {logging_mixin.py:188} INFO - [2024-04-04T22:41:52.521+0000] {dag.py:3823} INFO - Setting next_dagrun for ingest_csv_to_iceberg to None, run_after=None
[2024-04-04T22:41:52.548+0000] {processor.py:183} INFO - Processing /opt/airflow/dags/ingest_csv_to_iceberg.py took 0.472 seconds
[2024-04-04T22:42:23.078+0000] {processor.py:161} INFO - Started process (PID=178) to work on /opt/airflow/dags/ingest_csv_to_iceberg.py
[2024-04-04T22:42:23.079+0000] {processor.py:830} INFO - Processing file /opt/airflow/dags/ingest_csv_to_iceberg.py for tasks to queue
[2024-04-04T22:42:23.082+0000] {logging_mixin.py:188} INFO - [2024-04-04T22:42:23.081+0000] {dagbag.py:538} INFO - Filling up the DagBag from /opt/airflow/dags/ingest_csv_to_iceberg.py
[2024-04-04T22:42:23.302+0000] {logging_mixin.py:188} INFO - [2024-04-04T22:42:23.301+0000] {ingest_csv_to_iceberg.py:34} INFO - DAG parsing...
[2024-04-04T22:42:23.314+0000] {logging_mixin.py:188} WARNING - /home/airflow/.local/lib/python3.10/site-packages/airflow/models/dagbag.py:344 RemovedInAirflow3Warning: airflow.operators.python.task is deprecated. Please use the following instead

        from airflow.decorators import task
        @task
        def my_task()
[2024-04-04T22:42:23.318+0000] {processor.py:840} INFO - DAG(s) 'ingest_csv_to_iceberg' retrieved from /opt/airflow/dags/ingest_csv_to_iceberg.py
[2024-04-04T22:42:23.336+0000] {logging_mixin.py:188} INFO - [2024-04-04T22:42:23.336+0000] {dag.py:3036} INFO - Sync 1 DAGs
[2024-04-04T22:42:23.352+0000] {logging_mixin.py:188} INFO - [2024-04-04T22:42:23.352+0000] {dag.py:3823} INFO - Setting next_dagrun for ingest_csv_to_iceberg to None, run_after=None
[2024-04-04T22:42:23.376+0000] {processor.py:183} INFO - Processing /opt/airflow/dags/ingest_csv_to_iceberg.py took 0.301 seconds
[2024-04-04T22:42:54.042+0000] {processor.py:161} INFO - Started process (PID=204) to work on /opt/airflow/dags/ingest_csv_to_iceberg.py
[2024-04-04T22:42:54.044+0000] {processor.py:830} INFO - Processing file /opt/airflow/dags/ingest_csv_to_iceberg.py for tasks to queue
[2024-04-04T22:42:54.046+0000] {logging_mixin.py:188} INFO - [2024-04-04T22:42:54.046+0000] {dagbag.py:538} INFO - Filling up the DagBag from /opt/airflow/dags/ingest_csv_to_iceberg.py
[2024-04-04T22:42:54.298+0000] {logging_mixin.py:188} INFO - [2024-04-04T22:42:54.298+0000] {ingest_csv_to_iceberg.py:34} INFO - DAG parsing...
[2024-04-04T22:42:54.315+0000] {logging_mixin.py:188} WARNING - /home/airflow/.local/lib/python3.10/site-packages/airflow/models/dagbag.py:344 RemovedInAirflow3Warning: airflow.operators.python.task is deprecated. Please use the following instead

        from airflow.decorators import task
        @task
        def my_task()
[2024-04-04T22:42:54.320+0000] {processor.py:840} INFO - DAG(s) 'ingest_csv_to_iceberg' retrieved from /opt/airflow/dags/ingest_csv_to_iceberg.py
[2024-04-04T22:42:54.349+0000] {logging_mixin.py:188} INFO - [2024-04-04T22:42:54.348+0000] {dag.py:3036} INFO - Sync 1 DAGs
[2024-04-04T22:42:54.367+0000] {logging_mixin.py:188} INFO - [2024-04-04T22:42:54.367+0000] {dag.py:3823} INFO - Setting next_dagrun for ingest_csv_to_iceberg to None, run_after=None
[2024-04-04T22:42:54.399+0000] {processor.py:183} INFO - Processing /opt/airflow/dags/ingest_csv_to_iceberg.py took 0.360 seconds
[2024-04-04T22:43:24.631+0000] {processor.py:161} INFO - Started process (PID=230) to work on /opt/airflow/dags/ingest_csv_to_iceberg.py
[2024-04-04T22:43:24.634+0000] {processor.py:830} INFO - Processing file /opt/airflow/dags/ingest_csv_to_iceberg.py for tasks to queue
[2024-04-04T22:43:24.639+0000] {logging_mixin.py:188} INFO - [2024-04-04T22:43:24.638+0000] {dagbag.py:538} INFO - Filling up the DagBag from /opt/airflow/dags/ingest_csv_to_iceberg.py
[2024-04-04T22:43:25.181+0000] {logging_mixin.py:188} INFO - [2024-04-04T22:43:25.181+0000] {ingest_csv_to_iceberg.py:34} INFO - DAG parsing...
[2024-04-04T22:43:25.214+0000] {logging_mixin.py:188} WARNING - /home/airflow/.local/lib/python3.10/site-packages/airflow/models/dagbag.py:344 RemovedInAirflow3Warning: airflow.operators.python.task is deprecated. Please use the following instead

        from airflow.decorators import task
        @task
        def my_task()
[2024-04-04T22:43:25.220+0000] {processor.py:840} INFO - DAG(s) 'ingest_csv_to_iceberg' retrieved from /opt/airflow/dags/ingest_csv_to_iceberg.py
[2024-04-04T22:43:25.247+0000] {logging_mixin.py:188} INFO - [2024-04-04T22:43:25.246+0000] {dag.py:3036} INFO - Sync 1 DAGs
[2024-04-04T22:43:25.279+0000] {logging_mixin.py:188} INFO - [2024-04-04T22:43:25.278+0000] {dag.py:3823} INFO - Setting next_dagrun for ingest_csv_to_iceberg to None, run_after=None
[2024-04-04T22:43:25.340+0000] {processor.py:183} INFO - Processing /opt/airflow/dags/ingest_csv_to_iceberg.py took 0.717 seconds
[2024-04-04T22:43:55.568+0000] {processor.py:161} INFO - Started process (PID=256) to work on /opt/airflow/dags/ingest_csv_to_iceberg.py
[2024-04-04T22:43:55.569+0000] {processor.py:830} INFO - Processing file /opt/airflow/dags/ingest_csv_to_iceberg.py for tasks to queue
[2024-04-04T22:43:55.571+0000] {logging_mixin.py:188} INFO - [2024-04-04T22:43:55.571+0000] {dagbag.py:538} INFO - Filling up the DagBag from /opt/airflow/dags/ingest_csv_to_iceberg.py
[2024-04-04T22:43:55.810+0000] {logging_mixin.py:188} INFO - [2024-04-04T22:43:55.810+0000] {ingest_csv_to_iceberg.py:34} INFO - DAG parsing...
[2024-04-04T22:43:55.824+0000] {logging_mixin.py:188} WARNING - /home/airflow/.local/lib/python3.10/site-packages/airflow/models/dagbag.py:344 RemovedInAirflow3Warning: airflow.operators.python.task is deprecated. Please use the following instead

        from airflow.decorators import task
        @task
        def my_task()
[2024-04-04T22:43:55.828+0000] {processor.py:840} INFO - DAG(s) 'ingest_csv_to_iceberg' retrieved from /opt/airflow/dags/ingest_csv_to_iceberg.py
[2024-04-04T22:43:55.936+0000] {logging_mixin.py:188} INFO - [2024-04-04T22:43:55.936+0000] {dag.py:3036} INFO - Sync 1 DAGs
[2024-04-04T22:43:55.949+0000] {logging_mixin.py:188} INFO - [2024-04-04T22:43:55.948+0000] {dag.py:3823} INFO - Setting next_dagrun for ingest_csv_to_iceberg to None, run_after=None
[2024-04-04T22:43:55.973+0000] {processor.py:183} INFO - Processing /opt/airflow/dags/ingest_csv_to_iceberg.py took 0.410 seconds
[2024-04-04T22:44:26.353+0000] {processor.py:161} INFO - Started process (PID=282) to work on /opt/airflow/dags/ingest_csv_to_iceberg.py
[2024-04-04T22:44:26.355+0000] {processor.py:830} INFO - Processing file /opt/airflow/dags/ingest_csv_to_iceberg.py for tasks to queue
[2024-04-04T22:44:26.356+0000] {logging_mixin.py:188} INFO - [2024-04-04T22:44:26.356+0000] {dagbag.py:538} INFO - Filling up the DagBag from /opt/airflow/dags/ingest_csv_to_iceberg.py
[2024-04-04T22:44:26.617+0000] {logging_mixin.py:188} INFO - [2024-04-04T22:44:26.617+0000] {ingest_csv_to_iceberg.py:34} INFO - DAG parsing...
[2024-04-04T22:44:26.629+0000] {logging_mixin.py:188} WARNING - /home/airflow/.local/lib/python3.10/site-packages/airflow/models/dagbag.py:344 RemovedInAirflow3Warning: airflow.operators.python.task is deprecated. Please use the following instead

        from airflow.decorators import task
        @task
        def my_task()
[2024-04-04T22:44:26.632+0000] {processor.py:840} INFO - DAG(s) 'ingest_csv_to_iceberg' retrieved from /opt/airflow/dags/ingest_csv_to_iceberg.py
[2024-04-04T22:44:26.652+0000] {logging_mixin.py:188} INFO - [2024-04-04T22:44:26.652+0000] {dag.py:3036} INFO - Sync 1 DAGs
[2024-04-04T22:44:26.667+0000] {logging_mixin.py:188} INFO - [2024-04-04T22:44:26.666+0000] {dag.py:3823} INFO - Setting next_dagrun for ingest_csv_to_iceberg to None, run_after=None
[2024-04-04T22:44:26.692+0000] {processor.py:183} INFO - Processing /opt/airflow/dags/ingest_csv_to_iceberg.py took 0.343 seconds
[2024-04-04T22:44:57.479+0000] {processor.py:161} INFO - Started process (PID=308) to work on /opt/airflow/dags/ingest_csv_to_iceberg.py
[2024-04-04T22:44:57.481+0000] {processor.py:830} INFO - Processing file /opt/airflow/dags/ingest_csv_to_iceberg.py for tasks to queue
[2024-04-04T22:44:57.483+0000] {logging_mixin.py:188} INFO - [2024-04-04T22:44:57.482+0000] {dagbag.py:538} INFO - Filling up the DagBag from /opt/airflow/dags/ingest_csv_to_iceberg.py
[2024-04-04T22:44:57.792+0000] {logging_mixin.py:188} INFO - [2024-04-04T22:44:57.792+0000] {ingest_csv_to_iceberg.py:34} INFO - DAG parsing...
[2024-04-04T22:44:57.808+0000] {logging_mixin.py:188} WARNING - /home/airflow/.local/lib/python3.10/site-packages/airflow/models/dagbag.py:344 RemovedInAirflow3Warning: airflow.operators.python.task is deprecated. Please use the following instead

        from airflow.decorators import task
        @task
        def my_task()
[2024-04-04T22:44:57.812+0000] {processor.py:840} INFO - DAG(s) 'ingest_csv_to_iceberg' retrieved from /opt/airflow/dags/ingest_csv_to_iceberg.py
[2024-04-04T22:44:57.843+0000] {logging_mixin.py:188} INFO - [2024-04-04T22:44:57.842+0000] {dag.py:3036} INFO - Sync 1 DAGs
[2024-04-04T22:44:57.863+0000] {logging_mixin.py:188} INFO - [2024-04-04T22:44:57.863+0000] {dag.py:3823} INFO - Setting next_dagrun for ingest_csv_to_iceberg to None, run_after=None
[2024-04-04T22:44:57.913+0000] {processor.py:183} INFO - Processing /opt/airflow/dags/ingest_csv_to_iceberg.py took 0.437 seconds
[2024-04-04T22:45:28.540+0000] {processor.py:161} INFO - Started process (PID=334) to work on /opt/airflow/dags/ingest_csv_to_iceberg.py
[2024-04-04T22:45:28.541+0000] {processor.py:830} INFO - Processing file /opt/airflow/dags/ingest_csv_to_iceberg.py for tasks to queue
[2024-04-04T22:45:28.542+0000] {logging_mixin.py:188} INFO - [2024-04-04T22:45:28.542+0000] {dagbag.py:538} INFO - Filling up the DagBag from /opt/airflow/dags/ingest_csv_to_iceberg.py
[2024-04-04T22:45:28.788+0000] {logging_mixin.py:188} INFO - [2024-04-04T22:45:28.788+0000] {ingest_csv_to_iceberg.py:34} INFO - DAG parsing...
[2024-04-04T22:45:28.809+0000] {logging_mixin.py:188} WARNING - /home/airflow/.local/lib/python3.10/site-packages/airflow/models/dagbag.py:344 RemovedInAirflow3Warning: airflow.operators.python.task is deprecated. Please use the following instead

        from airflow.decorators import task
        @task
        def my_task()
[2024-04-04T22:45:28.813+0000] {processor.py:840} INFO - DAG(s) 'ingest_csv_to_iceberg' retrieved from /opt/airflow/dags/ingest_csv_to_iceberg.py
[2024-04-04T22:45:28.838+0000] {logging_mixin.py:188} INFO - [2024-04-04T22:45:28.837+0000] {dag.py:3036} INFO - Sync 1 DAGs
[2024-04-04T22:45:28.855+0000] {logging_mixin.py:188} INFO - [2024-04-04T22:45:28.855+0000] {dag.py:3823} INFO - Setting next_dagrun for ingest_csv_to_iceberg to None, run_after=None
[2024-04-04T22:45:28.895+0000] {processor.py:183} INFO - Processing /opt/airflow/dags/ingest_csv_to_iceberg.py took 0.359 seconds
[2024-04-04T22:45:59.415+0000] {processor.py:161} INFO - Started process (PID=360) to work on /opt/airflow/dags/ingest_csv_to_iceberg.py
[2024-04-04T22:45:59.417+0000] {processor.py:830} INFO - Processing file /opt/airflow/dags/ingest_csv_to_iceberg.py for tasks to queue
[2024-04-04T22:45:59.419+0000] {logging_mixin.py:188} INFO - [2024-04-04T22:45:59.419+0000] {dagbag.py:538} INFO - Filling up the DagBag from /opt/airflow/dags/ingest_csv_to_iceberg.py
[2024-04-04T22:45:59.702+0000] {logging_mixin.py:188} INFO - [2024-04-04T22:45:59.702+0000] {ingest_csv_to_iceberg.py:34} INFO - DAG parsing...
[2024-04-04T22:45:59.718+0000] {logging_mixin.py:188} WARNING - /home/airflow/.local/lib/python3.10/site-packages/airflow/models/dagbag.py:344 RemovedInAirflow3Warning: airflow.operators.python.task is deprecated. Please use the following instead

        from airflow.decorators import task
        @task
        def my_task()
[2024-04-04T22:45:59.721+0000] {processor.py:840} INFO - DAG(s) 'ingest_csv_to_iceberg' retrieved from /opt/airflow/dags/ingest_csv_to_iceberg.py
[2024-04-04T22:45:59.747+0000] {logging_mixin.py:188} INFO - [2024-04-04T22:45:59.747+0000] {dag.py:3036} INFO - Sync 1 DAGs
[2024-04-04T22:45:59.764+0000] {logging_mixin.py:188} INFO - [2024-04-04T22:45:59.762+0000] {dag.py:3823} INFO - Setting next_dagrun for ingest_csv_to_iceberg to None, run_after=None
[2024-04-04T22:45:59.792+0000] {processor.py:183} INFO - Processing /opt/airflow/dags/ingest_csv_to_iceberg.py took 0.380 seconds
[2024-04-04T22:46:30.131+0000] {processor.py:161} INFO - Started process (PID=386) to work on /opt/airflow/dags/ingest_csv_to_iceberg.py
[2024-04-04T22:46:30.132+0000] {processor.py:830} INFO - Processing file /opt/airflow/dags/ingest_csv_to_iceberg.py for tasks to queue
[2024-04-04T22:46:30.135+0000] {logging_mixin.py:188} INFO - [2024-04-04T22:46:30.134+0000] {dagbag.py:538} INFO - Filling up the DagBag from /opt/airflow/dags/ingest_csv_to_iceberg.py
[2024-04-04T22:46:30.387+0000] {logging_mixin.py:188} INFO - [2024-04-04T22:46:30.387+0000] {ingest_csv_to_iceberg.py:34} INFO - DAG parsing...
[2024-04-04T22:46:30.402+0000] {logging_mixin.py:188} WARNING - /home/airflow/.local/lib/python3.10/site-packages/airflow/models/dagbag.py:344 RemovedInAirflow3Warning: airflow.operators.python.task is deprecated. Please use the following instead

        from airflow.decorators import task
        @task
        def my_task()
[2024-04-04T22:46:30.404+0000] {processor.py:840} INFO - DAG(s) 'ingest_csv_to_iceberg' retrieved from /opt/airflow/dags/ingest_csv_to_iceberg.py
[2024-04-04T22:46:30.426+0000] {logging_mixin.py:188} INFO - [2024-04-04T22:46:30.426+0000] {dag.py:3036} INFO - Sync 1 DAGs
[2024-04-04T22:46:30.441+0000] {logging_mixin.py:188} INFO - [2024-04-04T22:46:30.440+0000] {dag.py:3823} INFO - Setting next_dagrun for ingest_csv_to_iceberg to None, run_after=None
[2024-04-04T22:46:30.470+0000] {processor.py:183} INFO - Processing /opt/airflow/dags/ingest_csv_to_iceberg.py took 0.343 seconds
[2024-04-04T22:47:00.896+0000] {processor.py:161} INFO - Started process (PID=412) to work on /opt/airflow/dags/ingest_csv_to_iceberg.py
[2024-04-04T22:47:00.897+0000] {processor.py:830} INFO - Processing file /opt/airflow/dags/ingest_csv_to_iceberg.py for tasks to queue
[2024-04-04T22:47:00.899+0000] {logging_mixin.py:188} INFO - [2024-04-04T22:47:00.899+0000] {dagbag.py:538} INFO - Filling up the DagBag from /opt/airflow/dags/ingest_csv_to_iceberg.py
[2024-04-04T22:47:01.103+0000] {logging_mixin.py:188} INFO - [2024-04-04T22:47:01.102+0000] {ingest_csv_to_iceberg.py:34} INFO - DAG parsing...
[2024-04-04T22:47:01.114+0000] {logging_mixin.py:188} WARNING - /home/airflow/.local/lib/python3.10/site-packages/airflow/models/dagbag.py:344 RemovedInAirflow3Warning: airflow.operators.python.task is deprecated. Please use the following instead

        from airflow.decorators import task
        @task
        def my_task()
[2024-04-04T22:47:01.117+0000] {processor.py:840} INFO - DAG(s) 'ingest_csv_to_iceberg' retrieved from /opt/airflow/dags/ingest_csv_to_iceberg.py
[2024-04-04T22:47:01.134+0000] {logging_mixin.py:188} INFO - [2024-04-04T22:47:01.133+0000] {dag.py:3036} INFO - Sync 1 DAGs
[2024-04-04T22:47:01.145+0000] {logging_mixin.py:188} INFO - [2024-04-04T22:47:01.145+0000] {dag.py:3823} INFO - Setting next_dagrun for ingest_csv_to_iceberg to None, run_after=None
[2024-04-04T22:47:01.169+0000] {processor.py:183} INFO - Processing /opt/airflow/dags/ingest_csv_to_iceberg.py took 0.275 seconds
[2024-04-04T22:47:31.578+0000] {processor.py:161} INFO - Started process (PID=438) to work on /opt/airflow/dags/ingest_csv_to_iceberg.py
[2024-04-04T22:47:31.579+0000] {processor.py:830} INFO - Processing file /opt/airflow/dags/ingest_csv_to_iceberg.py for tasks to queue
[2024-04-04T22:47:31.582+0000] {logging_mixin.py:188} INFO - [2024-04-04T22:47:31.581+0000] {dagbag.py:538} INFO - Filling up the DagBag from /opt/airflow/dags/ingest_csv_to_iceberg.py
[2024-04-04T22:47:31.897+0000] {logging_mixin.py:188} INFO - [2024-04-04T22:47:31.897+0000] {ingest_csv_to_iceberg.py:34} INFO - DAG parsing...
[2024-04-04T22:47:31.910+0000] {logging_mixin.py:188} WARNING - /home/airflow/.local/lib/python3.10/site-packages/airflow/models/dagbag.py:344 RemovedInAirflow3Warning: airflow.operators.python.task is deprecated. Please use the following instead

        from airflow.decorators import task
        @task
        def my_task()
[2024-04-04T22:47:31.915+0000] {processor.py:840} INFO - DAG(s) 'ingest_csv_to_iceberg' retrieved from /opt/airflow/dags/ingest_csv_to_iceberg.py
[2024-04-04T22:47:31.943+0000] {logging_mixin.py:188} INFO - [2024-04-04T22:47:31.943+0000] {dag.py:3036} INFO - Sync 1 DAGs
[2024-04-04T22:47:31.959+0000] {logging_mixin.py:188} INFO - [2024-04-04T22:47:31.959+0000] {dag.py:3823} INFO - Setting next_dagrun for ingest_csv_to_iceberg to None, run_after=None
[2024-04-04T22:47:31.991+0000] {processor.py:183} INFO - Processing /opt/airflow/dags/ingest_csv_to_iceberg.py took 0.416 seconds
[2024-04-04T22:48:02.419+0000] {processor.py:161} INFO - Started process (PID=464) to work on /opt/airflow/dags/ingest_csv_to_iceberg.py
[2024-04-04T22:48:02.421+0000] {processor.py:830} INFO - Processing file /opt/airflow/dags/ingest_csv_to_iceberg.py for tasks to queue
[2024-04-04T22:48:02.424+0000] {logging_mixin.py:188} INFO - [2024-04-04T22:48:02.423+0000] {dagbag.py:538} INFO - Filling up the DagBag from /opt/airflow/dags/ingest_csv_to_iceberg.py
[2024-04-04T22:48:02.737+0000] {logging_mixin.py:188} INFO - [2024-04-04T22:48:02.737+0000] {ingest_csv_to_iceberg.py:34} INFO - DAG parsing...
[2024-04-04T22:48:02.759+0000] {logging_mixin.py:188} WARNING - /home/airflow/.local/lib/python3.10/site-packages/airflow/models/dagbag.py:344 RemovedInAirflow3Warning: airflow.operators.python.task is deprecated. Please use the following instead

        from airflow.decorators import task
        @task
        def my_task()
[2024-04-04T22:48:02.763+0000] {processor.py:840} INFO - DAG(s) 'ingest_csv_to_iceberg' retrieved from /opt/airflow/dags/ingest_csv_to_iceberg.py
[2024-04-04T22:48:02.793+0000] {logging_mixin.py:188} INFO - [2024-04-04T22:48:02.792+0000] {dag.py:3036} INFO - Sync 1 DAGs
[2024-04-04T22:48:02.812+0000] {logging_mixin.py:188} INFO - [2024-04-04T22:48:02.812+0000] {dag.py:3823} INFO - Setting next_dagrun for ingest_csv_to_iceberg to None, run_after=None
[2024-04-04T22:48:02.847+0000] {processor.py:183} INFO - Processing /opt/airflow/dags/ingest_csv_to_iceberg.py took 0.431 seconds
[2024-04-04T22:48:33.338+0000] {processor.py:161} INFO - Started process (PID=490) to work on /opt/airflow/dags/ingest_csv_to_iceberg.py
[2024-04-04T22:48:33.339+0000] {processor.py:830} INFO - Processing file /opt/airflow/dags/ingest_csv_to_iceberg.py for tasks to queue
[2024-04-04T22:48:33.341+0000] {logging_mixin.py:188} INFO - [2024-04-04T22:48:33.341+0000] {dagbag.py:538} INFO - Filling up the DagBag from /opt/airflow/dags/ingest_csv_to_iceberg.py
[2024-04-04T22:48:33.588+0000] {logging_mixin.py:188} INFO - [2024-04-04T22:48:33.588+0000] {ingest_csv_to_iceberg.py:34} INFO - DAG parsing...
[2024-04-04T22:48:33.597+0000] {logging_mixin.py:188} WARNING - /home/airflow/.local/lib/python3.10/site-packages/airflow/models/dagbag.py:344 RemovedInAirflow3Warning: airflow.operators.python.task is deprecated. Please use the following instead

        from airflow.decorators import task
        @task
        def my_task()
[2024-04-04T22:48:33.600+0000] {processor.py:840} INFO - DAG(s) 'ingest_csv_to_iceberg' retrieved from /opt/airflow/dags/ingest_csv_to_iceberg.py
[2024-04-04T22:48:33.617+0000] {logging_mixin.py:188} INFO - [2024-04-04T22:48:33.617+0000] {dag.py:3036} INFO - Sync 1 DAGs
[2024-04-04T22:48:33.630+0000] {logging_mixin.py:188} INFO - [2024-04-04T22:48:33.630+0000] {dag.py:3823} INFO - Setting next_dagrun for ingest_csv_to_iceberg to None, run_after=None
[2024-04-04T22:48:33.650+0000] {processor.py:183} INFO - Processing /opt/airflow/dags/ingest_csv_to_iceberg.py took 0.314 seconds
[2024-04-04T22:49:04.472+0000] {processor.py:161} INFO - Started process (PID=516) to work on /opt/airflow/dags/ingest_csv_to_iceberg.py
[2024-04-04T22:49:04.473+0000] {processor.py:830} INFO - Processing file /opt/airflow/dags/ingest_csv_to_iceberg.py for tasks to queue
[2024-04-04T22:49:04.475+0000] {logging_mixin.py:188} INFO - [2024-04-04T22:49:04.475+0000] {dagbag.py:538} INFO - Filling up the DagBag from /opt/airflow/dags/ingest_csv_to_iceberg.py
[2024-04-04T22:49:04.778+0000] {logging_mixin.py:188} INFO - [2024-04-04T22:49:04.778+0000] {ingest_csv_to_iceberg.py:34} INFO - DAG parsing...
[2024-04-04T22:49:04.795+0000] {logging_mixin.py:188} WARNING - /home/airflow/.local/lib/python3.10/site-packages/airflow/models/dagbag.py:344 RemovedInAirflow3Warning: airflow.operators.python.task is deprecated. Please use the following instead

        from airflow.decorators import task
        @task
        def my_task()
[2024-04-04T22:49:04.800+0000] {processor.py:840} INFO - DAG(s) 'ingest_csv_to_iceberg' retrieved from /opt/airflow/dags/ingest_csv_to_iceberg.py
[2024-04-04T22:49:04.823+0000] {logging_mixin.py:188} INFO - [2024-04-04T22:49:04.823+0000] {dag.py:3036} INFO - Sync 1 DAGs
[2024-04-04T22:49:04.840+0000] {logging_mixin.py:188} INFO - [2024-04-04T22:49:04.839+0000] {dag.py:3823} INFO - Setting next_dagrun for ingest_csv_to_iceberg to None, run_after=None
[2024-04-04T22:49:04.866+0000] {processor.py:183} INFO - Processing /opt/airflow/dags/ingest_csv_to_iceberg.py took 0.398 seconds
[2024-04-04T22:49:35.298+0000] {processor.py:161} INFO - Started process (PID=542) to work on /opt/airflow/dags/ingest_csv_to_iceberg.py
[2024-04-04T22:49:35.299+0000] {processor.py:830} INFO - Processing file /opt/airflow/dags/ingest_csv_to_iceberg.py for tasks to queue
[2024-04-04T22:49:35.301+0000] {logging_mixin.py:188} INFO - [2024-04-04T22:49:35.301+0000] {dagbag.py:538} INFO - Filling up the DagBag from /opt/airflow/dags/ingest_csv_to_iceberg.py
[2024-04-04T22:49:35.539+0000] {logging_mixin.py:188} INFO - [2024-04-04T22:49:35.538+0000] {ingest_csv_to_iceberg.py:34} INFO - DAG parsing...
[2024-04-04T22:49:35.555+0000] {logging_mixin.py:188} WARNING - /home/airflow/.local/lib/python3.10/site-packages/airflow/models/dagbag.py:344 RemovedInAirflow3Warning: airflow.operators.python.task is deprecated. Please use the following instead

        from airflow.decorators import task
        @task
        def my_task()
[2024-04-04T22:49:35.559+0000] {processor.py:840} INFO - DAG(s) 'ingest_csv_to_iceberg' retrieved from /opt/airflow/dags/ingest_csv_to_iceberg.py
[2024-04-04T22:49:35.585+0000] {logging_mixin.py:188} INFO - [2024-04-04T22:49:35.585+0000] {dag.py:3036} INFO - Sync 1 DAGs
[2024-04-04T22:49:35.603+0000] {logging_mixin.py:188} INFO - [2024-04-04T22:49:35.603+0000] {dag.py:3823} INFO - Setting next_dagrun for ingest_csv_to_iceberg to None, run_after=None
[2024-04-04T22:49:35.636+0000] {processor.py:183} INFO - Processing /opt/airflow/dags/ingest_csv_to_iceberg.py took 0.342 seconds
[2024-04-04T22:50:05.951+0000] {processor.py:161} INFO - Started process (PID=568) to work on /opt/airflow/dags/ingest_csv_to_iceberg.py
[2024-04-04T22:50:05.955+0000] {processor.py:830} INFO - Processing file /opt/airflow/dags/ingest_csv_to_iceberg.py for tasks to queue
[2024-04-04T22:50:05.958+0000] {logging_mixin.py:188} INFO - [2024-04-04T22:50:05.957+0000] {dagbag.py:538} INFO - Filling up the DagBag from /opt/airflow/dags/ingest_csv_to_iceberg.py
[2024-04-04T22:50:06.292+0000] {logging_mixin.py:188} INFO - [2024-04-04T22:50:06.291+0000] {ingest_csv_to_iceberg.py:34} INFO - DAG parsing...
[2024-04-04T22:50:06.309+0000] {logging_mixin.py:188} WARNING - /home/airflow/.local/lib/python3.10/site-packages/airflow/models/dagbag.py:344 RemovedInAirflow3Warning: airflow.operators.python.task is deprecated. Please use the following instead

        from airflow.decorators import task
        @task
        def my_task()
[2024-04-04T22:50:06.313+0000] {processor.py:840} INFO - DAG(s) 'ingest_csv_to_iceberg' retrieved from /opt/airflow/dags/ingest_csv_to_iceberg.py
[2024-04-04T22:50:06.339+0000] {logging_mixin.py:188} INFO - [2024-04-04T22:50:06.339+0000] {dag.py:3036} INFO - Sync 1 DAGs
[2024-04-04T22:50:06.356+0000] {logging_mixin.py:188} INFO - [2024-04-04T22:50:06.355+0000] {dag.py:3823} INFO - Setting next_dagrun for ingest_csv_to_iceberg to None, run_after=None
[2024-04-04T22:50:06.390+0000] {processor.py:183} INFO - Processing /opt/airflow/dags/ingest_csv_to_iceberg.py took 0.445 seconds
[2024-04-04T22:50:36.818+0000] {processor.py:161} INFO - Started process (PID=594) to work on /opt/airflow/dags/ingest_csv_to_iceberg.py
[2024-04-04T22:50:36.820+0000] {processor.py:830} INFO - Processing file /opt/airflow/dags/ingest_csv_to_iceberg.py for tasks to queue
[2024-04-04T22:50:36.822+0000] {logging_mixin.py:188} INFO - [2024-04-04T22:50:36.822+0000] {dagbag.py:538} INFO - Filling up the DagBag from /opt/airflow/dags/ingest_csv_to_iceberg.py
[2024-04-04T22:50:37.257+0000] {logging_mixin.py:188} INFO - [2024-04-04T22:50:37.256+0000] {ingest_csv_to_iceberg.py:34} INFO - DAG parsing...
[2024-04-04T22:50:37.286+0000] {logging_mixin.py:188} WARNING - /home/airflow/.local/lib/python3.10/site-packages/airflow/models/dagbag.py:344 RemovedInAirflow3Warning: airflow.operators.python.task is deprecated. Please use the following instead

        from airflow.decorators import task
        @task
        def my_task()
[2024-04-04T22:50:37.290+0000] {processor.py:840} INFO - DAG(s) 'ingest_csv_to_iceberg' retrieved from /opt/airflow/dags/ingest_csv_to_iceberg.py
[2024-04-04T22:50:37.331+0000] {logging_mixin.py:188} INFO - [2024-04-04T22:50:37.330+0000] {dag.py:3036} INFO - Sync 1 DAGs
[2024-04-04T22:50:37.349+0000] {logging_mixin.py:188} INFO - [2024-04-04T22:50:37.348+0000] {dag.py:3823} INFO - Setting next_dagrun for ingest_csv_to_iceberg to None, run_after=None
[2024-04-04T22:50:37.393+0000] {processor.py:183} INFO - Processing /opt/airflow/dags/ingest_csv_to_iceberg.py took 0.578 seconds
[2024-04-04T22:51:07.490+0000] {processor.py:161} INFO - Started process (PID=620) to work on /opt/airflow/dags/ingest_csv_to_iceberg.py
[2024-04-04T22:51:07.492+0000] {processor.py:830} INFO - Processing file /opt/airflow/dags/ingest_csv_to_iceberg.py for tasks to queue
[2024-04-04T22:51:07.495+0000] {logging_mixin.py:188} INFO - [2024-04-04T22:51:07.494+0000] {dagbag.py:538} INFO - Filling up the DagBag from /opt/airflow/dags/ingest_csv_to_iceberg.py
[2024-04-04T22:51:07.815+0000] {logging_mixin.py:188} INFO - [2024-04-04T22:51:07.814+0000] {ingest_csv_to_iceberg.py:34} INFO - DAG parsing...
[2024-04-04T22:51:07.827+0000] {logging_mixin.py:188} WARNING - /home/airflow/.local/lib/python3.10/site-packages/airflow/models/dagbag.py:344 RemovedInAirflow3Warning: airflow.operators.python.task is deprecated. Please use the following instead

        from airflow.decorators import task
        @task
        def my_task()
[2024-04-04T22:51:07.830+0000] {processor.py:840} INFO - DAG(s) 'ingest_csv_to_iceberg' retrieved from /opt/airflow/dags/ingest_csv_to_iceberg.py
[2024-04-04T22:51:07.854+0000] {logging_mixin.py:188} INFO - [2024-04-04T22:51:07.853+0000] {dag.py:3036} INFO - Sync 1 DAGs
[2024-04-04T22:51:07.867+0000] {logging_mixin.py:188} INFO - [2024-04-04T22:51:07.867+0000] {dag.py:3823} INFO - Setting next_dagrun for ingest_csv_to_iceberg to None, run_after=None
[2024-04-04T22:51:07.907+0000] {processor.py:183} INFO - Processing /opt/airflow/dags/ingest_csv_to_iceberg.py took 0.421 seconds
[2024-04-04T22:51:38.101+0000] {processor.py:161} INFO - Started process (PID=646) to work on /opt/airflow/dags/ingest_csv_to_iceberg.py
[2024-04-04T22:51:38.103+0000] {processor.py:830} INFO - Processing file /opt/airflow/dags/ingest_csv_to_iceberg.py for tasks to queue
[2024-04-04T22:51:38.105+0000] {logging_mixin.py:188} INFO - [2024-04-04T22:51:38.105+0000] {dagbag.py:538} INFO - Filling up the DagBag from /opt/airflow/dags/ingest_csv_to_iceberg.py
[2024-04-04T22:51:38.348+0000] {logging_mixin.py:188} INFO - [2024-04-04T22:51:38.348+0000] {ingest_csv_to_iceberg.py:34} INFO - DAG parsing...
[2024-04-04T22:51:38.363+0000] {logging_mixin.py:188} WARNING - /home/airflow/.local/lib/python3.10/site-packages/airflow/models/dagbag.py:344 RemovedInAirflow3Warning: airflow.operators.python.task is deprecated. Please use the following instead

        from airflow.decorators import task
        @task
        def my_task()
[2024-04-04T22:51:38.368+0000] {processor.py:840} INFO - DAG(s) 'ingest_csv_to_iceberg' retrieved from /opt/airflow/dags/ingest_csv_to_iceberg.py
[2024-04-04T22:51:38.393+0000] {logging_mixin.py:188} INFO - [2024-04-04T22:51:38.393+0000] {dag.py:3036} INFO - Sync 1 DAGs
[2024-04-04T22:51:38.407+0000] {logging_mixin.py:188} INFO - [2024-04-04T22:51:38.407+0000] {dag.py:3823} INFO - Setting next_dagrun for ingest_csv_to_iceberg to None, run_after=None
[2024-04-04T22:51:38.436+0000] {processor.py:183} INFO - Processing /opt/airflow/dags/ingest_csv_to_iceberg.py took 0.339 seconds
[2024-04-04T22:52:08.942+0000] {processor.py:161} INFO - Started process (PID=672) to work on /opt/airflow/dags/ingest_csv_to_iceberg.py
[2024-04-04T22:52:08.944+0000] {processor.py:830} INFO - Processing file /opt/airflow/dags/ingest_csv_to_iceberg.py for tasks to queue
[2024-04-04T22:52:08.948+0000] {logging_mixin.py:188} INFO - [2024-04-04T22:52:08.947+0000] {dagbag.py:538} INFO - Filling up the DagBag from /opt/airflow/dags/ingest_csv_to_iceberg.py
[2024-04-04T22:52:09.337+0000] {logging_mixin.py:188} INFO - [2024-04-04T22:52:09.337+0000] {ingest_csv_to_iceberg.py:34} INFO - DAG parsing...
[2024-04-04T22:52:09.366+0000] {logging_mixin.py:188} WARNING - /home/airflow/.local/lib/python3.10/site-packages/airflow/models/dagbag.py:344 RemovedInAirflow3Warning: airflow.operators.python.task is deprecated. Please use the following instead

        from airflow.decorators import task
        @task
        def my_task()
[2024-04-04T22:52:09.373+0000] {processor.py:840} INFO - DAG(s) 'ingest_csv_to_iceberg' retrieved from /opt/airflow/dags/ingest_csv_to_iceberg.py
[2024-04-04T22:52:09.402+0000] {logging_mixin.py:188} INFO - [2024-04-04T22:52:09.402+0000] {dag.py:3036} INFO - Sync 1 DAGs
[2024-04-04T22:52:09.420+0000] {logging_mixin.py:188} INFO - [2024-04-04T22:52:09.419+0000] {dag.py:3823} INFO - Setting next_dagrun for ingest_csv_to_iceberg to None, run_after=None
[2024-04-04T22:52:09.447+0000] {processor.py:183} INFO - Processing /opt/airflow/dags/ingest_csv_to_iceberg.py took 0.509 seconds
[2024-04-04T22:52:39.910+0000] {processor.py:161} INFO - Started process (PID=698) to work on /opt/airflow/dags/ingest_csv_to_iceberg.py
[2024-04-04T22:52:39.911+0000] {processor.py:830} INFO - Processing file /opt/airflow/dags/ingest_csv_to_iceberg.py for tasks to queue
[2024-04-04T22:52:39.914+0000] {logging_mixin.py:188} INFO - [2024-04-04T22:52:39.914+0000] {dagbag.py:538} INFO - Filling up the DagBag from /opt/airflow/dags/ingest_csv_to_iceberg.py
[2024-04-04T22:52:40.192+0000] {logging_mixin.py:188} INFO - [2024-04-04T22:52:40.191+0000] {ingest_csv_to_iceberg.py:34} INFO - DAG parsing...
[2024-04-04T22:52:40.209+0000] {logging_mixin.py:188} WARNING - /home/airflow/.local/lib/python3.10/site-packages/airflow/models/dagbag.py:344 RemovedInAirflow3Warning: airflow.operators.python.task is deprecated. Please use the following instead

        from airflow.decorators import task
        @task
        def my_task()
[2024-04-04T22:52:40.212+0000] {processor.py:840} INFO - DAG(s) 'ingest_csv_to_iceberg' retrieved from /opt/airflow/dags/ingest_csv_to_iceberg.py
[2024-04-04T22:52:40.237+0000] {logging_mixin.py:188} INFO - [2024-04-04T22:52:40.236+0000] {dag.py:3036} INFO - Sync 1 DAGs
[2024-04-04T22:52:40.253+0000] {logging_mixin.py:188} INFO - [2024-04-04T22:52:40.252+0000] {dag.py:3823} INFO - Setting next_dagrun for ingest_csv_to_iceberg to None, run_after=None
[2024-04-04T22:52:40.281+0000] {processor.py:183} INFO - Processing /opt/airflow/dags/ingest_csv_to_iceberg.py took 0.375 seconds
[2024-04-04T22:53:10.732+0000] {processor.py:161} INFO - Started process (PID=724) to work on /opt/airflow/dags/ingest_csv_to_iceberg.py
[2024-04-04T22:53:10.733+0000] {processor.py:830} INFO - Processing file /opt/airflow/dags/ingest_csv_to_iceberg.py for tasks to queue
[2024-04-04T22:53:10.736+0000] {logging_mixin.py:188} INFO - [2024-04-04T22:53:10.736+0000] {dagbag.py:538} INFO - Filling up the DagBag from /opt/airflow/dags/ingest_csv_to_iceberg.py
[2024-04-04T22:53:11.046+0000] {logging_mixin.py:188} INFO - [2024-04-04T22:53:11.046+0000] {ingest_csv_to_iceberg.py:34} INFO - DAG parsing...
[2024-04-04T22:53:11.063+0000] {logging_mixin.py:188} WARNING - /home/airflow/.local/lib/python3.10/site-packages/airflow/models/dagbag.py:344 RemovedInAirflow3Warning: airflow.operators.python.task is deprecated. Please use the following instead

        from airflow.decorators import task
        @task
        def my_task()
[2024-04-04T22:53:11.067+0000] {processor.py:840} INFO - DAG(s) 'ingest_csv_to_iceberg' retrieved from /opt/airflow/dags/ingest_csv_to_iceberg.py
[2024-04-04T22:53:11.095+0000] {logging_mixin.py:188} INFO - [2024-04-04T22:53:11.094+0000] {dag.py:3036} INFO - Sync 1 DAGs
[2024-04-04T22:53:11.110+0000] {logging_mixin.py:188} INFO - [2024-04-04T22:53:11.110+0000] {dag.py:3823} INFO - Setting next_dagrun for ingest_csv_to_iceberg to None, run_after=None
[2024-04-04T22:53:11.145+0000] {processor.py:183} INFO - Processing /opt/airflow/dags/ingest_csv_to_iceberg.py took 0.418 seconds
[2024-04-04T22:53:41.315+0000] {processor.py:161} INFO - Started process (PID=750) to work on /opt/airflow/dags/ingest_csv_to_iceberg.py
[2024-04-04T22:53:41.317+0000] {processor.py:830} INFO - Processing file /opt/airflow/dags/ingest_csv_to_iceberg.py for tasks to queue
[2024-04-04T22:53:41.320+0000] {logging_mixin.py:188} INFO - [2024-04-04T22:53:41.319+0000] {dagbag.py:538} INFO - Filling up the DagBag from /opt/airflow/dags/ingest_csv_to_iceberg.py
[2024-04-04T22:53:41.613+0000] {logging_mixin.py:188} INFO - [2024-04-04T22:53:41.612+0000] {ingest_csv_to_iceberg.py:34} INFO - DAG parsing...
[2024-04-04T22:53:41.629+0000] {logging_mixin.py:188} WARNING - /home/airflow/.local/lib/python3.10/site-packages/airflow/models/dagbag.py:344 RemovedInAirflow3Warning: airflow.operators.python.task is deprecated. Please use the following instead

        from airflow.decorators import task
        @task
        def my_task()
[2024-04-04T22:53:41.633+0000] {processor.py:840} INFO - DAG(s) 'ingest_csv_to_iceberg' retrieved from /opt/airflow/dags/ingest_csv_to_iceberg.py
[2024-04-04T22:53:41.661+0000] {logging_mixin.py:188} INFO - [2024-04-04T22:53:41.661+0000] {dag.py:3036} INFO - Sync 1 DAGs
[2024-04-04T22:53:41.679+0000] {logging_mixin.py:188} INFO - [2024-04-04T22:53:41.679+0000] {dag.py:3823} INFO - Setting next_dagrun for ingest_csv_to_iceberg to None, run_after=None
[2024-04-04T22:53:41.713+0000] {processor.py:183} INFO - Processing /opt/airflow/dags/ingest_csv_to_iceberg.py took 0.402 seconds
[2024-04-04T22:54:12.604+0000] {processor.py:161} INFO - Started process (PID=776) to work on /opt/airflow/dags/ingest_csv_to_iceberg.py
[2024-04-04T22:54:12.606+0000] {processor.py:830} INFO - Processing file /opt/airflow/dags/ingest_csv_to_iceberg.py for tasks to queue
[2024-04-04T22:54:12.609+0000] {logging_mixin.py:188} INFO - [2024-04-04T22:54:12.608+0000] {dagbag.py:538} INFO - Filling up the DagBag from /opt/airflow/dags/ingest_csv_to_iceberg.py
[2024-04-04T22:54:12.840+0000] {logging_mixin.py:188} INFO - [2024-04-04T22:54:12.839+0000] {ingest_csv_to_iceberg.py:34} INFO - DAG parsing...
[2024-04-04T22:54:12.854+0000] {logging_mixin.py:188} WARNING - /home/airflow/.local/lib/python3.10/site-packages/airflow/models/dagbag.py:344 RemovedInAirflow3Warning: airflow.operators.python.task is deprecated. Please use the following instead

        from airflow.decorators import task
        @task
        def my_task()
[2024-04-04T22:54:12.857+0000] {processor.py:840} INFO - DAG(s) 'ingest_csv_to_iceberg' retrieved from /opt/airflow/dags/ingest_csv_to_iceberg.py
[2024-04-04T22:54:12.884+0000] {logging_mixin.py:188} INFO - [2024-04-04T22:54:12.883+0000] {dag.py:3036} INFO - Sync 1 DAGs
[2024-04-04T22:54:12.897+0000] {logging_mixin.py:188} INFO - [2024-04-04T22:54:12.897+0000] {dag.py:3823} INFO - Setting next_dagrun for ingest_csv_to_iceberg to None, run_after=None
[2024-04-04T22:54:12.919+0000] {processor.py:183} INFO - Processing /opt/airflow/dags/ingest_csv_to_iceberg.py took 0.320 seconds
[2024-04-04T22:54:43.332+0000] {processor.py:161} INFO - Started process (PID=802) to work on /opt/airflow/dags/ingest_csv_to_iceberg.py
[2024-04-04T22:54:43.334+0000] {processor.py:830} INFO - Processing file /opt/airflow/dags/ingest_csv_to_iceberg.py for tasks to queue
[2024-04-04T22:54:43.338+0000] {logging_mixin.py:188} INFO - [2024-04-04T22:54:43.337+0000] {dagbag.py:538} INFO - Filling up the DagBag from /opt/airflow/dags/ingest_csv_to_iceberg.py
[2024-04-04T22:54:43.729+0000] {logging_mixin.py:188} INFO - [2024-04-04T22:54:43.728+0000] {ingest_csv_to_iceberg.py:34} INFO - DAG parsing...
[2024-04-04T22:54:43.746+0000] {logging_mixin.py:188} WARNING - /home/airflow/.local/lib/python3.10/site-packages/airflow/models/dagbag.py:344 RemovedInAirflow3Warning: airflow.operators.python.task is deprecated. Please use the following instead

        from airflow.decorators import task
        @task
        def my_task()
[2024-04-04T22:54:43.750+0000] {processor.py:840} INFO - DAG(s) 'ingest_csv_to_iceberg' retrieved from /opt/airflow/dags/ingest_csv_to_iceberg.py
[2024-04-04T22:54:43.776+0000] {logging_mixin.py:188} INFO - [2024-04-04T22:54:43.776+0000] {dag.py:3036} INFO - Sync 1 DAGs
[2024-04-04T22:54:43.791+0000] {logging_mixin.py:188} INFO - [2024-04-04T22:54:43.791+0000] {dag.py:3823} INFO - Setting next_dagrun for ingest_csv_to_iceberg to None, run_after=None
[2024-04-04T22:54:43.826+0000] {processor.py:183} INFO - Processing /opt/airflow/dags/ingest_csv_to_iceberg.py took 0.497 seconds
[2024-04-04T22:55:14.325+0000] {processor.py:161} INFO - Started process (PID=828) to work on /opt/airflow/dags/ingest_csv_to_iceberg.py
[2024-04-04T22:55:14.327+0000] {processor.py:830} INFO - Processing file /opt/airflow/dags/ingest_csv_to_iceberg.py for tasks to queue
[2024-04-04T22:55:14.331+0000] {logging_mixin.py:188} INFO - [2024-04-04T22:55:14.330+0000] {dagbag.py:538} INFO - Filling up the DagBag from /opt/airflow/dags/ingest_csv_to_iceberg.py
[2024-04-04T22:55:14.719+0000] {logging_mixin.py:188} INFO - [2024-04-04T22:55:14.718+0000] {ingest_csv_to_iceberg.py:34} INFO - DAG parsing...
[2024-04-04T22:55:14.741+0000] {logging_mixin.py:188} WARNING - /home/airflow/.local/lib/python3.10/site-packages/airflow/models/dagbag.py:344 RemovedInAirflow3Warning: airflow.operators.python.task is deprecated. Please use the following instead

        from airflow.decorators import task
        @task
        def my_task()
[2024-04-04T22:55:14.745+0000] {processor.py:840} INFO - DAG(s) 'ingest_csv_to_iceberg' retrieved from /opt/airflow/dags/ingest_csv_to_iceberg.py
[2024-04-04T22:55:14.779+0000] {logging_mixin.py:188} INFO - [2024-04-04T22:55:14.778+0000] {dag.py:3036} INFO - Sync 1 DAGs
[2024-04-04T22:55:14.796+0000] {logging_mixin.py:188} INFO - [2024-04-04T22:55:14.796+0000] {dag.py:3823} INFO - Setting next_dagrun for ingest_csv_to_iceberg to None, run_after=None
[2024-04-04T22:55:14.841+0000] {processor.py:183} INFO - Processing /opt/airflow/dags/ingest_csv_to_iceberg.py took 0.523 seconds
[2024-04-04T22:55:45.534+0000] {processor.py:161} INFO - Started process (PID=854) to work on /opt/airflow/dags/ingest_csv_to_iceberg.py
[2024-04-04T22:55:45.536+0000] {processor.py:830} INFO - Processing file /opt/airflow/dags/ingest_csv_to_iceberg.py for tasks to queue
[2024-04-04T22:55:45.539+0000] {logging_mixin.py:188} INFO - [2024-04-04T22:55:45.538+0000] {dagbag.py:538} INFO - Filling up the DagBag from /opt/airflow/dags/ingest_csv_to_iceberg.py
[2024-04-04T22:55:45.886+0000] {logging_mixin.py:188} INFO - [2024-04-04T22:55:45.886+0000] {ingest_csv_to_iceberg.py:34} INFO - DAG parsing...
[2024-04-04T22:55:45.900+0000] {logging_mixin.py:188} WARNING - /home/airflow/.local/lib/python3.10/site-packages/airflow/models/dagbag.py:344 RemovedInAirflow3Warning: airflow.operators.python.task is deprecated. Please use the following instead

        from airflow.decorators import task
        @task
        def my_task()
[2024-04-04T22:55:45.904+0000] {processor.py:840} INFO - DAG(s) 'ingest_csv_to_iceberg' retrieved from /opt/airflow/dags/ingest_csv_to_iceberg.py
[2024-04-04T22:55:45.925+0000] {logging_mixin.py:188} INFO - [2024-04-04T22:55:45.925+0000] {dag.py:3036} INFO - Sync 1 DAGs
[2024-04-04T22:55:45.938+0000] {logging_mixin.py:188} INFO - [2024-04-04T22:55:45.937+0000] {dag.py:3823} INFO - Setting next_dagrun for ingest_csv_to_iceberg to None, run_after=None
[2024-04-04T22:55:45.962+0000] {processor.py:183} INFO - Processing /opt/airflow/dags/ingest_csv_to_iceberg.py took 0.431 seconds
[2024-04-04T22:56:16.422+0000] {processor.py:161} INFO - Started process (PID=880) to work on /opt/airflow/dags/ingest_csv_to_iceberg.py
[2024-04-04T22:56:16.424+0000] {processor.py:830} INFO - Processing file /opt/airflow/dags/ingest_csv_to_iceberg.py for tasks to queue
[2024-04-04T22:56:16.426+0000] {logging_mixin.py:188} INFO - [2024-04-04T22:56:16.426+0000] {dagbag.py:538} INFO - Filling up the DagBag from /opt/airflow/dags/ingest_csv_to_iceberg.py
[2024-04-04T22:56:16.676+0000] {logging_mixin.py:188} INFO - [2024-04-04T22:56:16.676+0000] {ingest_csv_to_iceberg.py:34} INFO - DAG parsing...
[2024-04-04T22:56:16.689+0000] {logging_mixin.py:188} WARNING - /home/airflow/.local/lib/python3.10/site-packages/airflow/models/dagbag.py:344 RemovedInAirflow3Warning: airflow.operators.python.task is deprecated. Please use the following instead

        from airflow.decorators import task
        @task
        def my_task()
[2024-04-04T22:56:16.692+0000] {processor.py:840} INFO - DAG(s) 'ingest_csv_to_iceberg' retrieved from /opt/airflow/dags/ingest_csv_to_iceberg.py
[2024-04-04T22:56:16.718+0000] {logging_mixin.py:188} INFO - [2024-04-04T22:56:16.718+0000] {dag.py:3036} INFO - Sync 1 DAGs
[2024-04-04T22:56:16.736+0000] {logging_mixin.py:188} INFO - [2024-04-04T22:56:16.736+0000] {dag.py:3823} INFO - Setting next_dagrun for ingest_csv_to_iceberg to None, run_after=None
[2024-04-04T22:56:16.766+0000] {processor.py:183} INFO - Processing /opt/airflow/dags/ingest_csv_to_iceberg.py took 0.348 seconds
[2024-04-04T22:56:47.647+0000] {processor.py:161} INFO - Started process (PID=906) to work on /opt/airflow/dags/ingest_csv_to_iceberg.py
[2024-04-04T22:56:47.650+0000] {processor.py:830} INFO - Processing file /opt/airflow/dags/ingest_csv_to_iceberg.py for tasks to queue
[2024-04-04T22:56:47.653+0000] {logging_mixin.py:188} INFO - [2024-04-04T22:56:47.652+0000] {dagbag.py:538} INFO - Filling up the DagBag from /opt/airflow/dags/ingest_csv_to_iceberg.py
[2024-04-04T22:56:48.006+0000] {logging_mixin.py:188} INFO - [2024-04-04T22:56:48.006+0000] {ingest_csv_to_iceberg.py:34} INFO - DAG parsing...
[2024-04-04T22:56:48.022+0000] {logging_mixin.py:188} WARNING - /home/airflow/.local/lib/python3.10/site-packages/airflow/models/dagbag.py:344 RemovedInAirflow3Warning: airflow.operators.python.task is deprecated. Please use the following instead

        from airflow.decorators import task
        @task
        def my_task()
[2024-04-04T22:56:48.026+0000] {processor.py:840} INFO - DAG(s) 'ingest_csv_to_iceberg' retrieved from /opt/airflow/dags/ingest_csv_to_iceberg.py
[2024-04-04T22:56:48.053+0000] {logging_mixin.py:188} INFO - [2024-04-04T22:56:48.053+0000] {dag.py:3036} INFO - Sync 1 DAGs
[2024-04-04T22:56:48.070+0000] {logging_mixin.py:188} INFO - [2024-04-04T22:56:48.069+0000] {dag.py:3823} INFO - Setting next_dagrun for ingest_csv_to_iceberg to None, run_after=None
[2024-04-04T22:56:48.101+0000] {processor.py:183} INFO - Processing /opt/airflow/dags/ingest_csv_to_iceberg.py took 0.457 seconds
[2024-04-04T22:57:18.571+0000] {processor.py:161} INFO - Started process (PID=932) to work on /opt/airflow/dags/ingest_csv_to_iceberg.py
[2024-04-04T22:57:18.574+0000] {processor.py:830} INFO - Processing file /opt/airflow/dags/ingest_csv_to_iceberg.py for tasks to queue
[2024-04-04T22:57:18.576+0000] {logging_mixin.py:188} INFO - [2024-04-04T22:57:18.576+0000] {dagbag.py:538} INFO - Filling up the DagBag from /opt/airflow/dags/ingest_csv_to_iceberg.py
[2024-04-04T22:57:18.947+0000] {logging_mixin.py:188} INFO - [2024-04-04T22:57:18.946+0000] {ingest_csv_to_iceberg.py:34} INFO - DAG parsing...
[2024-04-04T22:57:18.960+0000] {logging_mixin.py:188} WARNING - /home/airflow/.local/lib/python3.10/site-packages/airflow/models/dagbag.py:344 RemovedInAirflow3Warning: airflow.operators.python.task is deprecated. Please use the following instead

        from airflow.decorators import task
        @task
        def my_task()
[2024-04-04T22:57:18.964+0000] {processor.py:840} INFO - DAG(s) 'ingest_csv_to_iceberg' retrieved from /opt/airflow/dags/ingest_csv_to_iceberg.py
[2024-04-04T22:57:19.007+0000] {logging_mixin.py:188} INFO - [2024-04-04T22:57:19.006+0000] {dag.py:3036} INFO - Sync 1 DAGs
[2024-04-04T22:57:19.022+0000] {logging_mixin.py:188} INFO - [2024-04-04T22:57:19.021+0000] {dag.py:3823} INFO - Setting next_dagrun for ingest_csv_to_iceberg to None, run_after=None
[2024-04-04T22:57:19.047+0000] {processor.py:183} INFO - Processing /opt/airflow/dags/ingest_csv_to_iceberg.py took 0.480 seconds
[2024-04-04T22:57:49.412+0000] {processor.py:161} INFO - Started process (PID=958) to work on /opt/airflow/dags/ingest_csv_to_iceberg.py
[2024-04-04T22:57:49.413+0000] {processor.py:830} INFO - Processing file /opt/airflow/dags/ingest_csv_to_iceberg.py for tasks to queue
[2024-04-04T22:57:49.414+0000] {logging_mixin.py:188} INFO - [2024-04-04T22:57:49.414+0000] {dagbag.py:538} INFO - Filling up the DagBag from /opt/airflow/dags/ingest_csv_to_iceberg.py
[2024-04-04T22:57:49.667+0000] {logging_mixin.py:188} INFO - [2024-04-04T22:57:49.666+0000] {ingest_csv_to_iceberg.py:34} INFO - DAG parsing...
[2024-04-04T22:57:49.676+0000] {logging_mixin.py:188} WARNING - /home/airflow/.local/lib/python3.10/site-packages/airflow/models/dagbag.py:344 RemovedInAirflow3Warning: airflow.operators.python.task is deprecated. Please use the following instead

        from airflow.decorators import task
        @task
        def my_task()
[2024-04-04T22:57:49.679+0000] {processor.py:840} INFO - DAG(s) 'ingest_csv_to_iceberg' retrieved from /opt/airflow/dags/ingest_csv_to_iceberg.py
[2024-04-04T22:57:49.697+0000] {logging_mixin.py:188} INFO - [2024-04-04T22:57:49.696+0000] {dag.py:3036} INFO - Sync 1 DAGs
[2024-04-04T22:57:49.708+0000] {logging_mixin.py:188} INFO - [2024-04-04T22:57:49.707+0000] {dag.py:3823} INFO - Setting next_dagrun for ingest_csv_to_iceberg to None, run_after=None
[2024-04-04T22:57:49.724+0000] {processor.py:183} INFO - Processing /opt/airflow/dags/ingest_csv_to_iceberg.py took 0.315 seconds
[2024-04-04T22:58:20.053+0000] {processor.py:161} INFO - Started process (PID=984) to work on /opt/airflow/dags/ingest_csv_to_iceberg.py
[2024-04-04T22:58:20.055+0000] {processor.py:830} INFO - Processing file /opt/airflow/dags/ingest_csv_to_iceberg.py for tasks to queue
[2024-04-04T22:58:20.058+0000] {logging_mixin.py:188} INFO - [2024-04-04T22:58:20.057+0000] {dagbag.py:538} INFO - Filling up the DagBag from /opt/airflow/dags/ingest_csv_to_iceberg.py
[2024-04-04T22:58:20.374+0000] {logging_mixin.py:188} INFO - [2024-04-04T22:58:20.373+0000] {ingest_csv_to_iceberg.py:34} INFO - DAG parsing...
[2024-04-04T22:58:20.390+0000] {logging_mixin.py:188} WARNING - /home/airflow/.local/lib/python3.10/site-packages/airflow/models/dagbag.py:344 RemovedInAirflow3Warning: airflow.operators.python.task is deprecated. Please use the following instead

        from airflow.decorators import task
        @task
        def my_task()
[2024-04-04T22:58:20.394+0000] {processor.py:840} INFO - DAG(s) 'ingest_csv_to_iceberg' retrieved from /opt/airflow/dags/ingest_csv_to_iceberg.py
[2024-04-04T22:58:20.424+0000] {logging_mixin.py:188} INFO - [2024-04-04T22:58:20.423+0000] {dag.py:3036} INFO - Sync 1 DAGs
[2024-04-04T22:58:20.439+0000] {logging_mixin.py:188} INFO - [2024-04-04T22:58:20.439+0000] {dag.py:3823} INFO - Setting next_dagrun for ingest_csv_to_iceberg to None, run_after=None
[2024-04-04T22:58:20.482+0000] {processor.py:183} INFO - Processing /opt/airflow/dags/ingest_csv_to_iceberg.py took 0.436 seconds
[2024-04-04T22:58:50.748+0000] {processor.py:161} INFO - Started process (PID=1010) to work on /opt/airflow/dags/ingest_csv_to_iceberg.py
[2024-04-04T22:58:50.750+0000] {processor.py:830} INFO - Processing file /opt/airflow/dags/ingest_csv_to_iceberg.py for tasks to queue
[2024-04-04T22:58:50.753+0000] {logging_mixin.py:188} INFO - [2024-04-04T22:58:50.753+0000] {dagbag.py:538} INFO - Filling up the DagBag from /opt/airflow/dags/ingest_csv_to_iceberg.py
[2024-04-04T22:58:51.034+0000] {logging_mixin.py:188} INFO - [2024-04-04T22:58:51.034+0000] {ingest_csv_to_iceberg.py:34} INFO - DAG parsing...
[2024-04-04T22:58:51.056+0000] {logging_mixin.py:188} WARNING - /home/airflow/.local/lib/python3.10/site-packages/airflow/models/dagbag.py:344 RemovedInAirflow3Warning: airflow.operators.python.task is deprecated. Please use the following instead

        from airflow.decorators import task
        @task
        def my_task()
[2024-04-04T22:58:51.062+0000] {processor.py:840} INFO - DAG(s) 'ingest_csv_to_iceberg' retrieved from /opt/airflow/dags/ingest_csv_to_iceberg.py
[2024-04-04T22:58:51.095+0000] {logging_mixin.py:188} INFO - [2024-04-04T22:58:51.095+0000] {dag.py:3036} INFO - Sync 1 DAGs
[2024-04-04T22:58:51.119+0000] {logging_mixin.py:188} INFO - [2024-04-04T22:58:51.119+0000] {dag.py:3823} INFO - Setting next_dagrun for ingest_csv_to_iceberg to None, run_after=None
[2024-04-04T22:58:51.158+0000] {processor.py:183} INFO - Processing /opt/airflow/dags/ingest_csv_to_iceberg.py took 0.415 seconds
[2024-04-04T22:59:21.346+0000] {processor.py:161} INFO - Started process (PID=1036) to work on /opt/airflow/dags/ingest_csv_to_iceberg.py
[2024-04-04T22:59:21.349+0000] {processor.py:830} INFO - Processing file /opt/airflow/dags/ingest_csv_to_iceberg.py for tasks to queue
[2024-04-04T22:59:21.352+0000] {logging_mixin.py:188} INFO - [2024-04-04T22:59:21.352+0000] {dagbag.py:538} INFO - Filling up the DagBag from /opt/airflow/dags/ingest_csv_to_iceberg.py
[2024-04-04T22:59:21.759+0000] {logging_mixin.py:188} INFO - [2024-04-04T22:59:21.759+0000] {ingest_csv_to_iceberg.py:34} INFO - DAG parsing...
[2024-04-04T22:59:21.770+0000] {logging_mixin.py:188} WARNING - /home/airflow/.local/lib/python3.10/site-packages/airflow/models/dagbag.py:344 RemovedInAirflow3Warning: airflow.operators.python.task is deprecated. Please use the following instead

        from airflow.decorators import task
        @task
        def my_task()
[2024-04-04T22:59:21.781+0000] {processor.py:840} INFO - DAG(s) 'ingest_csv_to_iceberg' retrieved from /opt/airflow/dags/ingest_csv_to_iceberg.py
[2024-04-04T22:59:21.804+0000] {logging_mixin.py:188} INFO - [2024-04-04T22:59:21.804+0000] {dag.py:3036} INFO - Sync 1 DAGs
[2024-04-04T22:59:21.819+0000] {logging_mixin.py:188} INFO - [2024-04-04T22:59:21.819+0000] {dag.py:3823} INFO - Setting next_dagrun for ingest_csv_to_iceberg to None, run_after=None
[2024-04-04T22:59:21.848+0000] {processor.py:183} INFO - Processing /opt/airflow/dags/ingest_csv_to_iceberg.py took 0.506 seconds
[2024-04-04T22:59:51.968+0000] {processor.py:161} INFO - Started process (PID=1062) to work on /opt/airflow/dags/ingest_csv_to_iceberg.py
[2024-04-04T22:59:51.969+0000] {processor.py:830} INFO - Processing file /opt/airflow/dags/ingest_csv_to_iceberg.py for tasks to queue
[2024-04-04T22:59:51.971+0000] {logging_mixin.py:188} INFO - [2024-04-04T22:59:51.971+0000] {dagbag.py:538} INFO - Filling up the DagBag from /opt/airflow/dags/ingest_csv_to_iceberg.py
[2024-04-04T22:59:52.216+0000] {logging_mixin.py:188} INFO - [2024-04-04T22:59:52.216+0000] {ingest_csv_to_iceberg.py:34} INFO - DAG parsing...
[2024-04-04T22:59:52.229+0000] {logging_mixin.py:188} WARNING - /home/airflow/.local/lib/python3.10/site-packages/airflow/models/dagbag.py:344 RemovedInAirflow3Warning: airflow.operators.python.task is deprecated. Please use the following instead

        from airflow.decorators import task
        @task
        def my_task()
[2024-04-04T22:59:52.235+0000] {processor.py:840} INFO - DAG(s) 'ingest_csv_to_iceberg' retrieved from /opt/airflow/dags/ingest_csv_to_iceberg.py
[2024-04-04T22:59:52.257+0000] {logging_mixin.py:188} INFO - [2024-04-04T22:59:52.257+0000] {dag.py:3036} INFO - Sync 1 DAGs
[2024-04-04T22:59:52.270+0000] {logging_mixin.py:188} INFO - [2024-04-04T22:59:52.269+0000] {dag.py:3823} INFO - Setting next_dagrun for ingest_csv_to_iceberg to None, run_after=None
[2024-04-04T22:59:52.295+0000] {processor.py:183} INFO - Processing /opt/airflow/dags/ingest_csv_to_iceberg.py took 0.329 seconds
[2024-04-04T23:00:22.397+0000] {processor.py:161} INFO - Started process (PID=1088) to work on /opt/airflow/dags/ingest_csv_to_iceberg.py
[2024-04-04T23:00:22.403+0000] {processor.py:830} INFO - Processing file /opt/airflow/dags/ingest_csv_to_iceberg.py for tasks to queue
[2024-04-04T23:00:22.407+0000] {logging_mixin.py:188} INFO - [2024-04-04T23:00:22.406+0000] {dagbag.py:538} INFO - Filling up the DagBag from /opt/airflow/dags/ingest_csv_to_iceberg.py
[2024-04-04T23:00:22.756+0000] {logging_mixin.py:188} INFO - [2024-04-04T23:00:22.755+0000] {ingest_csv_to_iceberg.py:34} INFO - DAG parsing...
[2024-04-04T23:00:22.772+0000] {logging_mixin.py:188} WARNING - /home/airflow/.local/lib/python3.10/site-packages/airflow/models/dagbag.py:344 RemovedInAirflow3Warning: airflow.operators.python.task is deprecated. Please use the following instead

        from airflow.decorators import task
        @task
        def my_task()
[2024-04-04T23:00:22.775+0000] {processor.py:840} INFO - DAG(s) 'ingest_csv_to_iceberg' retrieved from /opt/airflow/dags/ingest_csv_to_iceberg.py
[2024-04-04T23:00:22.813+0000] {logging_mixin.py:188} INFO - [2024-04-04T23:00:22.813+0000] {dag.py:3036} INFO - Sync 1 DAGs
[2024-04-04T23:00:22.839+0000] {logging_mixin.py:188} INFO - [2024-04-04T23:00:22.838+0000] {dag.py:3823} INFO - Setting next_dagrun for ingest_csv_to_iceberg to None, run_after=None
[2024-04-04T23:00:22.881+0000] {processor.py:183} INFO - Processing /opt/airflow/dags/ingest_csv_to_iceberg.py took 0.488 seconds
[2024-04-04T23:00:53.277+0000] {processor.py:161} INFO - Started process (PID=1114) to work on /opt/airflow/dags/ingest_csv_to_iceberg.py
[2024-04-04T23:00:53.278+0000] {processor.py:830} INFO - Processing file /opt/airflow/dags/ingest_csv_to_iceberg.py for tasks to queue
[2024-04-04T23:00:53.284+0000] {logging_mixin.py:188} INFO - [2024-04-04T23:00:53.283+0000] {dagbag.py:538} INFO - Filling up the DagBag from /opt/airflow/dags/ingest_csv_to_iceberg.py
[2024-04-04T23:00:53.624+0000] {logging_mixin.py:188} INFO - [2024-04-04T23:00:53.624+0000] {ingest_csv_to_iceberg.py:34} INFO - DAG parsing...
[2024-04-04T23:00:53.642+0000] {logging_mixin.py:188} WARNING - /home/airflow/.local/lib/python3.10/site-packages/airflow/models/dagbag.py:344 RemovedInAirflow3Warning: airflow.operators.python.task is deprecated. Please use the following instead

        from airflow.decorators import task
        @task
        def my_task()
[2024-04-04T23:00:53.649+0000] {processor.py:840} INFO - DAG(s) 'ingest_csv_to_iceberg' retrieved from /opt/airflow/dags/ingest_csv_to_iceberg.py
[2024-04-04T23:00:53.677+0000] {logging_mixin.py:188} INFO - [2024-04-04T23:00:53.676+0000] {dag.py:3036} INFO - Sync 1 DAGs
[2024-04-04T23:00:53.693+0000] {logging_mixin.py:188} INFO - [2024-04-04T23:00:53.692+0000] {dag.py:3823} INFO - Setting next_dagrun for ingest_csv_to_iceberg to None, run_after=None
[2024-04-04T23:00:53.718+0000] {processor.py:183} INFO - Processing /opt/airflow/dags/ingest_csv_to_iceberg.py took 0.445 seconds
[2024-04-04T23:01:24.074+0000] {processor.py:161} INFO - Started process (PID=1140) to work on /opt/airflow/dags/ingest_csv_to_iceberg.py
[2024-04-04T23:01:24.077+0000] {processor.py:830} INFO - Processing file /opt/airflow/dags/ingest_csv_to_iceberg.py for tasks to queue
[2024-04-04T23:01:24.080+0000] {logging_mixin.py:188} INFO - [2024-04-04T23:01:24.079+0000] {dagbag.py:538} INFO - Filling up the DagBag from /opt/airflow/dags/ingest_csv_to_iceberg.py
[2024-04-04T23:01:24.349+0000] {logging_mixin.py:188} INFO - [2024-04-04T23:01:24.349+0000] {ingest_csv_to_iceberg.py:34} INFO - DAG parsing...
[2024-04-04T23:01:24.370+0000] {logging_mixin.py:188} WARNING - /home/airflow/.local/lib/python3.10/site-packages/airflow/models/dagbag.py:344 RemovedInAirflow3Warning: airflow.operators.python.task is deprecated. Please use the following instead

        from airflow.decorators import task
        @task
        def my_task()
[2024-04-04T23:01:24.373+0000] {processor.py:840} INFO - DAG(s) 'ingest_csv_to_iceberg' retrieved from /opt/airflow/dags/ingest_csv_to_iceberg.py
[2024-04-04T23:01:24.398+0000] {logging_mixin.py:188} INFO - [2024-04-04T23:01:24.398+0000] {dag.py:3036} INFO - Sync 1 DAGs
[2024-04-04T23:01:24.414+0000] {logging_mixin.py:188} INFO - [2024-04-04T23:01:24.414+0000] {dag.py:3823} INFO - Setting next_dagrun for ingest_csv_to_iceberg to None, run_after=None
[2024-04-04T23:01:24.452+0000] {processor.py:183} INFO - Processing /opt/airflow/dags/ingest_csv_to_iceberg.py took 0.382 seconds
[2024-04-04T23:01:54.811+0000] {processor.py:161} INFO - Started process (PID=1166) to work on /opt/airflow/dags/ingest_csv_to_iceberg.py
[2024-04-04T23:01:54.813+0000] {processor.py:830} INFO - Processing file /opt/airflow/dags/ingest_csv_to_iceberg.py for tasks to queue
[2024-04-04T23:01:54.815+0000] {logging_mixin.py:188} INFO - [2024-04-04T23:01:54.815+0000] {dagbag.py:538} INFO - Filling up the DagBag from /opt/airflow/dags/ingest_csv_to_iceberg.py
[2024-04-04T23:01:55.076+0000] {logging_mixin.py:188} INFO - [2024-04-04T23:01:55.075+0000] {ingest_csv_to_iceberg.py:34} INFO - DAG parsing...
[2024-04-04T23:01:55.090+0000] {logging_mixin.py:188} WARNING - /home/airflow/.local/lib/python3.10/site-packages/airflow/models/dagbag.py:344 RemovedInAirflow3Warning: airflow.operators.python.task is deprecated. Please use the following instead

        from airflow.decorators import task
        @task
        def my_task()
[2024-04-04T23:01:55.093+0000] {processor.py:840} INFO - DAG(s) 'ingest_csv_to_iceberg' retrieved from /opt/airflow/dags/ingest_csv_to_iceberg.py
[2024-04-04T23:01:55.120+0000] {logging_mixin.py:188} INFO - [2024-04-04T23:01:55.119+0000] {dag.py:3036} INFO - Sync 1 DAGs
[2024-04-04T23:01:55.136+0000] {logging_mixin.py:188} INFO - [2024-04-04T23:01:55.136+0000] {dag.py:3823} INFO - Setting next_dagrun for ingest_csv_to_iceberg to None, run_after=None
[2024-04-04T23:01:55.162+0000] {processor.py:183} INFO - Processing /opt/airflow/dags/ingest_csv_to_iceberg.py took 0.355 seconds
[2024-04-04T23:02:25.500+0000] {processor.py:161} INFO - Started process (PID=1192) to work on /opt/airflow/dags/ingest_csv_to_iceberg.py
[2024-04-04T23:02:25.502+0000] {processor.py:830} INFO - Processing file /opt/airflow/dags/ingest_csv_to_iceberg.py for tasks to queue
[2024-04-04T23:02:25.505+0000] {logging_mixin.py:188} INFO - [2024-04-04T23:02:25.505+0000] {dagbag.py:538} INFO - Filling up the DagBag from /opt/airflow/dags/ingest_csv_to_iceberg.py
[2024-04-04T23:02:25.820+0000] {logging_mixin.py:188} INFO - [2024-04-04T23:02:25.820+0000] {ingest_csv_to_iceberg.py:34} INFO - DAG parsing...
[2024-04-04T23:02:25.835+0000] {logging_mixin.py:188} WARNING - /home/airflow/.local/lib/python3.10/site-packages/airflow/models/dagbag.py:344 RemovedInAirflow3Warning: airflow.operators.python.task is deprecated. Please use the following instead

        from airflow.decorators import task
        @task
        def my_task()
[2024-04-04T23:02:25.839+0000] {processor.py:840} INFO - DAG(s) 'ingest_csv_to_iceberg' retrieved from /opt/airflow/dags/ingest_csv_to_iceberg.py
[2024-04-04T23:02:25.872+0000] {logging_mixin.py:188} INFO - [2024-04-04T23:02:25.872+0000] {dag.py:3036} INFO - Sync 1 DAGs
[2024-04-04T23:02:25.885+0000] {logging_mixin.py:188} INFO - [2024-04-04T23:02:25.885+0000] {dag.py:3823} INFO - Setting next_dagrun for ingest_csv_to_iceberg to None, run_after=None
[2024-04-04T23:02:25.913+0000] {processor.py:183} INFO - Processing /opt/airflow/dags/ingest_csv_to_iceberg.py took 0.416 seconds
[2024-04-04T23:02:56.106+0000] {processor.py:161} INFO - Started process (PID=1218) to work on /opt/airflow/dags/ingest_csv_to_iceberg.py
[2024-04-04T23:02:56.108+0000] {processor.py:830} INFO - Processing file /opt/airflow/dags/ingest_csv_to_iceberg.py for tasks to queue
[2024-04-04T23:02:56.110+0000] {logging_mixin.py:188} INFO - [2024-04-04T23:02:56.110+0000] {dagbag.py:538} INFO - Filling up the DagBag from /opt/airflow/dags/ingest_csv_to_iceberg.py
[2024-04-04T23:02:56.438+0000] {logging_mixin.py:188} INFO - [2024-04-04T23:02:56.438+0000] {ingest_csv_to_iceberg.py:34} INFO - DAG parsing...
[2024-04-04T23:02:56.453+0000] {logging_mixin.py:188} WARNING - /home/airflow/.local/lib/python3.10/site-packages/airflow/models/dagbag.py:344 RemovedInAirflow3Warning: airflow.operators.python.task is deprecated. Please use the following instead

        from airflow.decorators import task
        @task
        def my_task()
[2024-04-04T23:02:56.456+0000] {processor.py:840} INFO - DAG(s) 'ingest_csv_to_iceberg' retrieved from /opt/airflow/dags/ingest_csv_to_iceberg.py
[2024-04-04T23:02:56.480+0000] {logging_mixin.py:188} INFO - [2024-04-04T23:02:56.480+0000] {dag.py:3036} INFO - Sync 1 DAGs
[2024-04-04T23:02:56.605+0000] {logging_mixin.py:188} INFO - [2024-04-04T23:02:56.605+0000] {dag.py:3823} INFO - Setting next_dagrun for ingest_csv_to_iceberg to None, run_after=None
[2024-04-04T23:02:56.633+0000] {processor.py:183} INFO - Processing /opt/airflow/dags/ingest_csv_to_iceberg.py took 0.529 seconds
[2024-04-04T23:03:27.049+0000] {processor.py:161} INFO - Started process (PID=1244) to work on /opt/airflow/dags/ingest_csv_to_iceberg.py
[2024-04-04T23:03:27.050+0000] {processor.py:830} INFO - Processing file /opt/airflow/dags/ingest_csv_to_iceberg.py for tasks to queue
[2024-04-04T23:03:27.052+0000] {logging_mixin.py:188} INFO - [2024-04-04T23:03:27.052+0000] {dagbag.py:538} INFO - Filling up the DagBag from /opt/airflow/dags/ingest_csv_to_iceberg.py
[2024-04-04T23:03:27.342+0000] {logging_mixin.py:188} INFO - [2024-04-04T23:03:27.341+0000] {ingest_csv_to_iceberg.py:34} INFO - DAG parsing...
[2024-04-04T23:03:27.355+0000] {logging_mixin.py:188} WARNING - /home/airflow/.local/lib/python3.10/site-packages/airflow/models/dagbag.py:344 RemovedInAirflow3Warning: airflow.operators.python.task is deprecated. Please use the following instead

        from airflow.decorators import task
        @task
        def my_task()
[2024-04-04T23:03:27.358+0000] {processor.py:840} INFO - DAG(s) 'ingest_csv_to_iceberg' retrieved from /opt/airflow/dags/ingest_csv_to_iceberg.py
[2024-04-04T23:03:27.376+0000] {logging_mixin.py:188} INFO - [2024-04-04T23:03:27.376+0000] {dag.py:3036} INFO - Sync 1 DAGs
[2024-04-04T23:03:27.387+0000] {logging_mixin.py:188} INFO - [2024-04-04T23:03:27.387+0000] {dag.py:3823} INFO - Setting next_dagrun for ingest_csv_to_iceberg to None, run_after=None
[2024-04-04T23:03:27.419+0000] {processor.py:183} INFO - Processing /opt/airflow/dags/ingest_csv_to_iceberg.py took 0.372 seconds
[2024-04-04T23:03:58.153+0000] {processor.py:161} INFO - Started process (PID=1270) to work on /opt/airflow/dags/ingest_csv_to_iceberg.py
[2024-04-04T23:03:58.154+0000] {processor.py:830} INFO - Processing file /opt/airflow/dags/ingest_csv_to_iceberg.py for tasks to queue
[2024-04-04T23:03:58.156+0000] {logging_mixin.py:188} INFO - [2024-04-04T23:03:58.156+0000] {dagbag.py:538} INFO - Filling up the DagBag from /opt/airflow/dags/ingest_csv_to_iceberg.py
[2024-04-04T23:03:58.439+0000] {logging_mixin.py:188} INFO - [2024-04-04T23:03:58.439+0000] {ingest_csv_to_iceberg.py:34} INFO - DAG parsing...
[2024-04-04T23:03:58.454+0000] {logging_mixin.py:188} WARNING - /home/airflow/.local/lib/python3.10/site-packages/airflow/models/dagbag.py:344 RemovedInAirflow3Warning: airflow.operators.python.task is deprecated. Please use the following instead

        from airflow.decorators import task
        @task
        def my_task()
[2024-04-04T23:03:58.457+0000] {processor.py:840} INFO - DAG(s) 'ingest_csv_to_iceberg' retrieved from /opt/airflow/dags/ingest_csv_to_iceberg.py
[2024-04-04T23:03:58.475+0000] {logging_mixin.py:188} INFO - [2024-04-04T23:03:58.475+0000] {dag.py:3036} INFO - Sync 1 DAGs
[2024-04-04T23:03:58.641+0000] {logging_mixin.py:188} INFO - [2024-04-04T23:03:58.641+0000] {dag.py:3823} INFO - Setting next_dagrun for ingest_csv_to_iceberg to None, run_after=None
[2024-04-04T23:03:58.676+0000] {processor.py:183} INFO - Processing /opt/airflow/dags/ingest_csv_to_iceberg.py took 0.528 seconds
[2024-04-04T23:04:29.314+0000] {processor.py:161} INFO - Started process (PID=1296) to work on /opt/airflow/dags/ingest_csv_to_iceberg.py
[2024-04-04T23:04:29.316+0000] {processor.py:830} INFO - Processing file /opt/airflow/dags/ingest_csv_to_iceberg.py for tasks to queue
[2024-04-04T23:04:29.320+0000] {logging_mixin.py:188} INFO - [2024-04-04T23:04:29.319+0000] {dagbag.py:538} INFO - Filling up the DagBag from /opt/airflow/dags/ingest_csv_to_iceberg.py
[2024-04-04T23:04:29.625+0000] {logging_mixin.py:188} INFO - [2024-04-04T23:04:29.625+0000] {ingest_csv_to_iceberg.py:34} INFO - DAG parsing...
[2024-04-04T23:04:29.642+0000] {logging_mixin.py:188} WARNING - /home/airflow/.local/lib/python3.10/site-packages/airflow/models/dagbag.py:344 RemovedInAirflow3Warning: airflow.operators.python.task is deprecated. Please use the following instead

        from airflow.decorators import task
        @task
        def my_task()
[2024-04-04T23:04:29.646+0000] {processor.py:840} INFO - DAG(s) 'ingest_csv_to_iceberg' retrieved from /opt/airflow/dags/ingest_csv_to_iceberg.py
[2024-04-04T23:04:29.672+0000] {logging_mixin.py:188} INFO - [2024-04-04T23:04:29.671+0000] {dag.py:3036} INFO - Sync 1 DAGs
[2024-04-04T23:04:29.686+0000] {logging_mixin.py:188} INFO - [2024-04-04T23:04:29.686+0000] {dag.py:3823} INFO - Setting next_dagrun for ingest_csv_to_iceberg to None, run_after=None
[2024-04-04T23:04:29.721+0000] {processor.py:183} INFO - Processing /opt/airflow/dags/ingest_csv_to_iceberg.py took 0.411 seconds
[2024-04-04T23:05:00.090+0000] {processor.py:161} INFO - Started process (PID=1322) to work on /opt/airflow/dags/ingest_csv_to_iceberg.py
[2024-04-04T23:05:00.091+0000] {processor.py:830} INFO - Processing file /opt/airflow/dags/ingest_csv_to_iceberg.py for tasks to queue
[2024-04-04T23:05:00.093+0000] {logging_mixin.py:188} INFO - [2024-04-04T23:05:00.092+0000] {dagbag.py:538} INFO - Filling up the DagBag from /opt/airflow/dags/ingest_csv_to_iceberg.py
[2024-04-04T23:05:00.260+0000] {logging_mixin.py:188} INFO - [2024-04-04T23:05:00.260+0000] {ingest_csv_to_iceberg.py:34} INFO - DAG parsing...
[2024-04-04T23:05:00.270+0000] {logging_mixin.py:188} WARNING - /home/airflow/.local/lib/python3.10/site-packages/airflow/models/dagbag.py:344 RemovedInAirflow3Warning: airflow.operators.python.task is deprecated. Please use the following instead

        from airflow.decorators import task
        @task
        def my_task()
[2024-04-04T23:05:00.274+0000] {processor.py:840} INFO - DAG(s) 'ingest_csv_to_iceberg' retrieved from /opt/airflow/dags/ingest_csv_to_iceberg.py
[2024-04-04T23:05:00.291+0000] {logging_mixin.py:188} INFO - [2024-04-04T23:05:00.290+0000] {dag.py:3036} INFO - Sync 1 DAGs
[2024-04-04T23:05:00.416+0000] {logging_mixin.py:188} INFO - [2024-04-04T23:05:00.416+0000] {dag.py:3823} INFO - Setting next_dagrun for ingest_csv_to_iceberg to None, run_after=None
[2024-04-04T23:05:00.436+0000] {processor.py:183} INFO - Processing /opt/airflow/dags/ingest_csv_to_iceberg.py took 0.348 seconds
[2024-04-04T23:05:30.812+0000] {processor.py:161} INFO - Started process (PID=1348) to work on /opt/airflow/dags/ingest_csv_to_iceberg.py
[2024-04-04T23:05:30.814+0000] {processor.py:830} INFO - Processing file /opt/airflow/dags/ingest_csv_to_iceberg.py for tasks to queue
[2024-04-04T23:05:30.817+0000] {logging_mixin.py:188} INFO - [2024-04-04T23:05:30.816+0000] {dagbag.py:538} INFO - Filling up the DagBag from /opt/airflow/dags/ingest_csv_to_iceberg.py
[2024-04-04T23:05:31.130+0000] {logging_mixin.py:188} INFO - [2024-04-04T23:05:31.130+0000] {ingest_csv_to_iceberg.py:34} INFO - DAG parsing...
[2024-04-04T23:05:31.150+0000] {logging_mixin.py:188} WARNING - /home/airflow/.local/lib/python3.10/site-packages/airflow/models/dagbag.py:344 RemovedInAirflow3Warning: airflow.operators.python.task is deprecated. Please use the following instead

        from airflow.decorators import task
        @task
        def my_task()
[2024-04-04T23:05:31.159+0000] {processor.py:840} INFO - DAG(s) 'ingest_csv_to_iceberg' retrieved from /opt/airflow/dags/ingest_csv_to_iceberg.py
[2024-04-04T23:05:31.193+0000] {logging_mixin.py:188} INFO - [2024-04-04T23:05:31.193+0000] {dag.py:3036} INFO - Sync 1 DAGs
[2024-04-04T23:05:31.211+0000] {logging_mixin.py:188} INFO - [2024-04-04T23:05:31.210+0000] {dag.py:3823} INFO - Setting next_dagrun for ingest_csv_to_iceberg to None, run_after=None
[2024-04-04T23:05:31.246+0000] {processor.py:183} INFO - Processing /opt/airflow/dags/ingest_csv_to_iceberg.py took 0.438 seconds
[2024-04-04T23:06:01.679+0000] {processor.py:161} INFO - Started process (PID=1374) to work on /opt/airflow/dags/ingest_csv_to_iceberg.py
[2024-04-04T23:06:01.681+0000] {processor.py:830} INFO - Processing file /opt/airflow/dags/ingest_csv_to_iceberg.py for tasks to queue
[2024-04-04T23:06:01.686+0000] {logging_mixin.py:188} INFO - [2024-04-04T23:06:01.685+0000] {dagbag.py:538} INFO - Filling up the DagBag from /opt/airflow/dags/ingest_csv_to_iceberg.py
[2024-04-04T23:06:02.123+0000] {logging_mixin.py:188} INFO - [2024-04-04T23:06:02.122+0000] {ingest_csv_to_iceberg.py:34} INFO - DAG parsing...
[2024-04-04T23:06:02.138+0000] {logging_mixin.py:188} WARNING - /home/airflow/.local/lib/python3.10/site-packages/airflow/models/dagbag.py:344 RemovedInAirflow3Warning: airflow.operators.python.task is deprecated. Please use the following instead

        from airflow.decorators import task
        @task
        def my_task()
[2024-04-04T23:06:02.142+0000] {processor.py:840} INFO - DAG(s) 'ingest_csv_to_iceberg' retrieved from /opt/airflow/dags/ingest_csv_to_iceberg.py
[2024-04-04T23:06:02.174+0000] {logging_mixin.py:188} INFO - [2024-04-04T23:06:02.173+0000] {dag.py:3036} INFO - Sync 1 DAGs
[2024-04-04T23:06:02.360+0000] {logging_mixin.py:188} INFO - [2024-04-04T23:06:02.360+0000] {dag.py:3823} INFO - Setting next_dagrun for ingest_csv_to_iceberg to None, run_after=None
[2024-04-04T23:06:02.399+0000] {processor.py:183} INFO - Processing /opt/airflow/dags/ingest_csv_to_iceberg.py took 0.725 seconds
